^DBTBL("SYSDEV",5,"DBARCHIST")="Archive History Report"
^DBTBL("SYSDEV",5,"DBARCHIST",-5)="1|1||64,0,0,0,0,0|10|11|65|11|103|||0|132"
^DBTBL("SYSDEV",5,"DBARCHIST",0)="DBARCHIST||||132|60|0|0|0|7.0|||0|||1|0|1"
^DBTBL("SYSDEV",5,"DBARCHIST",1)="[SYSDEV,DBARCHIST]ARCHTBL|1|1|*|A"
^DBTBL("SYSDEV",5,"DBARCHIST",2)="[SYSDEV,DBARCHIST]ARCHSEQ|0|1|*|A"
^DBTBL("SYSDEV",5,"DBARCHIST",31)="[DBARCHIST]ARCHTBL <<**>>"
^DBTBL("SYSDEV",5,"DBARCHIST",31.001)="[DBARCHIST]BEGDAT <<**>>"
^DBTBL("SYSDEV",5,"DBARCHIST","@PH",0)="3,1,1"
^DBTBL("SYSDEV",5,"DBARCHIST","@PH",101)="1001|@1|45|T||@1|<<$G(CONAM)>>"
^DBTBL("SYSDEV",5,"DBARCHIST","@PH",102)="1101|@2|9|T||@2|Run Date:"
^DBTBL("SYSDEV",5,"DBARCHIST","@PH",103)="1111|@3|10|T||@3|<<vrundate>>"
^DBTBL("SYSDEV",5,"DBARCHIST","@PH",104)="1124|@4|8|T||@4|<<%TIM>>"
^DBTBL("SYSDEV",5,"DBARCHIST","@PH",105)="2001|@5|80|T||@5|<<RN>>  (<<RID>>)"
^DBTBL("SYSDEV",5,"DBARCHIST","@PH",106)="2103|@6|7|T||@6|System:"
^DBTBL("SYSDEV",5,"DBARCHIST","@PH",107)="2111|@7|10|T||@7|<<vsysdate>>"
^DBTBL("SYSDEV",5,"DBARCHIST","@PH",108)="2123|@8|5|T||@8|Page:"
^DBTBL("SYSDEV",5,"DBARCHIST","@PH",109)="2129|@9|3|N||@9|<<VPN,N,3>>"
^DBTBL("SYSDEV",5,"DBARCHIST","@RS",0)="1,1,1"
^DBTBL("SYSDEV",5,"DBARCHIST","[SYSDEV,DBARCHIST]ARCHSEQ",0)="4,1,3"
^DBTBL("SYSDEV",5,"DBARCHIST","[SYSDEV,DBARCHIST]ARCHSEQ",101)="1001|@10|16|T||@10|Archive Table:  "
^DBTBL("SYSDEV",5,"DBARCHIST","[SYSDEV,DBARCHIST]ARCHSEQ",102)="1017|ARCHTBL|80|T||[SYSDEV,DBARCHIST]ARCHTBL|"
^DBTBL("SYSDEV",5,"DBARCHIST","[SYSDEV,DBARCHIST]ARCHSEQ",103)="3004|@11|3|T||@11|Seq"
^DBTBL("SYSDEV",5,"DBARCHIST","[SYSDEV,DBARCHIST]ARCHSEQ",104)="3009|@12|20|T||@12|------  Start ------"
^DBTBL("SYSDEV",5,"DBARCHIST","[SYSDEV,DBARCHIST]ARCHSEQ",105)="3033|@13|20|T||@13|------- End --------"
^DBTBL("SYSDEV",5,"DBARCHIST","[SYSDEV,DBARCHIST]ARCHSEQ",106)="3057|@14|40|T||@14|Primary Records         Archived Records"
^DBTBL("SYSDEV",5,"DBARCHIST","[SYSDEV,DBARCHIST]ARCHSEQ",107)="3101|@15|7|T||@15|Stopped"
^DBTBL("SYSDEV",5,"DBARCHIST","[SYSDEV,DBARCHIST]ARCHSEQ",108)="4001|@16|132|T||@16|@CHR(=,132)"
^DBTBL("SYSDEV",5,"DBARCHIST","[SYSDEV,DBARCHIST]ARCHSEQ",109)="6001|ARCHSEQ|6|N||[SYSDEV,DBARCHIST]ARCHSEQ|"
^DBTBL("SYSDEV",5,"DBARCHIST","[SYSDEV,DBARCHIST]ARCHSEQ",110)="6009|BEGDAT|10|D||[SYSDEV,DBARCHIST]BEGDAT|"
^DBTBL("SYSDEV",5,"DBARCHIST","[SYSDEV,DBARCHIST]ARCHSEQ",111)="6021|BEGTIM|8|C||[SYSDEV,DBARCHIST]BEGTIM|"
^DBTBL("SYSDEV",5,"DBARCHIST","[SYSDEV,DBARCHIST]ARCHSEQ",112)="6033|ENDDAT|10|D||[SYSDEV,DBARCHIST]ENDDAT|"
^DBTBL("SYSDEV",5,"DBARCHIST","[SYSDEV,DBARCHIST]ARCHSEQ",113)="6045|ENDTIM|8|C||[SYSDEV,DBARCHIST]ENDTIM|"
^DBTBL("SYSDEV",5,"DBARCHIST","[SYSDEV,DBARCHIST]ARCHSEQ",114)="6057|PRIMCNT|15|E,RD0||[SYSDEV,DBARCHIST]PRIMCNT|"
^DBTBL("SYSDEV",5,"DBARCHIST","[SYSDEV,DBARCHIST]ARCHSEQ",115)="6079|RECCNT|18|E,RD0||[SYSDEV,DBARCHIST]RECCNT|"
^DBTBL("SYSDEV",5,"DBARCHIST","[SYSDEV,DBARCHIST]ARCHSEQ",116)="6103|@17|3|T||@17|<<STP>>||1"
^DBTBL("SYSDEV",5,"DBARCHIST","[SYSDEV,DBARCHIST]ARCHSEQ",116,1)=$C(9)_"type public String STP"
^DBTBL("SYSDEV",5,"DBARCHIST","[SYSDEV,DBARCHIST]ARCHSEQ",116,2)=""
^DBTBL("SYSDEV",5,"DBARCHIST","[SYSDEV,DBARCHIST]ARCHSEQ",116,3)=$C(9)_"if rwrs.getCol(""DBARCHIST.STOPPED"") set STP = ""Yes"""
^DBTBL("SYSDEV",5,"DBARCHIST","[SYSDEV,DBARCHIST]ARCHSEQ",116,4)=$C(9)_"else  set STP = """""
^DBTBL("SYSDEV",5,"DBARCHIST","[SYSDEV,DBARCHIST]ARCHSEQ",116,5)=""
^DBTBL("SYSDEV",5,"DBARCHIST","[SYSDEV,DBARCHIST]ARCHSEQ",116,6)=$C(9)_"quit"
^DBTBL("SYSDEV",5,"DBARCHIST","[SYSDEV,DBARCHIST]ARCHSEQ",117)="9075|@18|22|T||@18|----------------------"
^DBTBL("SYSDEV",5,"DBARCHIST","[SYSDEV,DBARCHIST]ARCHSEQ",118)="10050|@19|22|T||@19|Total Archived Records"
^DBTBL("SYSDEV",5,"DBARCHIST","[SYSDEV,DBARCHIST]ARCHSEQ",119)="10075|@20|22|E,RD0||@20|@TOT([DBARCHIST]RECCNT,,E,RD0,22)"
