^DBTBL("SYSDEV",5,"DBSEXPLST")="Export File List"
^DBTBL("SYSDEV",5,"DBSEXPLST",-5)="1|1|2|64,0,0,0,0,0|10|11|39|13|18|||0|132"
^DBTBL("SYSDEV",5,"DBSEXPLST",0)="DBTBL17,DBTBL17H|||0|132|60|0|0|0|5.0|||0|||1|0"
^DBTBL("SYSDEV",5,"DBSEXPLST",1)="[SYSDEV,DBTBL17]%LIBS|1|1|*|A"
^DBTBL("SYSDEV",5,"DBSEXPLST",2)="[SYSDEV,DBTBL17]17|1|1|*|A"
^DBTBL("SYSDEV",5,"DBSEXPLST",3)="[SYSDEV,DBTBL17]EXPID|1|0|*|A"
^DBTBL("SYSDEV",5,"DBSEXPLST",4)="[SYSDEV,DBTBL17]SEQ|0|0|*|A"
^DBTBL("SYSDEV",5,"DBSEXPLST",31)="[DBTBL17]%LIBS=""SYSDEV"""
^DBTBL("SYSDEV",5,"DBSEXPLST",32)="[DBTBL17]EXPID <<**/TAB=[DBTBL17H]>>"
^DBTBL("SYSDEV",5,"DBSEXPLST","@PH",0)="5,1,1"
^DBTBL("SYSDEV",5,"DBSEXPLST","@PH",101)="1001|@1|45|T||@1|<<$G(CONAM)>>"
^DBTBL("SYSDEV",5,"DBSEXPLST","@PH",102)="1101|@2|9|T||@2|Run Date:"
^DBTBL("SYSDEV",5,"DBSEXPLST","@PH",103)="1111|@3|10|T||@3|<<vrundate>>"
^DBTBL("SYSDEV",5,"DBSEXPLST","@PH",104)="1124|@4|8|T||@4|<<%TIM>>"
^DBTBL("SYSDEV",5,"DBSEXPLST","@PH",105)="2001|@5|80|T||@5|<<RN>>  (<<RID>>)"
^DBTBL("SYSDEV",5,"DBSEXPLST","@PH",106)="2103|@6|7|T||@6|System:"
^DBTBL("SYSDEV",5,"DBSEXPLST","@PH",107)="2111|@7|10|T||@7|<<vsysdate>>"
^DBTBL("SYSDEV",5,"DBSEXPLST","@PH",108)="2123|@8|5|T||@8|Page:"
^DBTBL("SYSDEV",5,"DBSEXPLST","@PH",109)="2129|@9|3|N||@9|<<VPN,N,3>>"
^DBTBL("SYSDEV",5,"DBSEXPLST","@PH",110)="4005|@10|11|T||@10|Export Name"
^DBTBL("SYSDEV",5,"DBSEXPLST","@PH",111)="4022|@11|11|T||@11|Description"
^DBTBL("SYSDEV",5,"DBSEXPLST","@PH",112)="4091|@12|12|T||@12|Last Updated"
^DBTBL("SYSDEV",5,"DBSEXPLST","@PH",113)="4106|@13|4|T||@13|User"
^DBTBL("SYSDEV",5,"DBSEXPLST","@PH",114)="5001|@14|132|T||@14|@CHR(-,132)"
^DBTBL("SYSDEV",5,"DBSEXPLST","@RS",0)="1,1,1"
^DBTBL("SYSDEV",5,"DBSEXPLST","[SYSDEV,DBTBL17]%LIBS",0)="1,1,1"
^DBTBL("SYSDEV",5,"DBSEXPLST","[SYSDEV,DBTBL17]17",0)="1,1,1"
^DBTBL("SYSDEV",5,"DBSEXPLST","[SYSDEV,DBTBL17]EXPID",0)="1,1,1"
^DBTBL("SYSDEV",5,"DBSEXPLST","[SYSDEV,DBTBL17]SEQ",0)="6,1,1"
^DBTBL("SYSDEV",5,"DBSEXPLST","[SYSDEV,DBTBL17]SEQ",26)=3
^DBTBL("SYSDEV",5,"DBSEXPLST","[SYSDEV,DBTBL17]SEQ",101)="1005|EXPID|12|T||[SYSDEV,DBTBL17]EXPID|"
^DBTBL("SYSDEV",5,"DBSEXPLST","[SYSDEV,DBTBL17]SEQ",102)="1021|DESC|65|T||[SYSDEV,DBTBL17H]DESC|"
^DBTBL("SYSDEV",5,"DBSEXPLST","[SYSDEV,DBTBL17]SEQ",103)="1093|TLD|10|D||[SYSDEV,DBTBL17H]TLD|"
^DBTBL("SYSDEV",5,"DBSEXPLST","[SYSDEV,DBTBL17]SEQ",104)="1105|USER|20|T||[SYSDEV,DBTBL17H]USER|"
^DBTBL("SYSDEV",5,"DBSEXPLST","[SYSDEV,DBTBL17]SEQ",105)="3021|@15|80|M||@15|<<COMMENT,M,80>>||1"
^DBTBL("SYSDEV",5,"DBSEXPLST","[SYSDEV,DBTBL17]SEQ",105,1)=$C(9)_"type Public String COMMENT"
^DBTBL("SYSDEV",5,"DBSEXPLST","[SYSDEV,DBTBL17]SEQ",105,2)=""
^DBTBL("SYSDEV",5,"DBSEXPLST","[SYSDEV,DBTBL17]SEQ",105,3)=$C(9)_"type String EXPID"
^DBTBL("SYSDEV",5,"DBSEXPLST","[SYSDEV,DBTBL17]SEQ",105,4)=""
^DBTBL("SYSDEV",5,"DBSEXPLST","[SYSDEV,DBTBL17]SEQ",105,5)=$C(9)_"set EXPID = rwrs.getCol(""DBTBL17.EXPID"")"
^DBTBL("SYSDEV",5,"DBSEXPLST","[SYSDEV,DBTBL17]SEQ",105,6)=""
^DBTBL("SYSDEV",5,"DBSEXPLST","[SYSDEV,DBTBL17]SEQ",105,7)=$C(9)_"type RecordDBTBL17C dbtbl17c = Db.getRecord(""DBTBL17C"", ""%LIBS='SYSDEV',EXPID=:EXPID"", 1)"
^DBTBL("SYSDEV",5,"DBSEXPLST","[SYSDEV,DBTBL17]SEQ",105,8)=""
^DBTBL("SYSDEV",5,"DBSEXPLST","[SYSDEV,DBTBL17]SEQ",105,9)=$C(9)_"set COMMENT = dbtbl17c.cmt"
^DBTBL("SYSDEV",5,"DBSEXPLST","[SYSDEV,DBTBL17]SEQ",105,10)=""
^DBTBL("SYSDEV",5,"DBSEXPLST","[SYSDEV,DBTBL17]SEQ",105,11)=$C(9)_"quit"
^DBTBL("SYSDEV",5,"DBSEXPLST","[SYSDEV,DBTBL17]SEQ",106)="5016|@16|23|T||@16|Type           Names(s)"
^DBTBL("SYSDEV",5,"DBSEXPLST","[SYSDEV,DBTBL17]SEQ",107)="6016|@17|10|T||@17|=========="
^DBTBL("SYSDEV",5,"DBSEXPLST","[SYSDEV,DBTBL17]SEQ",108)="6031|@18|65|T||@18|================================================================="
^DBTBL("SYSDEV",5,"DBSEXPLST","[SYSDEV,DBTBL17]SEQ",109)="8016|TYPE|10|T||[SYSDEV,DBTBL17]TYPE|"
^DBTBL("SYSDEV",5,"DBSEXPLST","[SYSDEV,DBTBL17]SEQ",110)="8031|NAMES|65|T||[SYSDEV,DBTBL17]NAMES|"
^DBTBL("SYSDEV",5,"DBSEXPLST","[SYSDEV,DBTBL17]SEQ",111)="8103|@19|10|T||@19|<<ZDEL>>||1"
^DBTBL("SYSDEV",5,"DBSEXPLST","[SYSDEV,DBTBL17]SEQ",111,1)=$C(9)_"type public String ZDEL"
^DBTBL("SYSDEV",5,"DBSEXPLST","[SYSDEV,DBTBL17]SEQ",111,2)=""
^DBTBL("SYSDEV",5,"DBSEXPLST","[SYSDEV,DBTBL17]SEQ",111,3)=$C(9)_"// Delete"
^DBTBL("SYSDEV",5,"DBSEXPLST","[SYSDEV,DBTBL17]SEQ",111,4)=$C(9)_"if rwrs.getCol(""DBTBL17.DELFLG"") set ZDEL = $$^MSG(3660)"
^DBTBL("SYSDEV",5,"DBSEXPLST","[SYSDEV,DBTBL17]SEQ",111,5)=$C(9)_"else  set ZDEL = """""
^DBTBL("SYSDEV",5,"DBSEXPLST","[SYSDEV,DBTBL17]SEQ",111,6)=""
^DBTBL("SYSDEV",5,"DBSEXPLST","[SYSDEV,DBTBL17]SEQ",111,7)=$C(9)_"quit"
