^DBTBL("SYSDEV",5,"DBSFKLST")="List Foreign Key Defn by Child File"
^DBTBL("SYSDEV",5,"DBSFKLST",-5)="1|1|2|64,0,0,0,0,0|10|11|65|7|81|||0|132"
^DBTBL("SYSDEV",5,"DBSFKLST",0)="DBTBL1F,DBTBL1|||0|132|60|0|0|0|V5.2|||0|||1|0|0"
^DBTBL("SYSDEV",5,"DBSFKLST",1)="[SYSDEV,DBTBL1F]%LIBS|1|1|*|A"
^DBTBL("SYSDEV",5,"DBSFKLST",2)="[SYSDEV,DBTBL1F]19|1|1|*|A"
^DBTBL("SYSDEV",5,"DBSFKLST",3)="[SYSDEV,DBTBL1F]FID|0|1|*|A"
^DBTBL("SYSDEV",5,"DBSFKLST",4)="[SYSDEV,DBTBL1F]FKEYS|0|1|*|A"
^DBTBL("SYSDEV",5,"DBSFKLST",31)="[DBTBL1F]FID <<**>>"
^DBTBL("SYSDEV",5,"DBSFKLST","@PH",0)="6,1,1"
^DBTBL("SYSDEV",5,"DBSFKLST","@PH",101)="1001|@1|45|T||@1|<<$G(CONAM)>>"
^DBTBL("SYSDEV",5,"DBSFKLST","@PH",102)="1101|@2|9|T||@2|Run Date:"
^DBTBL("SYSDEV",5,"DBSFKLST","@PH",103)="1111|@3|10|T||@3|<<vrundate>>"
^DBTBL("SYSDEV",5,"DBSFKLST","@PH",104)="1124|@4|8|T||@4|<<%TIM>>"
^DBTBL("SYSDEV",5,"DBSFKLST","@PH",105)="2001|@5|80|T||@5|<<RN>>  (<<RID>>)"
^DBTBL("SYSDEV",5,"DBSFKLST","@PH",106)="2103|@6|7|T||@6|System:"
^DBTBL("SYSDEV",5,"DBSFKLST","@PH",107)="2111|@7|10|T||@7|<<vsysdate>>"
^DBTBL("SYSDEV",5,"DBSFKLST","@PH",108)="2123|@8|5|T||@8|Page:"
^DBTBL("SYSDEV",5,"DBSFKLST","@PH",109)="2129|@9|3|N||@9|<<VPN,N,3>>"
^DBTBL("SYSDEV",5,"DBSFKLST","@PH",110)="4071|@10|7|T||@10|Foreign"
^DBTBL("SYSDEV",5,"DBSFKLST","@PH",111)="5002|@11|9|T||@11|File Name"
^DBTBL("SYSDEV",5,"DBSFKLST","@PH",112)="5024|@12|21|T||@12|Foreign Key Reference"
^DBTBL("SYSDEV",5,"DBSFKLST","@PH",113)="5067|@13|16|T||@13|File Name (Keys)"
^DBTBL("SYSDEV",5,"DBSFKLST","@PH",114)="5105|@14|10|T||@14|Constraint"
^DBTBL("SYSDEV",5,"DBSFKLST","@PH",115)="6001|@15|132|T||@15|@CHR(-,132)"
^DBTBL("SYSDEV",5,"DBSFKLST","@RS",0)="1,1,1"
^DBTBL("SYSDEV",5,"DBSFKLST","[SYSDEV,DBTBL1F]%LIBS",0)="3,3,3"
^DBTBL("SYSDEV",5,"DBSFKLST","[SYSDEV,DBTBL1F]19",0)="3,3,3"
^DBTBL("SYSDEV",5,"DBSFKLST","[SYSDEV,DBTBL1F]FID",0)="3,3,3"
^DBTBL("SYSDEV",5,"DBSFKLST","[SYSDEV,DBTBL1F]FKEYS",0)="1,3,1"
^DBTBL("SYSDEV",5,"DBSFKLST","[SYSDEV,DBTBL1F]FKEYS",101)="1002|FID|50|T||[SYSDEV,DBTBL1F]FID|"
^DBTBL("SYSDEV",5,"DBSFKLST","[SYSDEV,DBTBL1F]FKEYS",102)="1055|DES|40|T||[SYSDEV,DBTBL1]DES|"
^DBTBL("SYSDEV",5,"DBSFKLST","[SYSDEV,DBTBL1F]FKEYS",103)="3024|FKEYS|40|T||[SYSDEV,DBTBL1F]FKEYS|"
^DBTBL("SYSDEV",5,"DBSFKLST","[SYSDEV,DBTBL1F]FKEYS",104)="3067|@16|30|T||@16|<<zref>>||1"
^DBTBL("SYSDEV",5,"DBSFKLST","[SYSDEV,DBTBL1F]FKEYS",104,1)=$C(9)_"type Public String zref"
^DBTBL("SYSDEV",5,"DBSFKLST","[SYSDEV,DBTBL1F]FKEYS",104,1.001)=""
^DBTBL("SYSDEV",5,"DBSFKLST","[SYSDEV,DBTBL1F]FKEYS",104,1.002)=$C(9)_"set zref=rwrs.getCol(""DBTBL1F.TBLREF"")_"" (""_rwrs.getCol(""DBTBL1F.PKEYS"")_"")"""
^DBTBL("SYSDEV",5,"DBSFKLST","[SYSDEV,DBTBL1F]FKEYS",105)="3105|@17|9|T||@17|Update : "
^DBTBL("SYSDEV",5,"DBSFKLST","[SYSDEV,DBTBL1F]FKEYS",106)="3114|UPD|1|N||[SYSDEV,DBTBL1F]UPD|"
^DBTBL("SYSDEV",5,"DBSFKLST","[SYSDEV,DBTBL1F]FKEYS",107)="3118|@18|12|T||@18|@TBL([DBTBL1F]UPD)"
^DBTBL("SYSDEV",5,"DBSFKLST","[SYSDEV,DBTBL1F]FKEYS",108)="4105|@19|9|T||@19|Delete : "
^DBTBL("SYSDEV",5,"DBSFKLST","[SYSDEV,DBTBL1F]FKEYS",109)="4114|DEL|1|N||[SYSDEV,DBTBL1F]DEL|"
^DBTBL("SYSDEV",5,"DBSFKLST","[SYSDEV,DBTBL1F]FKEYS",110)="4118|@20|12|T||@20|@TBL([DBTBL1F]DEL)"
