^DBTBL("SYSDEV",5,"DBSIDXLST")="Index File Definition Listing"
^DBTBL("SYSDEV",5,"DBSIDXLST",-5)="1|1|0|64,0,0,0,0,0|10|11|65|14|105|||0|132"
^DBTBL("SYSDEV",5,"DBSIDXLST",0)="DBTBL8|||0|132|60|0|0|0|5.0|||0|||1|0|0"
^DBTBL("SYSDEV",5,"DBSIDXLST",1)="[SYSDEV,DBTBL8]%LIBS|1|1|*|A"
^DBTBL("SYSDEV",5,"DBSIDXLST",2)="[SYSDEV,DBTBL8]8|1|1|*|A"
^DBTBL("SYSDEV",5,"DBSIDXLST",3)="[SYSDEV,DBTBL8]FID|1|1|*|A"
^DBTBL("SYSDEV",5,"DBSIDXLST",4)="[SYSDEV,DBTBL8]INDEXNM|0|1|1|A"
^DBTBL("SYSDEV",5,"DBSIDXLST",31)="[DBTBL8]%LIBS <<**/DEF=%LIBS>>"
^DBTBL("SYSDEV",5,"DBSIDXLST",32)="[DBTBL8]INDEXNM>0"
^DBTBL("SYSDEV",5,"DBSIDXLST",33)="[DBTBL8]FID <<**>>"
^DBTBL("SYSDEV",5,"DBSIDXLST",111)=$C(9)_"//Incoming=%Library"
^DBTBL("SYSDEV",5,"DBSIDXLST","@PH",0)="7,1,1"
^DBTBL("SYSDEV",5,"DBSIDXLST","@PH",101)="1001|@1|45|T||@1|<<$G(CONAM)>>"
^DBTBL("SYSDEV",5,"DBSIDXLST","@PH",102)="1101|@2|9|T||@2|Run Date:"
^DBTBL("SYSDEV",5,"DBSIDXLST","@PH",103)="1111|@3|10|T||@3|<<vrundate>>"
^DBTBL("SYSDEV",5,"DBSIDXLST","@PH",104)="1124|@4|8|T||@4|<<%TIM>>"
^DBTBL("SYSDEV",5,"DBSIDXLST","@PH",105)="2001|@5|80|T||@5|<<RN>>  (<<RID>>)"
^DBTBL("SYSDEV",5,"DBSIDXLST","@PH",106)="2103|@6|7|T||@6|System:"
^DBTBL("SYSDEV",5,"DBSIDXLST","@PH",107)="2111|@7|10|T||@7|<<vsysdate>>"
^DBTBL("SYSDEV",5,"DBSIDXLST","@PH",108)="2123|@8|5|T||@8|Page:"
^DBTBL("SYSDEV",5,"DBSIDXLST","@PH",109)="2129|@9|3|N||@9|<<VPN,N,3>>"
^DBTBL("SYSDEV",5,"DBSIDXLST","@PH",110)="5002|@10|12|T||@10|Primary File"
^DBTBL("SYSDEV",5,"DBSIDXLST","@PH",111)="5017|@11|5|T||@11|Index"
^DBTBL("SYSDEV",5,"DBSIDXLST","@PH",112)="5034|@12|11|T||@12|Description"
^DBTBL("SYSDEV",5,"DBSIDXLST","@PH",113)="5064|@13|8|T||@13|Order By"
^DBTBL("SYSDEV",5,"DBSIDXLST","@PH",114)="5105|@14|14|T||@14|Supertype file"
^DBTBL("SYSDEV",5,"DBSIDXLST","@PH",115)="5125|@15|6|T||@15|Global"
^DBTBL("SYSDEV",5,"DBSIDXLST","@PH",116)="6001|@16|132|T||@16|@CHR(=,132)"
^DBTBL("SYSDEV",5,"DBSIDXLST","@RS",0)="1,1,1"
^DBTBL("SYSDEV",5,"DBSIDXLST","[SYSDEV,DBTBL8]%LIBS",0)="3,3,3"
^DBTBL("SYSDEV",5,"DBSIDXLST","[SYSDEV,DBTBL8]8",0)="1,1,1"
^DBTBL("SYSDEV",5,"DBSIDXLST","[SYSDEV,DBTBL8]FID",0)="3,3,3"
^DBTBL("SYSDEV",5,"DBSIDXLST","[SYSDEV,DBTBL8]INDEXNM",0)="1,3,1"
^DBTBL("SYSDEV",5,"DBSIDXLST","[SYSDEV,DBTBL8]INDEXNM",26)="4-6,7-8"
^DBTBL("SYSDEV",5,"DBSIDXLST","[SYSDEV,DBTBL8]INDEXNM",101)="1002|FID|30|T||[SYSDEV,DBTBL8]FID|"
^DBTBL("SYSDEV",5,"DBSIDXLST","[SYSDEV,DBTBL8]INDEXNM",102)="1034|@17|40|T||@17|<<DESC>>||1"
^DBTBL("SYSDEV",5,"DBSIDXLST","[SYSDEV,DBTBL8]INDEXNM",102,1)=$C(9)_"type public String DESC"
^DBTBL("SYSDEV",5,"DBSIDXLST","[SYSDEV,DBTBL8]INDEXNM",102,2)=$C(9)
^DBTBL("SYSDEV",5,"DBSIDXLST","[SYSDEV,DBTBL8]INDEXNM",102,3)=$C(9)_"type String FID = rwrs.getCol(""DBTBL8.FID"")"
^DBTBL("SYSDEV",5,"DBSIDXLST","[SYSDEV,DBTBL8]INDEXNM",102,4)=""
^DBTBL("SYSDEV",5,"DBSIDXLST","[SYSDEV,DBTBL8]INDEXNM",102,5)=$C(9)_"type RecordDBTBL1 dbtbl1 = Db.getRecord(""DBTBL1"", ""%LIBS='SYSDEV',FID=:FID"", 1)"
^DBTBL("SYSDEV",5,"DBSIDXLST","[SYSDEV,DBTBL8]INDEXNM",102,6)=""
^DBTBL("SYSDEV",5,"DBSIDXLST","[SYSDEV,DBTBL8]INDEXNM",102,7)=$C(9)_"set DESC = dbtbl1.des"
^DBTBL("SYSDEV",5,"DBSIDXLST","[SYSDEV,DBTBL8]INDEXNM",102,8)=""
^DBTBL("SYSDEV",5,"DBSIDXLST","[SYSDEV,DBTBL8]INDEXNM",102,9)=$C(9)_"quit"_$C(9)
^DBTBL("SYSDEV",5,"DBSIDXLST","[SYSDEV,DBTBL8]INDEXNM",102,10)=""
^DBTBL("SYSDEV",5,"DBSIDXLST","[SYSDEV,DBTBL8]INDEXNM",102,11)=$C(9)
^DBTBL("SYSDEV",5,"DBSIDXLST","[SYSDEV,DBTBL8]INDEXNM",102,12)=$C(9)
^DBTBL("SYSDEV",5,"DBSIDXLST","[SYSDEV,DBTBL8]INDEXNM",103)="3017|@18|113|T||@18|-----------------------------------------------------------------------------------------------------------------"
^DBTBL("SYSDEV",5,"DBSIDXLST","[SYSDEV,DBTBL8]INDEXNM",104)="4017|INDEXNM|16|T||[SYSDEV,DBTBL8]INDEXNM|"
^DBTBL("SYSDEV",5,"DBSIDXLST","[SYSDEV,DBTBL8]INDEXNM",105)="4034|IDXDESC|29|T||[SYSDEV,DBTBL8]IDXDESC|"
^DBTBL("SYSDEV",5,"DBSIDXLST","[SYSDEV,DBTBL8]INDEXNM",106)="4064|ORDERBY|60|T||[SYSDEV,DBTBL8]ORDERBY|"
^DBTBL("SYSDEV",5,"DBSIDXLST","[SYSDEV,DBTBL8]INDEXNM",107)="4125|GLOBAL|8|T||[SYSDEV,DBTBL8]GLOBAL|"
^DBTBL("SYSDEV",5,"DBSIDXLST","[SYSDEV,DBTBL8]INDEXNM",108)="5105|PARFID|8|T||[SYSDEV,DBTBL8]PARFID|"
^DBTBL("SYSDEV",5,"DBSIDXLST","[SYSDEV,DBTBL8]INDEXNM",109)="7017|@19|113|T||@19|-----------------------------------------------------------------------------------------------------------------"
^DBTBL("SYSDEV",5,"DBSIDXLST","[SYSDEV,DBTBL8]LIBS",0)="3,3,3"
^DBTBL("SYSDEV",5,"DBSIDXLST","[SYSDEV,DBTBL8]PFID",0)="2,1,1"
^DBTBL("SYSDEV",5,"DBSIDXLST","[SYSDEV,DBTBL8]PSFILE",0)="3,3,3"
^DBTBL("SYSDEV",5,"DBSIDXLST","[SYSDEV,DBTBL8]SEQ",0)="3,2,1"
^DBTBL("SYSDEV",5,"DBSIDXLST","[SYSDEV,DBTBL8]ZLIBS",0)="3,3,3"
