^DBTBL("SYSDEV",5,"DBSSPLST")="Stored Procedure Definition"
^DBTBL("SYSDEV",5,"DBSSPLST",-5)="6|1|2|64,0,0,0,0,0|10|11|65|8|4|||0|132"
^DBTBL("SYSDEV",5,"DBSSPLST",0)="DBTBLSP|||0|132|60|0|0|0|5.1|||0|||1|0|1"
^DBTBL("SYSDEV",5,"DBSSPLST",1)="[SYSDEV,DBTBLSP]PID|1|1|*|A"
^DBTBL("SYSDEV",5,"DBSSPLST",31)="[DBTBLSP]PID <<**>>"
^DBTBL("SYSDEV",5,"DBSSPLST",32)="[DBTBLSP]SPTYPE <<**>>"
^DBTBL("SYSDEV",5,"DBSSPLST",33)="[DBTBLSP]HVARS <<**>>"
^DBTBL("SYSDEV",5,"DBSSPLST",34)="[DBTBLSP]PARS <<**>>"
^DBTBL("SYSDEV",5,"DBSSPLST",35)="[DBTBLSP]LTD <<**>>"
^DBTBL("SYSDEV",5,"DBSSPLST",36)="[DBTBLSP]TIME <<**>>"
^DBTBL("SYSDEV",5,"DBSSPLST",37)="[DBTBLSP]SQLSTMT <<**>>"
^DBTBL("SYSDEV",5,"DBSSPLST",38)="[DBTBLSP]HASHKEY <<**>>"
^DBTBL("SYSDEV",5,"DBSSPLST","@PH",0)="6,1,1"
^DBTBL("SYSDEV",5,"DBSSPLST","@PH",101)="1001|@1|45|T||@1|<<$G(CONAM)>>"
^DBTBL("SYSDEV",5,"DBSSPLST","@PH",102)="1101|@2|9|T||@2|Run Date:"
^DBTBL("SYSDEV",5,"DBSSPLST","@PH",103)="1111|@3|10|T||@3|<<vrundate>>"
^DBTBL("SYSDEV",5,"DBSSPLST","@PH",104)="1124|@4|8|T||@4|<<%TIM>>"
^DBTBL("SYSDEV",5,"DBSSPLST","@PH",105)="2001|@5|80|T||@5|<<RN>>  (<<RID>>)"
^DBTBL("SYSDEV",5,"DBSSPLST","@PH",106)="2103|@6|7|T||@6|System:"
^DBTBL("SYSDEV",5,"DBSSPLST","@PH",107)="2111|@7|10|T||@7|<<vsysdate>>"
^DBTBL("SYSDEV",5,"DBSSPLST","@PH",108)="2123|@8|5|T||@8|Page:"
^DBTBL("SYSDEV",5,"DBSSPLST","@PH",109)="2129|@9|3|N||@9|<<VPN,N,3>>"
^DBTBL("SYSDEV",5,"DBSSPLST","@PH",110)="4113|@10|4|T||@10|Date"
^DBTBL("SYSDEV",5,"DBSSPLST","@PH",111)="4123|@11|4|T||@11|Time"
^DBTBL("SYSDEV",5,"DBSSPLST","@PH",112)="5002|@12|12|T||@12|Procedure ID"
^DBTBL("SYSDEV",5,"DBSSPLST","@PH",113)="5022|@13|7|T||@13|Routine"
^DBTBL("SYSDEV",5,"DBSSPLST","@PH",114)="5031|@14|10|T||@14|Parameters"
^DBTBL("SYSDEV",5,"DBSSPLST","@PH",115)="5057|@15|4|T||@15|User"
^DBTBL("SYSDEV",5,"DBSSPLST","@PH",116)="5072|@16|8|T||@16|Hash Key"
^DBTBL("SYSDEV",5,"DBSSPLST","@PH",117)="5091|@17|14|T||@17|Host Variables"
^DBTBL("SYSDEV",5,"DBSSPLST","@PH",118)="5113|@18|16|T||@18|Created/Modified"
^DBTBL("SYSDEV",5,"DBSSPLST","@PH",119)="6001|@19|132|T||@19|@CHR(-,132)"
^DBTBL("SYSDEV",5,"DBSSPLST","@RS",0)="4,1,1"
^DBTBL("SYSDEV",5,"DBSSPLST","@RS",101)="2027|@21|33|T||@21|---------------------------------"
^DBTBL("SYSDEV",5,"DBSSPLST","@RS",102)="3027|@22|25|T||@22|Total Stored Procedures: "
^DBTBL("SYSDEV",5,"DBSSPLST","@RS",103)="3052|@23|8|N||@23|@CNT(0,N,8)"
^DBTBL("SYSDEV",5,"DBSSPLST","@RS",104)="4027|@24|33|T||@24|---------------------------------"
^DBTBL("SYSDEV",5,"DBSSPLST","[SYSDEV,DBTBLSP]PID",0)="1,13,1"
^DBTBL("SYSDEV",5,"DBSSPLST","[SYSDEV,DBTBLSP]PID",26)="6-15"
^DBTBL("SYSDEV",5,"DBSSPLST","[SYSDEV,DBTBLSP]PID",101)="3020|@20|111|T||@20|---------------------------------------------------------------------------------------------------------------"
^DBTBL("SYSDEV",5,"DBSSPLST","[SYSDEV,DBTBLSP]PID",102)="4001|PID|20|T||[SYSDEV,DBTBLSP]PID|"
^DBTBL("SYSDEV",5,"DBSSPLST","[SYSDEV,DBTBLSP]PID",103)="4022|PGM|8|T||[SYSDEV,DBTBLSP]PGM|"
^DBTBL("SYSDEV",5,"DBSSPLST","[SYSDEV,DBTBLSP]PID",104)="4031|PARS|25|T||[SYSDEV,DBTBLSP]PARS|"
^DBTBL("SYSDEV",5,"DBSSPLST","[SYSDEV,DBTBLSP]PID",105)="4057|USER|13|T||[SYSDEV,DBTBLSP]USER|"
^DBTBL("SYSDEV",5,"DBSSPLST","[SYSDEV,DBTBLSP]PID",106)="4072|HASHKEY|18|T||[SYSDEV,DBTBLSP]HASHKEY|"
^DBTBL("SYSDEV",5,"DBSSPLST","[SYSDEV,DBTBLSP]PID",107)="4091|HVARS|20|T||[SYSDEV,DBTBLSP]HVARS|"
^DBTBL("SYSDEV",5,"DBSSPLST","[SYSDEV,DBTBLSP]PID",108)="4112|LTD|10|D||[SYSDEV,DBTBLSP]LTD|"
^DBTBL("SYSDEV",5,"DBSSPLST","[SYSDEV,DBTBLSP]PID",109)="4123|TIME|8|C||[SYSDEV,DBTBLSP]TIME|"
^DBTBL("SYSDEV",5,"DBSSPLST","[SYSDEV,DBTBLSP]PID",110)="6020|SPTYPE|6|T||[SYSDEV,DBTBLSP]SPTYPE|"
^DBTBL("SYSDEV",5,"DBSSPLST","[SYSDEV,DBTBLSP]PID",111)="6027|SQL1|255|T||[SYSDEV,DBTBLSP]SQL1|"
^DBTBL("SYSDEV",5,"DBSSPLST","[SYSDEV,DBTBLSP]PID",112)="7027|SQL2|255|T||[SYSDEV,DBTBLSP]SQL2|"
^DBTBL("SYSDEV",5,"DBSSPLST","[SYSDEV,DBTBLSP]PID",113)="8027|SQL3|255|T||[SYSDEV,DBTBLSP]SQL3|"
^DBTBL("SYSDEV",5,"DBSSPLST","[SYSDEV,DBTBLSP]PID",114)="9027|SQL4|255|T||[SYSDEV,DBTBLSP]SQL4|"
^DBTBL("SYSDEV",5,"DBSSPLST","[SYSDEV,DBTBLSP]PID",115)="10027|SQL5|255|T||[SYSDEV,DBTBLSP]SQL5|"
^DBTBL("SYSDEV",5,"DBSSPLST","[SYSDEV,DBTBLSP]PID",116)="11027|SQL6|255|T||[SYSDEV,DBTBLSP]SQL6|"
^DBTBL("SYSDEV",5,"DBSSPLST","[SYSDEV,DBTBLSP]PID",117)="12027|SQL7|255|T||[SYSDEV,DBTBLSP]SQL7|"
^DBTBL("SYSDEV",5,"DBSSPLST","[SYSDEV,DBTBLSP]PID",118)="13027|SQL8|255|T||[SYSDEV,DBTBLSP]SQL8|"
^DBTBL("SYSDEV",5,"DBSSPLST","[SYSDEV,DBTBLSP]PID",119)="14027|SQL9|255|T||[SYSDEV,DBTBLSP]SQL9|"
^DBTBL("SYSDEV",5,"DBSSPLST","[SYSDEV,DBTBLSP]PID",120)="15027|SQL10|255|T||[SYSDEV,DBTBLSP]SQL10|"
