^DBTBL("SYSDEV",5,"DBSSCRLSTLNK")="DATA-QWIK Screen Definition Linked"
^DBTBL("SYSDEV",5,"DBSSCRLSTLNK",-5)="1|1|2|64,0,0,0,0,0|10|11|39|3|107|||0|132"
^DBTBL("SYSDEV",5,"DBSSCRLSTLNK",0)="DBTBL2|||0|132|60|0|0|0|5.0||||||0|0|1"
^DBTBL("SYSDEV",5,"DBSSCRLSTLNK",1)="[SYSDEV,DBTBL2]LIBS|0|1|*|A"
^DBTBL("SYSDEV",5,"DBSSCRLSTLNK",2)="[SYSDEV,DBTBL2]2|0|1|*|A"
^DBTBL("SYSDEV",5,"DBSSCRLSTLNK",3)="[SYSDEV,DBTBL2]SID|0|1|*|A"
^DBTBL("SYSDEV",5,"DBSSCRLSTLNK",31)="[DBTBL2]SID<<**>>"
^DBTBL("SYSDEV",5,"DBSSCRLSTLNK",31.001)="[DBTBL2]LNK1'="""""
^DBTBL("SYSDEV",5,"DBSSCRLSTLNK",111)="        //Incoming=DOC,SID,vudwhere"
^DBTBL("SYSDEV",5,"DBSSCRLSTLNK",111.001)="        type Public Number DOC"
^DBTBL("SYSDEV",5,"DBSSCRLSTLNK",111.002)="        type Public String vudwhere"
^DBTBL("SYSDEV",5,"DBSSCRLSTLNK",111.003)="        set DOC=0"
^DBTBL("SYSDEV",5,"DBSSCRLSTLNK",111.004)="        // set vudwhere="""""
^DBTBL("SYSDEV",5,"DBSSCRLSTLNK","@PH",0)="5,1,1"
^DBTBL("SYSDEV",5,"DBSSCRLSTLNK","@PH",101)="1001|@1|45|T||@1|<<$G(CONAM)>>"
^DBTBL("SYSDEV",5,"DBSSCRLSTLNK","@PH",102)="1101|@2|9|T||@2|Run Date:"
^DBTBL("SYSDEV",5,"DBSSCRLSTLNK","@PH",103)="1111|@3|10|T||@3|<<vrundate>>"
^DBTBL("SYSDEV",5,"DBSSCRLSTLNK","@PH",104)="1124|@4|8|T||@4|<<%TIM>>"
^DBTBL("SYSDEV",5,"DBSSCRLSTLNK","@PH",105)="2001|@5|45|T||@5|<<RN>>  (<<RID>>)"
^DBTBL("SYSDEV",5,"DBSSCRLSTLNK","@PH",106)="2103|@6|7|T||@6|System:"
^DBTBL("SYSDEV",5,"DBSSCRLSTLNK","@PH",107)="2111|@7|10|T||@7|<<vsysdate>>"
^DBTBL("SYSDEV",5,"DBSSCRLSTLNK","@PH",108)="2123|@8|5|T||@8|Page:"
^DBTBL("SYSDEV",5,"DBSSCRLSTLNK","@PH",109)="2129|@9|3|N||@9|<<$J(VPN,3)>>"
^DBTBL("SYSDEV",5,"DBSSCRLSTLNK","@PH",110)="4005|@10|14|T||@10|Data Item Name"
^DBTBL("SYSDEV",5,"DBSSCRLSTLNK","@PH",111)="4032|@11|22|T||@11|Field Name/Description"
^DBTBL("SYSDEV",5,"DBSSCRLSTLNK","@PH",112)="4070|@12|4|T||@12|Size"
^DBTBL("SYSDEV",5,"DBSSCRLSTLNK","@PH",113)="4076|@13|6|T||@13|Format"
^DBTBL("SYSDEV",5,"DBSSCRLSTLNK","@PH",114)="4088|@14|5|T||@14|Style"
^DBTBL("SYSDEV",5,"DBSSCRLSTLNK","@PH",115)="4105|@15|3|T||@15|Req"
^DBTBL("SYSDEV",5,"DBSSCRLSTLNK","@PH",116)="4111|@16|4|T||@16|Line"
^DBTBL("SYSDEV",5,"DBSSCRLSTLNK","@PH",117)="4117|@17|6|T||@17|Column"
^DBTBL("SYSDEV",5,"DBSSCRLSTLNK","@PH",118)="4125|@18|7|T||@18|Protect"
^DBTBL("SYSDEV",5,"DBSSCRLSTLNK","@PH",119)="5001|@19|132|T||@19|@CHR(-,132)"
^DBTBL("SYSDEV",5,"DBSSCRLSTLNK","@RS",0)="1,1,1"
^DBTBL("SYSDEV",5,"DBSSCRLSTLNK","@RS",101)="1001|@32|132|T||@32|@CHR(-,132)"
^DBTBL("SYSDEV",5,"DBSSCRLSTLNK","[SYSDEV,DBTBL2]SID",0)="1,7,1"
^DBTBL("SYSDEV",5,"DBSSCRLSTLNK","[SYSDEV,DBTBL2]SID",101)="3002|@20|6|T||@20|Name: "
^DBTBL("SYSDEV",5,"DBSSCRLSTLNK","[SYSDEV,DBTBL2]SID",102)="3008|SID|12|T||[SYSDEV,DBTBL2]SID|"
^DBTBL("SYSDEV",5,"DBSSCRLSTLNK","[SYSDEV,DBTBL2]SID",103)="3025|DESC|40|T||[SYSDEV,DBTBL2]DESC|"
^DBTBL("SYSDEV",5,"DBSSCRLSTLNK","[SYSDEV,DBTBL2]SID",104)="3068|@21|8|T||@21|Program:"
^DBTBL("SYSDEV",5,"DBSSCRLSTLNK","[SYSDEV,DBTBL2]SID",105)="3078|VPGM|8|T||[SYSDEV,DBTBL2]VPGM|"
^DBTBL("SYSDEV",5,"DBSSCRLSTLNK","[SYSDEV,DBTBL2]SID",106)="3088|@22|8|T||@22|User ID:"
^DBTBL("SYSDEV",5,"DBSSCRLSTLNK","[SYSDEV,DBTBL2]SID",107)="3097|UID|16|T||[SYSDEV,DBTBL2]UID|"
^DBTBL("SYSDEV",5,"DBSSCRLSTLNK","[SYSDEV,DBTBL2]SID",108)="3115|@23|6|T||@23|Date: "
^DBTBL("SYSDEV",5,"DBSSCRLSTLNK","[SYSDEV,DBTBL2]SID",109)="3121|DATE|10|D||[SYSDEV,DBTBL2]DATE|"
^DBTBL("SYSDEV",5,"DBSSCRLSTLNK","[SYSDEV,DBTBL2]SID",110)="5025|@24|6|T||@24|Files:"
^DBTBL("SYSDEV",5,"DBSSCRLSTLNK","[SYSDEV,DBTBL2]SID",111)="5033|PFID|40|T||[SYSDEV,DBTBL2]PFID|"
^DBTBL("SYSDEV",5,"DBSSCRLSTLNK","[SYSDEV,DBTBL2]SID",112)="5089|@25|21|T||@25|Screen Clear Option: "
^DBTBL("SYSDEV",5,"DBSSCRLSTLNK","[SYSDEV,DBTBL2]SID",113)="5110|SCRCLR|1|N||[SYSDEV,DBTBL2]SCRCLR|"
^DBTBL("SYSDEV",5,"DBSSCRLSTLNK","[SYSDEV,DBTBL2]SID",114)="5115|@26|15|T||@26|Repeat Region: "
^DBTBL("SYSDEV",5,"DBSSCRLSTLNK","[SYSDEV,DBTBL2]SID",115)="5130|REPEAT|2|N||[SYSDEV,DBTBL2]REPEAT|"
^DBTBL("SYSDEV",5,"DBSSCRLSTLNK","[SYSDEV,DBTBL2]SID",116)="6092|@27|17|T||@27|Protection Logic:"
^DBTBL("SYSDEV",5,"DBSSCRLSTLNK","[SYSDEV,DBTBL2]SID",117)="6110|RESFLG|1|L||[SYSDEV,DBTBL2]RESFLG|"
^DBTBL("SYSDEV",5,"DBSSCRLSTLNK","[SYSDEV,DBTBL2]SID",118)="6114|@28|15|T||@28|Group Required:"
^DBTBL("SYSDEV",5,"DBSSCRLSTLNK","[SYSDEV,DBTBL2]SID",119)="6130|REPREQ|2|T||[SYSDEV,DBTBL2]REPREQ|"
^DBTBL("SYSDEV",5,"DBSSCRLSTLNK","[SYSDEV,DBTBL2]SID",120)="7026|@29|60|T||@29|<<ZPREPP>>||1"
^DBTBL("SYSDEV",5,"DBSSCRLSTLNK","[SYSDEV,DBTBL2]SID",120,1)=$C(9)_"type Public Number verror"
^DBTBL("SYSDEV",5,"DBSSCRLSTLNK","[SYSDEV,DBTBL2]SID",120,1.001)=$C(9)_"type Public String ZPREPP"
^DBTBL("SYSDEV",5,"DBSSCRLSTLNK","[SYSDEV,DBTBL2]SID",120,1.002)=$C(9)_"type Number SEQ"
^DBTBL("SYSDEV",5,"DBSSCRLSTLNK","[SYSDEV,DBTBL2]SID",120,1.003)=$C(9)_"type String SID"
^DBTBL("SYSDEV",5,"DBSSCRLSTLNK","[SYSDEV,DBTBL2]SID",120,1.004)=""
^DBTBL("SYSDEV",5,"DBSSCRLSTLNK","[SYSDEV,DBTBL2]SID",120,1.005)=$C(9)_"set SID=rwrs.getCol(""DBTBL2.SID"")"
^DBTBL("SYSDEV",5,"DBSSCRLSTLNK","[SYSDEV,DBTBL2]SID",120,1.006)=""
^DBTBL("SYSDEV",5,"DBSSCRLSTLNK","[SYSDEV,DBTBL2]SID",120,1.007)=$C(9)_"// I18N=OFF: Excluded from I18N standards"
^DBTBL("SYSDEV",5,"DBSSCRLSTLNK","[SYSDEV,DBTBL2]SID",120,1.008)=$C(9)_"set verror=0"
^DBTBL("SYSDEV",5,"DBSSCRLSTLNK","[SYSDEV,DBTBL2]SID",120,1.009)=$C(9)_"for SEQ=81,61,101,121,1,21,41 do ZDBSPP2(SEQ,SID) quit:verror"
^DBTBL("SYSDEV",5,"DBSSCRLSTLNK","[SYSDEV,DBTBL2]SID",120,1.01)=$C(9)_"set ZPREPP="""""
^DBTBL("SYSDEV",5,"DBSSCRLSTLNK","[SYSDEV,DBTBL2]SID",120,1.011)=$C(9)_"quit"
^DBTBL("SYSDEV",5,"DBSSCRLSTLNK","[SYSDEV,DBTBL2]SID",120,1.012)=""
^DBTBL("SYSDEV",5,"DBSSCRLSTLNK","[SYSDEV,DBTBL2]SID",120,1.013)="ZDBSPP2(Number SEQ,String SID)"_$C(9)_"/*"
^DBTBL("SYSDEV",5,"DBSSCRLSTLNK","[SYSDEV,DBTBL2]SID",120,1.014)=$C(9)_"Arguments:"
^DBTBL("SYSDEV",5,"DBSSCRLSTLNK","[SYSDEV,DBTBL2]SID",120,1.015)=$C(9,9)_". SEQ"_$C(9)_"User defined processors (screen pre,"
^DBTBL("SYSDEV",5,"DBSSCRLSTLNK","[SYSDEV,DBTBL2]SID",120,1.016)=$C(9,9,9)_"screen post,VLOD,set definition,data-entry"
^DBTBL("SYSDEV",5,"DBSSCRLSTLNK","[SYSDEV,DBTBL2]SID",120,1.017)=$C(9,9,9)_"pre-processor)"
^DBTBL("SYSDEV",5,"DBSSCRLSTLNK","[SYSDEV,DBTBL2]SID",120,1.018)=$C(9,9)_". SID"_$C(9)_"Screen name"
^DBTBL("SYSDEV",5,"DBSSCRLSTLNK","[SYSDEV,DBTBL2]SID",120,1.019)=$C(9)_"*/"
^DBTBL("SYSDEV",5,"DBSSCRLSTLNK","[SYSDEV,DBTBL2]SID",120,1.02)=""
^DBTBL("SYSDEV",5,"DBSSCRLSTLNK","[SYSDEV,DBTBL2]SID",120,1.021)=$C(9)_"type Public Number verror"
^DBTBL("SYSDEV",5,"DBSSCRLSTLNK","[SYSDEV,DBTBL2]SID",120,1.022)=$C(9)_"type Public String VL"
^DBTBL("SYSDEV",5,"DBSSCRLSTLNK","[SYSDEV,DBTBL2]SID",120,1.023)=$C(9)_"type Number END,START"
^DBTBL("SYSDEV",5,"DBSSCRLSTLNK","[SYSDEV,DBTBL2]SID",120,1.024)=""
^DBTBL("SYSDEV",5,"DBSSCRLSTLNK","[SYSDEV,DBTBL2]SID",120,1.025)=$C(9)_"set START=SEQ-.001,END=SEQ+20"
^DBTBL("SYSDEV",5,"DBSSCRLSTLNK","[SYSDEV,DBTBL2]SID",120,1.026)=$C(9)_"type ResultSet rs=Db.select(""CODE"",""DBTBL2PP"",""LIBS='SYSDEV' AND SID=:SID AND SEQ=0 AND PSEQ>:START AND PSEQ<:END"",""PSEQ ASC"")"
^DBTBL("SYSDEV",5,"DBSSCRLSTLNK","[SYSDEV,DBTBL2]SID",120,1.027)=$C(9)_"quit:rs.isEmpty()"
^DBTBL("SYSDEV",5,"DBSSCRLSTLNK","[SYSDEV,DBTBL2]SID",120,1.028)=$C(9)_"if SEQ=1 set VL=""Data Entry Pre-Processor"""
^DBTBL("SYSDEV",5,"DBSSCRLSTLNK","[SYSDEV,DBTBL2]SID",120,1.029)=$C(9)_"else  if SEQ=21 set VL=""Screen Post-Processor"""
^DBTBL("SYSDEV",5,"DBSSCRLSTLNK","[SYSDEV,DBTBL2]SID",120,1.03)=$C(9)_"else  if SEQ=41 set VL=""Required Data Item Set Definition"""
^DBTBL("SYSDEV",5,"DBSSCRLSTLNK","[SYSDEV,DBTBL2]SID",120,1.031)=$C(9)_"else  if SEQ=61 set VL=""Screen Pre-Processor"""
^DBTBL("SYSDEV",5,"DBSSCRLSTLNK","[SYSDEV,DBTBL2]SID",120,1.032)=$C(9)_"else  if SEQ=81 set VL=""Documentation"""
^DBTBL("SYSDEV",5,"DBSSCRLSTLNK","[SYSDEV,DBTBL2]SID",120,1.033)=$C(9)_"else  if SEQ=101 set VL=""User Defined VLOD Definition"""
^DBTBL("SYSDEV",5,"DBSSCRLSTLNK","[SYSDEV,DBTBL2]SID",120,1.034)=$C(9)_"else  if SEQ=121 set VL=""Display Pre-Processor"""
^DBTBL("SYSDEV",5,"DBSSCRLSTLNK","[SYSDEV,DBTBL2]SID",120,1.035)=$C(9)_"else  set VL="""""
^DBTBL("SYSDEV",5,"DBSSCRLSTLNK","[SYSDEV,DBTBL2]SID",120,1.036)=$C(9)_"set VL=$J("""",25)_""<""_VL_"">"" do ZPPDSP quit:verror"
^DBTBL("SYSDEV",5,"DBSSCRLSTLNK","[SYSDEV,DBTBL2]SID",120,1.037)=$C(9)_"set VL="" "" do ZPPDSP quit:verror"
^DBTBL("SYSDEV",5,"DBSSCRLSTLNK","[SYSDEV,DBTBL2]SID",120,1.038)=$C(9)_"while rs.next() do {"
^DBTBL("SYSDEV",5,"DBSSCRLSTLNK","[SYSDEV,DBTBL2]SID",120,1.039)=$C(9,9)_"set VL=$J("""",25)_rs.getRow()"
^DBTBL("SYSDEV",5,"DBSSCRLSTLNK","[SYSDEV,DBTBL2]SID",120,1.04)=$C(9,9)_"do ZPPDSP quit:verror"
^DBTBL("SYSDEV",5,"DBSSCRLSTLNK","[SYSDEV,DBTBL2]SID",120,1.041)=$C(9,9)_"}"
^DBTBL("SYSDEV",5,"DBSSCRLSTLNK","[SYSDEV,DBTBL2]SID",120,1.042)=$C(9)_"set VL="" "" do ZPPDSP quit:verror"
^DBTBL("SYSDEV",5,"DBSSCRLSTLNK","[SYSDEV,DBTBL2]SID",120,1.043)=$C(9)_"quit"
^DBTBL("SYSDEV",5,"DBSSCRLSTLNK","[SYSDEV,DBTBL2]SID",120,1.044)=""
^DBTBL("SYSDEV",5,"DBSSCRLSTLNK","[SYSDEV,DBTBL2]SID",120,1.045)="ZPPDSP"_$C(9)_"// Display line"
^DBTBL("SYSDEV",5,"DBSSCRLSTLNK","[SYSDEV,DBTBL2]SID",120,1.046)=$C(9)_"type Public Number IOSL,verror,VFMQ,VLC"
^DBTBL("SYSDEV",5,"DBSSCRLSTLNK","[SYSDEV,DBTBL2]SID",120,1.047)=$C(9)_"if VLC+2>IOSL do {"
^DBTBL("SYSDEV",5,"DBSSCRLSTLNK","[SYSDEV,DBTBL2]SID",120,1.048)=$C(9,9)_"do VHDG0"
^DBTBL("SYSDEV",5,"DBSSCRLSTLNK","[SYSDEV,DBTBL2]SID",120,1.049)=$C(9,9)_"if VFMQ set verror=1"
^DBTBL("SYSDEV",5,"DBSSCRLSTLNK","[SYSDEV,DBTBL2]SID",120,1.05)=$C(9,9)_"}"
^DBTBL("SYSDEV",5,"DBSSCRLSTLNK","[SYSDEV,DBTBL2]SID",120,1.051)=$C(9)_"else  do VOM"
^DBTBL("SYSDEV",5,"DBSSCRLSTLNK","[SYSDEV,DBTBL2]SID",120,1.052)=$C(9)_"quit"
^DBTBL("SYSDEV",5,"DBSSCRLSTLNK","[SYSDEV,DBTBL2]SID",120,1.053)=$C(9)_"// I18N=ON"
^DBTBL("SYSDEV",5,"DBSSCRLSTLNK","[SYSDEV,DBTBL2]SID",121)="8026|@30|60|T||@30|<<ZLINK>>||1"
^DBTBL("SYSDEV",5,"DBSSCRLSTLNK","[SYSDEV,DBTBL2]SID",121,1)=$C(9)_"type Public String IOSL,PREPP,VFMQ,VL,VLC,XYZ,ZLINK,ZLNKFLG,ZLNKNAM,ZTEXT,verror"
^DBTBL("SYSDEV",5,"DBSSCRLSTLNK","[SYSDEV,DBTBL2]SID",121,1.001)=$C(9)_"set ZLINK="""" set PREPP="""" set ZLNKFLG=0"
^DBTBL("SYSDEV",5,"DBSSCRLSTLNK","[SYSDEV,DBTBL2]SID",121,1.002)=$C(9)_"if rwrs.getCol(""DBTBL2.LNK1"")="""" quit"
^DBTBL("SYSDEV",5,"DBSSCRLSTLNK","[SYSDEV,DBTBL2]SID",121,1.003)=$C(9)_"set ZLNKFLG=1,verror=0"
^DBTBL("SYSDEV",5,"DBSSCRLSTLNK","[SYSDEV,DBTBL2]SID",121,1.004)=$C(9)_"do ZPNTLNK(rwrs.getCol(""DBTBL2.LNK1"")) quit:verror"
^DBTBL("SYSDEV",5,"DBSSCRLSTLNK","[SYSDEV,DBTBL2]SID",121,1.005)=$C(9)_"do ZPNTLNK(rwrs.getCol(""DBTBL2.LNK2"")) quit:verror"
^DBTBL("SYSDEV",5,"DBSSCRLSTLNK","[SYSDEV,DBTBL2]SID",121,1.006)=$C(9)_"do ZPNTLNK(rwrs.getCol(""DBTBL2.LNK3"")) quit:verror"
^DBTBL("SYSDEV",5,"DBSSCRLSTLNK","[SYSDEV,DBTBL2]SID",121,1.007)=$C(9)_"do ZPNTLNK(rwrs.getCol(""DBTBL2.LNK4"")) quit:verror"
^DBTBL("SYSDEV",5,"DBSSCRLSTLNK","[SYSDEV,DBTBL2]SID",121,1.008)=$C(9)_"do ZPNTLNK(rwrs.getCol(""DBTBL2.LNK5"")) quit:verror"
^DBTBL("SYSDEV",5,"DBSSCRLSTLNK","[SYSDEV,DBTBL2]SID",121,1.009)=$C(9)_"do ZPNTLNK(rwrs.getCol(""DBTBL2.LNK6"")) quit:verror"
^DBTBL("SYSDEV",5,"DBSSCRLSTLNK","[SYSDEV,DBTBL2]SID",121,1.01)=$C(9)_"do ZPNTLNK(rwrs.getCol(""DBTBL2.LNK7"")) quit:verror"
^DBTBL("SYSDEV",5,"DBSSCRLSTLNK","[SYSDEV,DBTBL2]SID",121,1.011)=$C(9)_"do ZPNTLNK(rwrs.getCol(""DBTBL2.LNK8"")) quit:verror"
^DBTBL("SYSDEV",5,"DBSSCRLSTLNK","[SYSDEV,DBTBL2]SID",121,1.012)=$C(9)_"do ZPNTLNK(rwrs.getCol(""DBTBL2.LNK9"")) quit:verror"
^DBTBL("SYSDEV",5,"DBSSCRLSTLNK","[SYSDEV,DBTBL2]SID",121,1.013)=$C(9)_"do ZPNTLNK(rwrs.getCol(""DBTBL2.LNK10"")) quit:verror"
^DBTBL("SYSDEV",5,"DBSSCRLSTLNK","[SYSDEV,DBTBL2]SID",121,1.014)=$C(9)_"do ZPNTLNK(rwrs.getCol(""DBTBL2.LNK11"")) quit:verror"
^DBTBL("SYSDEV",5,"DBSSCRLSTLNK","[SYSDEV,DBTBL2]SID",121,1.015)=$C(9)_"do ZPNTLNK(rwrs.getCol(""DBTBL2.LNK12"")) quit:verror"
^DBTBL("SYSDEV",5,"DBSSCRLSTLNK","[SYSDEV,DBTBL2]SID",121,1.016)=$C(9)_"do ZPNTLNK(rwrs.getCol(""DBTBL2.LNK13"")) quit:verror"
^DBTBL("SYSDEV",5,"DBSSCRLSTLNK","[SYSDEV,DBTBL2]SID",121,1.017)=$C(9)_"do ZPNTLNK(rwrs.getCol(""DBTBL2.LNK14"")) quit:verror"
^DBTBL("SYSDEV",5,"DBSSCRLSTLNK","[SYSDEV,DBTBL2]SID",121,1.018)=$C(9)_"do ZPNTLNK(rwrs.getCol(""DBTBL2.LNK15"")) quit:verror"
^DBTBL("SYSDEV",5,"DBSSCRLSTLNK","[SYSDEV,DBTBL2]SID",121,1.019)=$C(9)_"do ZPNTLNK(rwrs.getCol(""DBTBL2.LNK16"")) quit:verror"
^DBTBL("SYSDEV",5,"DBSSCRLSTLNK","[SYSDEV,DBTBL2]SID",121,1.02)=$C(9)_"do ZPNTLNK(rwrs.getCol(""DBTBL2.LNK17"")) quit:verror"
^DBTBL("SYSDEV",5,"DBSSCRLSTLNK","[SYSDEV,DBTBL2]SID",121,1.021)=$C(9)_"do ZPNTLNK(rwrs.getCol(""DBTBL2.LNK18"")) quit:verror"
^DBTBL("SYSDEV",5,"DBSSCRLSTLNK","[SYSDEV,DBTBL2]SID",121,1.022)=$C(9)_"do ZPNTLNK(rwrs.getCol(""DBTBL2.LNK19"")) quit:verror"
^DBTBL("SYSDEV",5,"DBSSCRLSTLNK","[SYSDEV,DBTBL2]SID",121,1.023)=$C(9)_"do ZPNTLNK(rwrs.getCol(""DBTBL2.LNK20"")) quit:verror"
^DBTBL("SYSDEV",5,"DBSSCRLSTLNK","[SYSDEV,DBTBL2]SID",121,1.024)=$C(9)_"do ZPNTLNK(rwrs.getCol(""DBTBL2.LNK21"")) quit:verror"
^DBTBL("SYSDEV",5,"DBSSCRLSTLNK","[SYSDEV,DBTBL2]SID",121,1.025)=$C(9)_"do ZPNTLNK(rwrs.getCol(""DBTBL2.LNK22"")) quit:verror"
^DBTBL("SYSDEV",5,"DBSSCRLSTLNK","[SYSDEV,DBTBL2]SID",121,1.026)=$C(9)_"do ZPNTLNK(rwrs.getCol(""DBTBL2.LNK23"")) quit:verror"
^DBTBL("SYSDEV",5,"DBSSCRLSTLNK","[SYSDEV,DBTBL2]SID",121,1.027)=$C(9)_"do ZPNTLNK(rwrs.getCol(""DBTBL2.LNK24"")) quit:verror"
^DBTBL("SYSDEV",5,"DBSSCRLSTLNK","[SYSDEV,DBTBL2]SID",121,1.028)=$C(9)_"do ZPNTLNK(rwrs.getCol(""DBTBL2.LNK25"")) quit:verror"
^DBTBL("SYSDEV",5,"DBSSCRLSTLNK","[SYSDEV,DBTBL2]SID",121,1.029)=$C(9)_"do ZPNTLNK(rwrs.getCol(""DBTBL2.LNK26"")) quit:verror"
^DBTBL("SYSDEV",5,"DBSSCRLSTLNK","[SYSDEV,DBTBL2]SID",121,1.03)=$C(9)_"do ZPNTLNK(rwrs.getCol(""DBTBL2.LNK27"")) quit:verror"
^DBTBL("SYSDEV",5,"DBSSCRLSTLNK","[SYSDEV,DBTBL2]SID",121,1.031)=$C(9)_"do ZPNTLNK(rwrs.getCol(""DBTBL2.LNK28"")) quit:verror"
^DBTBL("SYSDEV",5,"DBSSCRLSTLNK","[SYSDEV,DBTBL2]SID",121,1.032)=$C(9)_"set ZLINK="""""
^DBTBL("SYSDEV",5,"DBSSCRLSTLNK","[SYSDEV,DBTBL2]SID",121,1.033)=$C(9)_"quit "
^DBTBL("SYSDEV",5,"DBSSCRLSTLNK","[SYSDEV,DBTBL2]SID",121,1.034)="ZPNTLNK(String SID) //"
^DBTBL("SYSDEV",5,"DBSSCRLSTLNK","[SYSDEV,DBTBL2]SID",121,1.035)=$C(9)_"type Public String VL"
^DBTBL("SYSDEV",5,"DBSSCRLSTLNK","[SYSDEV,DBTBL2]SID",121,1.036)=$C(9)_"quit:SID="""""
^DBTBL("SYSDEV",5,"DBSSCRLSTLNK","[SYSDEV,DBTBL2]SID",121,1.037)=$C(9)_"type RecordDBTBL2 dbtbl2=Db.getRecord(""DBTBL2"",""LIBS='SYSDEV',SID=:SID"",1)"
^DBTBL("SYSDEV",5,"DBSSCRLSTLNK","[SYSDEV,DBTBL2]SID",121,1.038)=$C(9)_"quit:'dbtbl2.getMode()"
^DBTBL("SYSDEV",5,"DBSSCRLSTLNK","[SYSDEV,DBTBL2]SID",121,1.039)=$C(9)_"set VL=$J("""",25)_SID_$J("""",20-$L(SID))_dbtbl2.desc"
^DBTBL("SYSDEV",5,"DBSSCRLSTLNK","[SYSDEV,DBTBL2]SID",121,1.04)=$C(9)_"do ZPPDSP"
^DBTBL("SYSDEV",5,"DBSSCRLSTLNK","[SYSDEV,DBTBL2]SID",121,1.041)=$C(9)_"quit"
^DBTBL("SYSDEV",5,"DBSSCRLSTLNK","[SYSDEV,DBTBL2]SID",122)="9001|@31|132|T||@31|@CHR(-,132)"
