^DBTBL("SYSDEV",5,"DBSBCHLST")="List Batch Definition"
^DBTBL("SYSDEV",5,"DBSBCHLST",-5)="1|1|0|64,0,0,0,0,0|10|11|65|18|2|||0|132"
^DBTBL("SYSDEV",5,"DBSBCHLST",0)="DBTBL33D,DBTBL33|||0|132|60|0|0|0|5.0|||0|||1|0|0"
^DBTBL("SYSDEV",5,"DBSBCHLST",1)="[SYSDEV,DBTBL33D]%LIBS|1|1|*|A"
^DBTBL("SYSDEV",5,"DBSBCHLST",2)="[SYSDEV,DBTBL33D]33|1|1|*|A"
^DBTBL("SYSDEV",5,"DBSBCHLST",3)="[SYSDEV,DBTBL33D]BCHID|1|1|*|A"
^DBTBL("SYSDEV",5,"DBSBCHLST",4)="[SYSDEV,DBTBL33D]LABEL|0|1|*|A"
^DBTBL("SYSDEV",5,"DBSBCHLST",5)="[SYSDEV,DBTBL33D]SEQ||1|*|A"
^DBTBL("SYSDEV",5,"DBSBCHLST",31)="[DBTBL33D]%LIBS = ""SYSDEV"""
^DBTBL("SYSDEV",5,"DBSBCHLST",32)="[DBTBL33D]BCHID <<**>>"
^DBTBL("SYSDEV",5,"DBSBCHLST","@PH",0)="3,1,1"
^DBTBL("SYSDEV",5,"DBSBCHLST","@PH",101)="1001|@1|45|T||@1|<<$G(CONAM)>>"
^DBTBL("SYSDEV",5,"DBSBCHLST","@PH",102)="1101|@2|9|T||@2|Run Date:"
^DBTBL("SYSDEV",5,"DBSBCHLST","@PH",103)="1111|@3|10|T||@3|<<vrundate>>"
^DBTBL("SYSDEV",5,"DBSBCHLST","@PH",104)="1124|@4|8|T||@4|<<%TIM>>"
^DBTBL("SYSDEV",5,"DBSBCHLST","@PH",105)="2001|@5|80|T||@5|<<RN>>  (<<RID>>)"
^DBTBL("SYSDEV",5,"DBSBCHLST","@PH",106)="2103|@6|7|T||@6|System:"
^DBTBL("SYSDEV",5,"DBSBCHLST","@PH",107)="2111|@7|10|T||@7|<<vsysdate>>"
^DBTBL("SYSDEV",5,"DBSBCHLST","@PH",108)="2123|@8|5|T||@8|Page:"
^DBTBL("SYSDEV",5,"DBSBCHLST","@PH",109)="2129|@9|3|N||@9|<<VPN,N,3>>"
^DBTBL("SYSDEV",5,"DBSBCHLST","@RS",0)="1,1,1"
^DBTBL("SYSDEV",5,"DBSBCHLST","[SYSDEV,DBTBL33D]%LIBS",0)="3,3,3"
^DBTBL("SYSDEV",5,"DBSBCHLST","[SYSDEV,DBTBL33D]25",0)="3,3,3"
^DBTBL("SYSDEV",5,"DBSBCHLST","[SYSDEV,DBTBL33D]3",0)="3,3,3"
^DBTBL("SYSDEV",5,"DBSBCHLST","[SYSDEV,DBTBL33D]33",0)="3,3,3"
^DBTBL("SYSDEV",5,"DBSBCHLST","[SYSDEV,DBTBL33D]BCHID",0)="8,1,1"
^DBTBL("SYSDEV",5,"DBSBCHLST","[SYSDEV,DBTBL33D]BCHID",101)="1002|@10|12|T||@10|Batch Name: "
^DBTBL("SYSDEV",5,"DBSBCHLST","[SYSDEV,DBTBL33D]BCHID",102)="1014|BCHID|12|T||[SYSDEV,DBTBL33]BCHID|"
^DBTBL("SYSDEV",5,"DBSBCHLST","[SYSDEV,DBTBL33D]BCHID",103)="1029|@11|13|T||@11|Description: "
^DBTBL("SYSDEV",5,"DBSBCHLST","[SYSDEV,DBTBL33D]BCHID",104)="1042|DES|40|T||[SYSDEV,DBTBL33]DES|"
^DBTBL("SYSDEV",5,"DBSBCHLST","[SYSDEV,DBTBL33D]BCHID",105)="1087|@12|6|T||@12|Date: "
^DBTBL("SYSDEV",5,"DBSBCHLST","[SYSDEV,DBTBL33D]BCHID",106)="1093|LTD|10|D||[SYSDEV,DBTBL33]LTD|"
^DBTBL("SYSDEV",5,"DBSBCHLST","[SYSDEV,DBTBL33D]BCHID",107)="1105|TIME|10|C||[SYSDEV,DBTBL33]TIME|"
^DBTBL("SYSDEV",5,"DBSBCHLST","[SYSDEV,DBTBL33D]BCHID",108)="2033|@13|9|T||@13|Routine: "
^DBTBL("SYSDEV",5,"DBSBCHLST","[SYSDEV,DBTBL33D]BCHID",109)="2042|PGM|8|T||[SYSDEV,DBTBL33]PGM|"
^DBTBL("SYSDEV",5,"DBSBCHLST","[SYSDEV,DBTBL33D]BCHID",110)="2087|@14|6|T||@14|User: "
^DBTBL("SYSDEV",5,"DBSBCHLST","[SYSDEV,DBTBL33D]BCHID",111)="2093|USER|20|T||[SYSDEV,DBTBL33]USER|"
^DBTBL("SYSDEV",5,"DBSBCHLST","[SYSDEV,DBTBL33D]BCHID",112)="3029|@15|12|T||@15|Access File:"
^DBTBL("SYSDEV",5,"DBSBCHLST","[SYSDEV,DBTBL33D]BCHID",113)="3042|PFID|12|T||[SYSDEV,DBTBL33]PFID|"
^DBTBL("SYSDEV",5,"DBSBCHLST","[SYSDEV,DBTBL33D]BCHID",114)="4024|@16|17|T||@16|SQL Where Clause:"
^DBTBL("SYSDEV",5,"DBSBCHLST","[SYSDEV,DBTBL33D]BCHID",115)="4042|WHERE|90|T||[SYSDEV,DBTBL33]WHERE|"
^DBTBL("SYSDEV",5,"DBSBCHLST","[SYSDEV,DBTBL33D]BCHID",116)="5021|@17|20|T||@17|SQL Distinct Clause:"
^DBTBL("SYSDEV",5,"DBSBCHLST","[SYSDEV,DBTBL33D]BCHID",117)="5042|DISTINCT|40|T||[SYSDEV,DBTBL33]DISTINCT|"
^DBTBL("SYSDEV",5,"DBSBCHLST","[SYSDEV,DBTBL33D]BCHID",118)="6016|@18|25|T||@18|Multiple Time Zone logic:"
^DBTBL("SYSDEV",5,"DBSBCHLST","[SYSDEV,DBTBL33D]BCHID",119)="6042|MTZ|1|L||[SYSDEV,DBTBL33]MTZ|"
^DBTBL("SYSDEV",5,"DBSBCHLST","[SYSDEV,DBTBL33D]BCHID",120)="7020|@19|21|T||@19|Insert Restart Logic:"
^DBTBL("SYSDEV",5,"DBSBCHLST","[SYSDEV,DBTBL33D]BCHID",121)="7042|RESTIND|1|L||[SYSDEV,DBTBL33]RESTIND|"
^DBTBL("SYSDEV",5,"DBSBCHLST","[SYSDEV,DBTBL33D]BCHID",122)="8001|@20|132|T||@20|@CHR(-,132)"
^DBTBL("SYSDEV",5,"DBSBCHLST","[SYSDEV,DBTBL33D]LABEL",0)="3,3,3"
^DBTBL("SYSDEV",5,"DBSBCHLST","[SYSDEV,DBTBL33D]SEQ",0)="2,1,1"
^DBTBL("SYSDEV",5,"DBSBCHLST","[SYSDEV,DBTBL33D]SEQ",101)="1002|LABEL|12|T||[SYSDEV,DBTBL33D]LABEL|"
^DBTBL("SYSDEV",5,"DBSBCHLST","[SYSDEV,DBTBL33D]SEQ",102)="2002|@21|12|T||@21|------------"
^DBTBL("SYSDEV",5,"DBSBCHLST","[SYSDEV,DBTBL33D]SEQ",103)="4002|@22|132|T||@22|<<zcode>>||1"
^DBTBL("SYSDEV",5,"DBSBCHLST","[SYSDEV,DBTBL33D]SEQ",103,1)=$C(9)_"type Public String zcode"
^DBTBL("SYSDEV",5,"DBSBCHLST","[SYSDEV,DBTBL33D]SEQ",103,1.001)=""
^DBTBL("SYSDEV",5,"DBSBCHLST","[SYSDEV,DBTBL33D]SEQ",103,1.002)=$C(9)_"type Number SEQ"
^DBTBL("SYSDEV",5,"DBSBCHLST","[SYSDEV,DBTBL33D]SEQ",103,1.003)=$C(9)_"type String BCHID, LABEL"
^DBTBL("SYSDEV",5,"DBSBCHLST","[SYSDEV,DBTBL33D]SEQ",103,1.004)=""
^DBTBL("SYSDEV",5,"DBSBCHLST","[SYSDEV,DBTBL33D]SEQ",103,1.005)=$C(9)_"// Because code has tabs, can include in result set, so get it this way"
^DBTBL("SYSDEV",5,"DBSBCHLST","[SYSDEV,DBTBL33D]SEQ",103,1.006)=$C(9)_"set BCHID = rwrs.getCol(""DBTBL33D.BCHID"")"
^DBTBL("SYSDEV",5,"DBSBCHLST","[SYSDEV,DBTBL33D]SEQ",103,1.007)=$C(9)_"set LABEL = rwrs.getCol(""DBTBL33D.LABEL"")"
^DBTBL("SYSDEV",5,"DBSBCHLST","[SYSDEV,DBTBL33D]SEQ",103,1.008)=$C(9)_"set SEQ = rwrs.getCol(""DBTBL33D.SEQ"")"
^DBTBL("SYSDEV",5,"DBSBCHLST","[SYSDEV,DBTBL33D]SEQ",103,1.009)=""
^DBTBL("SYSDEV",5,"DBSBCHLST","[SYSDEV,DBTBL33D]SEQ",103,1.01)=$C(9)_"type RecordDBTBL33D dbtbl33d = Db.getRecord(""DBTBL33D"", ""%LIBS='SYSDEV',BCHID=:BCHID,LABEL=:LABEL,SEQ=:SEQ"")"
^DBTBL("SYSDEV",5,"DBSBCHLST","[SYSDEV,DBTBL33D]SEQ",103,1.011)=""
^DBTBL("SYSDEV",5,"DBSBCHLST","[SYSDEV,DBTBL33D]SEQ",103,1.012)=$C(9)_"set zcode = dbtbl33d.code"
^DBTBL("SYSDEV",5,"DBSBCHLST","[SYSDEV,DBTBL33D]SEQ",103,1.013)=""
^DBTBL("SYSDEV",5,"DBSBCHLST","[SYSDEV,DBTBL33D]SEQ",103,1.014)=$C(9)_"// Replace tabs with equivalent spaces"
^DBTBL("SYSDEV",5,"DBSBCHLST","[SYSDEV,DBTBL33D]SEQ",103,1.015)=$C(9)_"if zcode.isLike(""%""_9.char()_""%"") do {"
^DBTBL("SYSDEV",5,"DBSBCHLST","[SYSDEV,DBTBL33D]SEQ",103,1.016)=$C(9,9)
^DBTBL("SYSDEV",5,"DBSBCHLST","[SYSDEV,DBTBL33D]SEQ",103,1.017)=$C(9,9)_"type Number loc, sp"
^DBTBL("SYSDEV",5,"DBSBCHLST","[SYSDEV,DBTBL33D]SEQ",103,1.018)=$C(9,9)_"type String p1"
^DBTBL("SYSDEV",5,"DBSBCHLST","[SYSDEV,DBTBL33D]SEQ",103,1.019)=$C(9,9)
^DBTBL("SYSDEV",5,"DBSBCHLST","[SYSDEV,DBTBL33D]SEQ",103,1.02)=$C(9,9)_"for  set loc = zcode.find(9.char()) quit:(loc = 0)  do {"
^DBTBL("SYSDEV",5,"DBSBCHLST","[SYSDEV,DBTBL33D]SEQ",103,1.021)=$C(9,9,9)
^DBTBL("SYSDEV",5,"DBSBCHLST","[SYSDEV,DBTBL33D]SEQ",103,1.022)=$C(9,9,9)_"set p1 = zcode.extract(1, loc - 2)"
^DBTBL("SYSDEV",5,"DBSBCHLST","[SYSDEV,DBTBL33D]SEQ",103,1.023)=$C(9,9,9)_"set sp = 8 - (p1.length() # 8)"
^DBTBL("SYSDEV",5,"DBSBCHLST","[SYSDEV,DBTBL33D]SEQ",103,1.024)=$C(9,9,9)_"set zcode = p1_""        "".extract(1, sp)_zcode.extract(loc, zcode.length())"
^DBTBL("SYSDEV",5,"DBSBCHLST","[SYSDEV,DBTBL33D]SEQ",103,1.025)=$C(9,9)_"}"
^DBTBL("SYSDEV",5,"DBSBCHLST","[SYSDEV,DBTBL33D]SEQ",103,1.026)=$C(9)_"}"
^DBTBL("SYSDEV",5,"DBSBCHLST","[SYSDEV,DBTBL33D]SEQ",103,1.027)=""
^DBTBL("SYSDEV",5,"DBSBCHLST","[SYSDEV,DBTBL33D]SEQ",103,1.028)=$C(9)_"quit"
