^DBTBL("SYSDEV",5,"DBSRPTLST")="DATA-QWIK Report Definition Listing"
^DBTBL("SYSDEV",5,"DBSRPTLST",-5)="40|1|2|64,0,0,0,0,0|10|11|65|10|63|||0|132"
^DBTBL("SYSDEV",5,"DBSRPTLST",0)="DBTBL5D,DBTBL5H|||0|132|60|0|0|0|4.3|||0|||0|0|0|||"
^DBTBL("SYSDEV",5,"DBSRPTLST",1)="[SYSDEV,DBTBL5D]LIBS|0|0|1|A"
^DBTBL("SYSDEV",5,"DBSRPTLST",2)="[SYSDEV,DBTBL5D]5|0|0|1|A"
^DBTBL("SYSDEV",5,"DBSRPTLST",3)="[SYSDEV,DBTBL5D]RID|1|0|2|A"
^DBTBL("SYSDEV",5,"DBSRPTLST",4)="[SYSDEV,DBTBL5D]RPTSEQ|0|0|1|A"
^DBTBL("SYSDEV",5,"DBSRPTLST",5)="[SYSDEV,DBTBL5D]GRP|0|0|1|A"
^DBTBL("SYSDEV",5,"DBSRPTLST",6)="[SYSDEV,DBTBL5D]ITMSEQ|0|0|1|A"
^DBTBL("SYSDEV",5,"DBSRPTLST",31)="[DBTBL5D]ITMSEQ>0"
^DBTBL("SYSDEV",5,"DBSRPTLST",111)=$C(9)_"//Incoming=vudwhere,ZRID"
^DBTBL("SYSDEV",5,"DBSRPTLST",111.001)=$C(9)_"type Public String vudwhere"
^DBTBL("SYSDEV",5,"DBSRPTLST",111.002)=$C(9)_"set vudwhere="""""
^DBTBL("SYSDEV",5,"DBSRPTLST","@PH",0)="6,1,1"
^DBTBL("SYSDEV",5,"DBSRPTLST","@PH",101)="1001|@1|45|T||@1|<<$G(CONAM)>>"
^DBTBL("SYSDEV",5,"DBSRPTLST","@PH",102)="1101|@2|9|T||@2|Run Date:"
^DBTBL("SYSDEV",5,"DBSRPTLST","@PH",103)="1111|@3|10|T||@3|<<vrundate>>"
^DBTBL("SYSDEV",5,"DBSRPTLST","@PH",104)="1124|@4|8|T||@4|<<%TIM>>"
^DBTBL("SYSDEV",5,"DBSRPTLST","@PH",105)="2001|@5|45|T||@5|<<RN>>  (<<RID>>)"
^DBTBL("SYSDEV",5,"DBSRPTLST","@PH",106)="2103|@6|7|T||@6|System:"
^DBTBL("SYSDEV",5,"DBSRPTLST","@PH",107)="2111|@7|10|T||@7|<<vsysdate>>"
^DBTBL("SYSDEV",5,"DBSRPTLST","@PH",108)="2123|@8|5|T||@8|Page:"
^DBTBL("SYSDEV",5,"DBSRPTLST","@PH",109)="2129|@9|3|N||@9|<<$J(VPN,3)>>"
^DBTBL("SYSDEV",5,"DBSRPTLST","@PH",110)="4109|@10|16|T||@10|Region  Suppress"
^DBTBL("SYSDEV",5,"DBSRPTLST","@PH",111)="4127|@11|6|T||@11|Repeat"
^DBTBL("SYSDEV",5,"DBSRPTLST","@PH",112)="5002|@12|9|T||@12|Item Name"
^DBTBL("SYSDEV",5,"DBSRPTLST","@PH",113)="5034|@13|22|T||@13|Text/Function/Variable"
^DBTBL("SYSDEV",5,"DBSRPTLST","@PH",114)="5076|@14|4|T||@14|Size"
^DBTBL("SYSDEV",5,"DBSRPTLST","@PH",115)="5082|@15|6|T||@15|Format"
^DBTBL("SYSDEV",5,"DBSRPTLST","@PH",116)="5095|@16|4|T||@16|Line"
^DBTBL("SYSDEV",5,"DBSRPTLST","@PH",117)="5101|@17|6|T||@17|Column"
^DBTBL("SYSDEV",5,"DBSRPTLST","@PH",118)="5109|@18|7|T||@18|(H,D,T)"
^DBTBL("SYSDEV",5,"DBSRPTLST","@PH",119)="5118|@19|4|T||@19|Line"
^DBTBL("SYSDEV",5,"DBSRPTLST","@PH",120)="5124|@20|2|T||@20|LF"
^DBTBL("SYSDEV",5,"DBSRPTLST","@PH",121)="5127|@21|5|T||@21|Field"
^DBTBL("SYSDEV",5,"DBSRPTLST","@PH",122)="6001|@22|132|T||@22|@CHR(=,132)"
^DBTBL("SYSDEV",5,"DBSRPTLST","@RS",0)="1,1,1"
^DBTBL("SYSDEV",5,"DBSRPTLST","[SYSDEV,DBTBL5D]%LIBS",0)="1,1,1"
^DBTBL("SYSDEV",5,"DBSRPTLST","[SYSDEV,DBTBL5D]5",0)="1,3,1"
^DBTBL("SYSDEV",5,"DBSRPTLST","[SYSDEV,DBTBL5D]GRP",0)="1,1,1"
^DBTBL("SYSDEV",5,"DBSRPTLST","[SYSDEV,DBTBL5D]GRP",101)="5001|@127|132|T||@127|@CHR(-,132)"
^DBTBL("SYSDEV",5,"DBSRPTLST","[SYSDEV,DBTBL5D]ITMSEQ",0)="3,2,1"
^DBTBL("SYSDEV",5,"DBSRPTLST","[SYSDEV,DBTBL5D]ITMSEQ",26)=6
^DBTBL("SYSDEV",5,"DBSRPTLST","[SYSDEV,DBTBL5D]ITMSEQ",101)="1001|@116|132|T||@116|@CHR(-,132)"
^DBTBL("SYSDEV",5,"DBSRPTLST","[SYSDEV,DBTBL5D]ITMSEQ",102)="2020|@117|11|T||@117|-----------"
^DBTBL("SYSDEV",5,"DBSRPTLST","[SYSDEV,DBTBL5D]ITMSEQ",103)="2035|GRP|25|T||[SYSDEV,DBTBL5D]GRP|"
^DBTBL("SYSDEV",5,"DBSRPTLST","[SYSDEV,DBTBL5D]ITMSEQ",104)="2063|@118|35|T||@118|<<ZKEYDESC>>||1"
^DBTBL("SYSDEV",5,"DBSRPTLST","[SYSDEV,DBTBL5D]ITMSEQ",104,1)=$C(9)_"type Public String VD,ZKEYDESC"
^DBTBL("SYSDEV",5,"DBSRPTLST","[SYSDEV,DBTBL5D]ITMSEQ",104,2)=$C(9)_"type String X"
^DBTBL("SYSDEV",5,"DBSRPTLST","[SYSDEV,DBTBL5D]ITMSEQ",104,3)=""
^DBTBL("SYSDEV",5,"DBSRPTLST","[SYSDEV,DBTBL5D]ITMSEQ",104,4)=$C(9)_"// I18N=OFF : excluded from I18N standards."
^DBTBL("SYSDEV",5,"DBSRPTLST","[SYSDEV,DBTBL5D]ITMSEQ",104,5)=$C(9)_"// ---------- Report Section Description"
^DBTBL("SYSDEV",5,"DBSRPTLST","[SYSDEV,DBTBL5D]ITMSEQ",104,6)=$C(9)
^DBTBL("SYSDEV",5,"DBSRPTLST","[SYSDEV,DBTBL5D]ITMSEQ",104,7)=$C(9)_"set X=rwrs.getCol(""DBTBL5D.GRP"")"
^DBTBL("SYSDEV",5,"DBSRPTLST","[SYSDEV,DBTBL5D]ITMSEQ",104,8)=$C(9)_"if X=""@PH"" set ZKEYDESC=""Page Header & Trailer"""
^DBTBL("SYSDEV",5,"DBSRPTLST","[SYSDEV,DBTBL5D]ITMSEQ",104,9)=$C(9)_"else  if X=""@RS"" set ZKEYDESC=""Report Summary"""
^DBTBL("SYSDEV",5,"DBSRPTLST","[SYSDEV,DBTBL5D]ITMSEQ",104,10)=$C(9)_"else  if X'?1""[""1E.E1""]""1E.E set ZKEYDESC="""""
^DBTBL("SYSDEV",5,"DBSRPTLST","[SYSDEV,DBTBL5D]ITMSEQ",104,11)=$C(9)_"else  do {"
^DBTBL("SYSDEV",5,"DBSRPTLST","[SYSDEV,DBTBL5D]ITMSEQ",104,12)=$C(9,9)_"type String DI,FID"
^DBTBL("SYSDEV",5,"DBSRPTLST","[SYSDEV,DBTBL5D]ITMSEQ",104,13)=""
^DBTBL("SYSDEV",5,"DBSRPTLST","[SYSDEV,DBTBL5D]ITMSEQ",104,14)=$C(9,9)_"set FID=X.piece("","",2).piece(""]"",1)"
^DBTBL("SYSDEV",5,"DBSRPTLST","[SYSDEV,DBTBL5D]ITMSEQ",104,15)=$C(9,9)_"set DI=X.piece(""]"",2)"
^DBTBL("SYSDEV",5,"DBSRPTLST","[SYSDEV,DBTBL5D]ITMSEQ",104,16)=$C(9,9)_"type RecordDBTBL1D dbtbl1d=Db.getRecord(""DBTBL1D"",""%LIBS=""""SYSDEV"""",FID=:FID,DI=:DI"",1)"
^DBTBL("SYSDEV",5,"DBSRPTLST","[SYSDEV,DBTBL5D]ITMSEQ",104,17)=$C(9,9)_"set ZKEYDESC=dbtbl1d.des"
^DBTBL("SYSDEV",5,"DBSRPTLST","[SYSDEV,DBTBL5D]ITMSEQ",104,18)=$C(9,9)_"}"
^DBTBL("SYSDEV",5,"DBSRPTLST","[SYSDEV,DBTBL5D]ITMSEQ",104,19)=$C(9)_"// I18N=ON"
^DBTBL("SYSDEV",5,"DBSRPTLST","[SYSDEV,DBTBL5D]ITMSEQ",105)="2100|@119|10|T||@119|----------"
^DBTBL("SYSDEV",5,"DBSRPTLST","[SYSDEV,DBTBL5D]ITMSEQ",106)="2115|@120|10|T||@120|<<ZSEC>>||1"
^DBTBL("SYSDEV",5,"DBSRPTLST","[SYSDEV,DBTBL5D]ITMSEQ",106,1)=$C(9)_"type Public String RID,ZSEC,ZZREP,ZZSBL,ZZSLF"
^DBTBL("SYSDEV",5,"DBSRPTLST","[SYSDEV,DBTBL5D]ITMSEQ",106,2)=$C(9)_"type String GRP"
^DBTBL("SYSDEV",5,"DBSRPTLST","[SYSDEV,DBTBL5D]ITMSEQ",106,3)=$C(9)_"set GRP=rwrs.getCol(""DBTBL5D.GRP"")"
^DBTBL("SYSDEV",5,"DBSRPTLST","[SYSDEV,DBTBL5D]ITMSEQ",106,4)=$C(9)_"type RecordDBTBL5DGC db5dgc=Db.getRecord(""DBTBL5DGC"",""LIBS=""""SYSDEV"""",RID=:RID,GRP=:GRP"",1)"
^DBTBL("SYSDEV",5,"DBSRPTLST","[SYSDEV,DBTBL5D]ITMSEQ",106,5)=$C(9)_"set ZSEC=db5dgc.reginfo"
^DBTBL("SYSDEV",5,"DBSRPTLST","[SYSDEV,DBTBL5D]ITMSEQ",106,6)=$C(9)_"set ZZSBL=db5dgc.blnksupr"_$C(9)_"// Suppress blank line indicator"
^DBTBL("SYSDEV",5,"DBSRPTLST","[SYSDEV,DBTBL5D]ITMSEQ",106,7)=$C(9)_"set ZZSLF=db5dgc.lfsupr"_$C(9,9)_"// Suppress line feed indicator"
^DBTBL("SYSDEV",5,"DBSRPTLST","[SYSDEV,DBTBL5D]ITMSEQ",106,8)=$C(9)_"// Repeat count"
^DBTBL("SYSDEV",5,"DBSRPTLST","[SYSDEV,DBTBL5D]ITMSEQ",106,9)=$C(9)_"set ZZREP=db5dgc.rptfrom_"",""_db5dgc.rptto_"",""_db5dgc.rptsize_"",""_db5dgc.rptcnt"
^DBTBL("SYSDEV",5,"DBSRPTLST","[SYSDEV,DBTBL5D]ITMSEQ",107)="5002|NAME|30|T||[SYSDEV,DBTBL5D]NAME|"
^DBTBL("SYSDEV",5,"DBSRPTLST","[SYSDEV,DBTBL5D]ITMSEQ",108)="5034|PROMPT|40|T||[SYSDEV,DBTBL5D]PROMPT|||1"
^DBTBL("SYSDEV",5,"DBSRPTLST","[SYSDEV,DBTBL5D]ITMSEQ",108,1)=$C(9)_"type Public String V"
^DBTBL("SYSDEV",5,"DBSRPTLST","[SYSDEV,DBTBL5D]ITMSEQ",108,2)=$C(9)_"set V=$TR(V,$C(128),$C(124))"
^DBTBL("SYSDEV",5,"DBSRPTLST","[SYSDEV,DBTBL5D]ITMSEQ",109)="5077|SIZE|3|N||[SYSDEV,DBTBL5D]SIZE|"
^DBTBL("SYSDEV",5,"DBSRPTLST","[SYSDEV,DBTBL5D]ITMSEQ",110)="5082|FMT|12|T||[SYSDEV,DBTBL5D]FMT|"
^DBTBL("SYSDEV",5,"DBSRPTLST","[SYSDEV,DBTBL5D]ITMSEQ",111)="5096|@121|3|N||@121|<<ZLINE,N,3>>||1"
^DBTBL("SYSDEV",5,"DBSRPTLST","[SYSDEV,DBTBL5D]ITMSEQ",111,1)=$C(9)_"type Public String ZLINE,ZSEC,ZSECTION"
^DBTBL("SYSDEV",5,"DBSRPTLST","[SYSDEV,DBTBL5D]ITMSEQ",111,1.001)=$C(9)_"type Number H1,H2"
^DBTBL("SYSDEV",5,"DBSRPTLST","[SYSDEV,DBTBL5D]ITMSEQ",111,1.002)=$C(9)_"type String X,Y"
^DBTBL("SYSDEV",5,"DBSRPTLST","[SYSDEV,DBTBL5D]ITMSEQ",111,1.003)=$C(9)
^DBTBL("SYSDEV",5,"DBSRPTLST","[SYSDEV,DBTBL5D]ITMSEQ",111,1.004)=$C(9)_"set X=ZSEC"
^DBTBL("SYSDEV",5,"DBSRPTLST","[SYSDEV,DBTBL5D]ITMSEQ",111,1.005)=$C(9)_"set Y=rwrs.getCol(""DBTBL5D.LINE"")"
^DBTBL("SYSDEV",5,"DBSRPTLST","[SYSDEV,DBTBL5D]ITMSEQ",111,1.006)=$C(9)_"set H1=X+$P(X,"","",2)+1"
^DBTBL("SYSDEV",5,"DBSRPTLST","[SYSDEV,DBTBL5D]ITMSEQ",111,1.007)=$C(9)_"set H2=X+1"
^DBTBL("SYSDEV",5,"DBSRPTLST","[SYSDEV,DBTBL5D]ITMSEQ",111,1.008)=$C(9)
^DBTBL("SYSDEV",5,"DBSRPTLST","[SYSDEV,DBTBL5D]ITMSEQ",111,1.009)=$C(9)_"if Y>H1 do {"
^DBTBL("SYSDEV",5,"DBSRPTLST","[SYSDEV,DBTBL5D]ITMSEQ",111,1.01)=$C(9,9)_"set ZSECTION=""Trailer"""
^DBTBL("SYSDEV",5,"DBSRPTLST","[SYSDEV,DBTBL5D]ITMSEQ",111,1.011)=$C(9,9)_"set ZLINE=Y-H1-1"
^DBTBL("SYSDEV",5,"DBSRPTLST","[SYSDEV,DBTBL5D]ITMSEQ",111,1.012)=$C(9,9)_"} "
^DBTBL("SYSDEV",5,"DBSRPTLST","[SYSDEV,DBTBL5D]ITMSEQ",111,1.013)=$C(9)_"else  if Y>H2 do {"
^DBTBL("SYSDEV",5,"DBSRPTLST","[SYSDEV,DBTBL5D]ITMSEQ",111,1.014)=$C(9,9)_"set ZSECTION=""Detail"""
^DBTBL("SYSDEV",5,"DBSRPTLST","[SYSDEV,DBTBL5D]ITMSEQ",111,1.015)=$C(9,9)_"set ZLINE=Y-X-1"
^DBTBL("SYSDEV",5,"DBSRPTLST","[SYSDEV,DBTBL5D]ITMSEQ",111,1.016)=$C(9,9)_"} "
^DBTBL("SYSDEV",5,"DBSRPTLST","[SYSDEV,DBTBL5D]ITMSEQ",111,1.017)=$C(9)_"else  do {"
^DBTBL("SYSDEV",5,"DBSRPTLST","[SYSDEV,DBTBL5D]ITMSEQ",111,1.018)=$C(9,9)_"set ZSECTION=""Header"""
^DBTBL("SYSDEV",5,"DBSRPTLST","[SYSDEV,DBTBL5D]ITMSEQ",111,1.019)=$C(9,9)_"set ZLINE=Y"
^DBTBL("SYSDEV",5,"DBSRPTLST","[SYSDEV,DBTBL5D]ITMSEQ",111,1.02)=$C(9,9)_"} "
^DBTBL("SYSDEV",5,"DBSRPTLST","[SYSDEV,DBTBL5D]ITMSEQ",111,1.021)=$C(9)
^DBTBL("SYSDEV",5,"DBSRPTLST","[SYSDEV,DBTBL5D]ITMSEQ",112)="5102|COL|3|N||[SYSDEV,DBTBL5D]COL|"
^DBTBL("SYSDEV",5,"DBSRPTLST","[SYSDEV,DBTBL5D]ITMSEQ",113)="5109|@122|8|T||@122|<<ZSECTION>>"
^DBTBL("SYSDEV",5,"DBSRPTLST","[SYSDEV,DBTBL5D]ITMSEQ",114)="5120|@123|1|T||@123|<<ZSBL>>||1"
^DBTBL("SYSDEV",5,"DBSRPTLST","[SYSDEV,DBTBL5D]ITMSEQ",114,1)=$C(9)_"type Public String ZSBL,ZZSBL"
^DBTBL("SYSDEV",5,"DBSRPTLST","[SYSDEV,DBTBL5D]ITMSEQ",114,2)=$C(9)_"type Number I,L"
^DBTBL("SYSDEV",5,"DBSRPTLST","[SYSDEV,DBTBL5D]ITMSEQ",114,3)=$C(9)_"type String X"
^DBTBL("SYSDEV",5,"DBSRPTLST","[SYSDEV,DBTBL5D]ITMSEQ",114,4)=""
^DBTBL("SYSDEV",5,"DBSRPTLST","[SYSDEV,DBTBL5D]ITMSEQ",114,5)=$C(9)_"set ZSBL="""""
^DBTBL("SYSDEV",5,"DBSRPTLST","[SYSDEV,DBTBL5D]ITMSEQ",114,6)=$C(9)_"quit:ZZSBL.get()="""""
^DBTBL("SYSDEV",5,"DBSRPTLST","[SYSDEV,DBTBL5D]ITMSEQ",114,7)=$C(9)
^DBTBL("SYSDEV",5,"DBSRPTLST","[SYSDEV,DBTBL5D]ITMSEQ",114,8)=$C(9)_"set L=ZZSBL.length("","")"
^DBTBL("SYSDEV",5,"DBSRPTLST","[SYSDEV,DBTBL5D]ITMSEQ",114,9)=$C(9)_"for I=1:1:L set X=ZZSBL.piece("","",I) quit:X=""""  do { quit:ZSBL=""Y"""
^DBTBL("SYSDEV",5,"DBSRPTLST","[SYSDEV,DBTBL5D]ITMSEQ",114,10)=$C(9,9)_"type Number FROM,TO "
^DBTBL("SYSDEV",5,"DBSRPTLST","[SYSDEV,DBTBL5D]ITMSEQ",114,11)=$C(9,9)_"set FROM=+X"
^DBTBL("SYSDEV",5,"DBSRPTLST","[SYSDEV,DBTBL5D]ITMSEQ",114,12)=$C(9,9)_"if X[""-"" set TO=$P(X,""-"",2)"
^DBTBL("SYSDEV",5,"DBSRPTLST","[SYSDEV,DBTBL5D]ITMSEQ",114,13)=$C(9,9)_"else  set TO=FROM"
^DBTBL("SYSDEV",5,"DBSRPTLST","[SYSDEV,DBTBL5D]ITMSEQ",114,14)=$C(9,9)_"if rwrs.getCol(""DBTBL5D.LINE"")'<FROM,rwrs.getCol(""DBTBL5D.LINE"")'>TO set ZSBL=""Y"""
^DBTBL("SYSDEV",5,"DBSRPTLST","[SYSDEV,DBTBL5D]ITMSEQ",114,15)=$C(9,9)_"}"
^DBTBL("SYSDEV",5,"DBSRPTLST","[SYSDEV,DBTBL5D]ITMSEQ",115)="5124|@124|1|T||@124|<<ZSLF>>||1"
^DBTBL("SYSDEV",5,"DBSRPTLST","[SYSDEV,DBTBL5D]ITMSEQ",115,1)=$C(9)_"type Public String ZSLF,ZZSLF"
^DBTBL("SYSDEV",5,"DBSRPTLST","[SYSDEV,DBTBL5D]ITMSEQ",115,2)=$C(9)_"// ---------- Suppress line feed ?"
^DBTBL("SYSDEV",5,"DBSRPTLST","[SYSDEV,DBTBL5D]ITMSEQ",115,3)=$C(9)
^DBTBL("SYSDEV",5,"DBSRPTLST","[SYSDEV,DBTBL5D]ITMSEQ",115,4)=$C(9)_"set ZSLF=$S(+ZZSLF=rwrs.getCol(""DBTBL5D.LINE""):""Y"",1:"""")"
^DBTBL("SYSDEV",5,"DBSRPTLST","[SYSDEV,DBTBL5D]ITMSEQ",116)="5128|@125|1|T||@125|<<ZREPEAT>>||1"
^DBTBL("SYSDEV",5,"DBSRPTLST","[SYSDEV,DBTBL5D]ITMSEQ",116,1)=$C(9)_"type Public String ZREPEAT,ZZREP"
^DBTBL("SYSDEV",5,"DBSRPTLST","[SYSDEV,DBTBL5D]ITMSEQ",116,2)=$C(9)_"set ZREPEAT="""""
^DBTBL("SYSDEV",5,"DBSRPTLST","[SYSDEV,DBTBL5D]ITMSEQ",116,3)=$C(9)_"quit:ZZREP="""""
^DBTBL("SYSDEV",5,"DBSRPTLST","[SYSDEV,DBTBL5D]ITMSEQ",116,4)=$C(9)_"if rwrs.getCol(""DBTBL5D.LINE"")'<ZZREP,rwrs.getCol(""DBTBL5D.LINE"")'>$P(ZZREP,""|"",2) set ZREPEAT=""Y"""
^DBTBL("SYSDEV",5,"DBSRPTLST","[SYSDEV,DBTBL5D]ITMSEQ",117)="6026|@126|40|T||@126|<<ZPREPP>>||1"
^DBTBL("SYSDEV",5,"DBSRPTLST","[SYSDEV,DBTBL5D]ITMSEQ",117,1)=$C(9)_"type Public Number verror"
^DBTBL("SYSDEV",5,"DBSRPTLST","[SYSDEV,DBTBL5D]ITMSEQ",117,1.001)=$C(9)_"type Number ITMSEQ,SEQ"
^DBTBL("SYSDEV",5,"DBSRPTLST","[SYSDEV,DBTBL5D]ITMSEQ",117,1.002)=$C(9)_"type String GRP,RID"
^DBTBL("SYSDEV",5,"DBSRPTLST","[SYSDEV,DBTBL5D]ITMSEQ",117,1.003)=$C(9)_"set verror=0"
^DBTBL("SYSDEV",5,"DBSRPTLST","[SYSDEV,DBTBL5D]ITMSEQ",117,1.004)=$C(9)_"set GRP=rwrs.getCol(""DBTBL5D.GRP"")"
^DBTBL("SYSDEV",5,"DBSRPTLST","[SYSDEV,DBTBL5D]ITMSEQ",117,1.005)=$C(9)_"set ITMSEQ=rwrs.getCol(""DBTBL5D.ITMSEQ"")"
^DBTBL("SYSDEV",5,"DBSRPTLST","[SYSDEV,DBTBL5D]ITMSEQ",117,1.006)=$C(9)_"set RID=rwrs.getCol(""DBTBL5D.RID"")"
^DBTBL("SYSDEV",5,"DBSRPTLST","[SYSDEV,DBTBL5D]ITMSEQ",117,1.007)=$C(9)_"for SEQ=1,21 do ZDBSPP1(GRP,ITMSEQ,SEQ,RID) quit:verror"
^DBTBL("SYSDEV",5,"DBSRPTLST","[SYSDEV,DBTBL5D]ITMSEQ",117,1.008)=$C(9)_"quit"
^DBTBL("SYSDEV",5,"DBSRPTLST","[SYSDEV,DBTBL5D]ITMSEQ",117,1.009)="ZDBSPP1(String GRP,Number ITMSEQ,Number SEQ,String RID)"_$C(9)_"/*"
^DBTBL("SYSDEV",5,"DBSRPTLST","[SYSDEV,DBTBL5D]ITMSEQ",117,1.01)=$C(9)_"Arguments:"
^DBTBL("SYSDEV",5,"DBSRPTLST","[SYSDEV,DBTBL5D]ITMSEQ",117,1.011)=$C(9,9)_". GRP"_$C(9,9)_"Group"
^DBTBL("SYSDEV",5,"DBSRPTLST","[SYSDEV,DBTBL5D]ITMSEQ",117,1.012)=$C(9,9)_". ITMSEQ"_$C(9)_"Item number"
^DBTBL("SYSDEV",5,"DBSRPTLST","[SYSDEV,DBTBL5D]ITMSEQ",117,1.013)=$C(9,9)_". SEQ"_$C(9,9)_"User defined pre/post-processors"
^DBTBL("SYSDEV",5,"DBSRPTLST","[SYSDEV,DBTBL5D]ITMSEQ",117,1.014)=$C(9,9)_". RID"_$C(9,9)_"Report name"
^DBTBL("SYSDEV",5,"DBSRPTLST","[SYSDEV,DBTBL5D]ITMSEQ",117,1.015)=$C(9)_"*/"
^DBTBL("SYSDEV",5,"DBSRPTLST","[SYSDEV,DBTBL5D]ITMSEQ",117,1.016)=$C(9)_"type Public Number verror"
^DBTBL("SYSDEV",5,"DBSRPTLST","[SYSDEV,DBTBL5D]ITMSEQ",117,1.017)=$C(9)_"type Public String VL"
^DBTBL("SYSDEV",5,"DBSRPTLST","[SYSDEV,DBTBL5D]ITMSEQ",117,1.018)=$C(9)_"type Number END,START"
^DBTBL("SYSDEV",5,"DBSRPTLST","[SYSDEV,DBTBL5D]ITMSEQ",117,1.019)=$C(9)_"set START=SEQ-.001,END=SEQ+20"
^DBTBL("SYSDEV",5,"DBSRPTLST","[SYSDEV,DBTBL5D]ITMSEQ",117,1.02)=$C(9)_"// I18N=OFF"
^DBTBL("SYSDEV",5,"DBSRPTLST","[SYSDEV,DBTBL5D]ITMSEQ",117,1.021)=$C(9)_"type ResultSet rs=Db.select(""DATA"",""DBTBL5D1"",""LIBS='SYSDEV' AND RID=:RID AND GRP=:GRP AND ITMSEQ=:ITMSEQ AND SEQ>:START AND SEQ<:END"",""SEQ ASC"")"
^DBTBL("SYSDEV",5,"DBSRPTLST","[SYSDEV,DBTBL5D]ITMSEQ",117,1.022)=$C(9)_"quit:rs.isEmpty()"
^DBTBL("SYSDEV",5,"DBSRPTLST","[SYSDEV,DBTBL5D]ITMSEQ",117,1.023)=$C(9)_"if SEQ=1 set VL=""Pre-Processor"""
^DBTBL("SYSDEV",5,"DBSRPTLST","[SYSDEV,DBTBL5D]ITMSEQ",117,1.024)=$C(9)_"else  if SEQ=21 set VL=""Post-Processor"""
^DBTBL("SYSDEV",5,"DBSRPTLST","[SYSDEV,DBTBL5D]ITMSEQ",117,1.025)=$C(9)_"else  set VL="""""
^DBTBL("SYSDEV",5,"DBSRPTLST","[SYSDEV,DBTBL5D]ITMSEQ",117,1.026)=$C(9)_"set VL=$J("""",25)_""<""_VL_"">"" do ZPPDSP quit:verror"
^DBTBL("SYSDEV",5,"DBSRPTLST","[SYSDEV,DBTBL5D]ITMSEQ",117,1.027)=$C(9)_"set VL="" "" do ZPPDSP quit:verror"
^DBTBL("SYSDEV",5,"DBSRPTLST","[SYSDEV,DBTBL5D]ITMSEQ",117,1.028)=$C(9)_"while rs.next() do {"
^DBTBL("SYSDEV",5,"DBSRPTLST","[SYSDEV,DBTBL5D]ITMSEQ",117,1.029)=$C(9,9)_"set VL=$J("""",25)_rs.getRow()"
^DBTBL("SYSDEV",5,"DBSRPTLST","[SYSDEV,DBTBL5D]ITMSEQ",117,1.03)=$C(9,9)_"do ZPPDSP quit:verror"
^DBTBL("SYSDEV",5,"DBSRPTLST","[SYSDEV,DBTBL5D]ITMSEQ",117,1.031)=$C(9,9)_"}"
^DBTBL("SYSDEV",5,"DBSRPTLST","[SYSDEV,DBTBL5D]ITMSEQ",117,1.032)=$C(9)_"set VL="" "" do ZPPDSP quit:verror"
^DBTBL("SYSDEV",5,"DBSRPTLST","[SYSDEV,DBTBL5D]ITMSEQ",117,1.033)=$C(9)_"quit"
^DBTBL("SYSDEV",5,"DBSRPTLST","[SYSDEV,DBTBL5D]ITMSEQ",117,1.034)=""
^DBTBL("SYSDEV",5,"DBSRPTLST","[SYSDEV,DBTBL5D]ITMSEQ",117,1.035)="ZPPDSP"_$C(9)_"// Display line"
^DBTBL("SYSDEV",5,"DBSRPTLST","[SYSDEV,DBTBL5D]ITMSEQ",117,1.036)=$C(9)_"type Public Number IOSL,verror,VFMQ,VLC"
^DBTBL("SYSDEV",5,"DBSRPTLST","[SYSDEV,DBTBL5D]ITMSEQ",117,1.037)=$C(9)_"if VLC+2>IOSL do {"
^DBTBL("SYSDEV",5,"DBSRPTLST","[SYSDEV,DBTBL5D]ITMSEQ",117,1.038)=$C(9,9)_"do VHDG0"
^DBTBL("SYSDEV",5,"DBSRPTLST","[SYSDEV,DBTBL5D]ITMSEQ",117,1.039)=$C(9,9)_"if VFMQ set verror=1"
^DBTBL("SYSDEV",5,"DBSRPTLST","[SYSDEV,DBTBL5D]ITMSEQ",117,1.04)=$C(9,9)_"}"
^DBTBL("SYSDEV",5,"DBSRPTLST","[SYSDEV,DBTBL5D]ITMSEQ",117,1.041)=$C(9)_"else  do VOM"
^DBTBL("SYSDEV",5,"DBSRPTLST","[SYSDEV,DBTBL5D]ITMSEQ",117,1.042)=$C(9)_"quit"
^DBTBL("SYSDEV",5,"DBSRPTLST","[SYSDEV,DBTBL5D]ITMSEQ",117,1.043)=""
^DBTBL("SYSDEV",5,"DBSRPTLST","[SYSDEV,DBTBL5D]ITMSEQ",117,1.044)=""
^DBTBL("SYSDEV",5,"DBSRPTLST","[SYSDEV,DBTBL5D]ITMSEQ",117,1.045)=""
^DBTBL("SYSDEV",5,"DBSRPTLST","[SYSDEV,DBTBL5D]ITMSEQ",117,1.046)=""
^DBTBL("SYSDEV",5,"DBSRPTLST","[SYSDEV,DBTBL5D]LIBS",0)="3,3,3"
^DBTBL("SYSDEV",5,"DBSRPTLST","[SYSDEV,DBTBL5D]RID",0)="1,40,1"
^DBTBL("SYSDEV",5,"DBSRPTLST","[SYSDEV,DBTBL5D]RID",26)="11-42"
^DBTBL("SYSDEV",5,"DBSRPTLST","[SYSDEV,DBTBL5D]RID",101)="3002|@23|6|T||@23|Name: "
^DBTBL("SYSDEV",5,"DBSRPTLST","[SYSDEV,DBTBL5D]RID",102)="3008|RID|12|T||[SYSDEV,DBTBL5D]RID|"
^DBTBL("SYSDEV",5,"DBSRPTLST","[SYSDEV,DBTBL5D]RID",103)="3022|DESC|40|T||[SYSDEV,DBTBL5H]DESC|"
^DBTBL("SYSDEV",5,"DBSRPTLST","[SYSDEV,DBTBL5D]RID",104)="3067|@24|9|T||@24|Program: "
^DBTBL("SYSDEV",5,"DBSRPTLST","[SYSDEV,DBTBL5D]RID",105)="3076|PGM|8|T||[SYSDEV,DBTBL5H]PGM|"
^DBTBL("SYSDEV",5,"DBSRPTLST","[SYSDEV,DBTBL5D]RID",106)="3086|@25|9|T||@25|User ID: "
^DBTBL("SYSDEV",5,"DBSRPTLST","[SYSDEV,DBTBL5D]RID",107)="3095|UID|20|T||[SYSDEV,DBTBL5H]UID|"
^DBTBL("SYSDEV",5,"DBSRPTLST","[SYSDEV,DBTBL5D]RID",108)="3117|@26|6|T||@26|Date: "
^DBTBL("SYSDEV",5,"DBSRPTLST","[SYSDEV,DBTBL5D]RID",109)="3123|DATE|10|D||[SYSDEV,DBTBL5H]DATE|"
^DBTBL("SYSDEV",5,"DBSRPTLST","[SYSDEV,DBTBL5D]RID",110)="4073|@27|12|T||@27|Page Length:"
^DBTBL("SYSDEV",5,"DBSRPTLST","[SYSDEV,DBTBL5D]RID",111)="4086|PSIZE|3|N||[SYSDEV,DBTBL5H]PSIZE|"
^DBTBL("SYSDEV",5,"DBSRPTLST","[SYSDEV,DBTBL5D]RID",112)="4098|@28|8|T||@28|Banner: "
^DBTBL("SYSDEV",5,"DBSRPTLST","[SYSDEV,DBTBL5D]RID",113)="4106|BANNER|1|L||[SYSDEV,DBTBL5H]BANNER|"
^DBTBL("SYSDEV",5,"DBSRPTLST","[SYSDEV,DBTBL5D]RID",114)="4113|@29|14|T||@29|Fixed Length: "
^DBTBL("SYSDEV",5,"DBSRPTLST","[SYSDEV,DBTBL5D]RID",115)="4127|FIXLEN|1|L||[SYSDEV,DBTBL5H]FIXLEN|"
^DBTBL("SYSDEV",5,"DBSRPTLST","[SYSDEV,DBTBL5D]RID",116)="5074|@30|11|T||@30|Page Width:"
^DBTBL("SYSDEV",5,"DBSRPTLST","[SYSDEV,DBTBL5D]RID",117)="5086|RSIZE|3|N||[SYSDEV,DBTBL5H]RSIZE|"
^DBTBL("SYSDEV",5,"DBSRPTLST","[SYSDEV,DBTBL5D]RID",118)="5095|@31|10|T||@31|Alignment:"
^DBTBL("SYSDEV",5,"DBSRPTLST","[SYSDEV,DBTBL5D]RID",119)="5106|ALIGN|1|L||[SYSDEV,DBTBL5H]ALIGN|"
^DBTBL("SYSDEV",5,"DBSRPTLST","[SYSDEV,DBTBL5D]RID",120)="5112|@32|14|T||@32|Protect Logic:"
^DBTBL("SYSDEV",5,"DBSRPTLST","[SYSDEV,DBTBL5D]RID",121)="5127|RESFLG|1|N||[SYSDEV,DBTBL5H]RESFLG|"
^DBTBL("SYSDEV",5,"DBSRPTLST","[SYSDEV,DBTBL5D]RID",122)="6109|@33|17|T||@33|SQL Query Syntax:"
^DBTBL("SYSDEV",5,"DBSRPTLST","[SYSDEV,DBTBL5D]RID",123)="6127|MSQL|1|L||[SYSDEV,DBTBL5H]MSQL|"
^DBTBL("SYSDEV",5,"DBSRPTLST","[SYSDEV,DBTBL5D]RID",124)="7026|@34|8|T||@34|File(s):"
^DBTBL("SYSDEV",5,"DBSRPTLST","[SYSDEV,DBTBL5D]RID",125)="7035|PFID|60|T||[SYSDEV,DBTBL5H]PFID|"
^DBTBL("SYSDEV",5,"DBSRPTLST","[SYSDEV,DBTBL5D]RID",126)="8099|@35|11|T||@35|New Page At"
^DBTBL("SYSDEV",5,"DBSRPTLST","[SYSDEV,DBTBL5D]RID",127)="8112|@36|5|T||@36|Print"
^DBTBL("SYSDEV",5,"DBSRPTLST","[SYSDEV,DBTBL5D]RID",128)="8120|@37|3|T||@37|Min"
^DBTBL("SYSDEV",5,"DBSRPTLST","[SYSDEV,DBTBL5D]RID",129)="8126|@38|5|T||@38|Order"
^DBTBL("SYSDEV",5,"DBSRPTLST","[SYSDEV,DBTBL5D]RID",130)="9035|@39|50|T||@39|--------------- Report Sequence By ---------------"
^DBTBL("SYSDEV",5,"DBSRPTLST","[SYSDEV,DBTBL5D]RID",131)="9100|@40|3|T||@40|Key"
^DBTBL("SYSDEV",5,"DBSRPTLST","[SYSDEV,DBTBL5D]RID",132)="9105|@41|5|T||@41|Break"
^DBTBL("SYSDEV",5,"DBSRPTLST","[SYSDEV,DBTBL5D]RID",133)="9112|@42|6|T||@42|Header"
^DBTBL("SYSDEV",5,"DBSRPTLST","[SYSDEV,DBTBL5D]RID",134)="9120|@43|4|T||@43|Line"
^DBTBL("SYSDEV",5,"DBSRPTLST","[SYSDEV,DBTBL5D]RID",135)="9127|@44|2|T||@44|By"
^DBTBL("SYSDEV",5,"DBSRPTLST","[SYSDEV,DBTBL5D]RID",136)="11035|SEQ|33|T||[SYSDEV,DBTBL5H]SEQ|"
^DBTBL("SYSDEV",5,"DBSRPTLST","[SYSDEV,DBTBL5D]RID",137)="11070|@45|25|T||@45|<<SEQDESC>>||1"
^DBTBL("SYSDEV",5,"DBSRPTLST","[SYSDEV,DBTBL5D]RID",137,1)=$C(9)_"type Public String SEQDESC"
^DBTBL("SYSDEV",5,"DBSRPTLST","[SYSDEV,DBTBL5D]RID",137,2)=""
^DBTBL("SYSDEV",5,"DBSRPTLST","[SYSDEV,DBTBL5D]RID",137,3)=$C(9)_"set SEQDESC=$$GETDESC(rwrs.getCol(""DBTBL5H.SEQ""))"
^DBTBL("SYSDEV",5,"DBSRPTLST","[SYSDEV,DBTBL5D]RID",137,4)=$C(9)_"quit"
^DBTBL("SYSDEV",5,"DBSRPTLST","[SYSDEV,DBTBL5D]RID",137,5)=""
^DBTBL("SYSDEV",5,"DBSRPTLST","[SYSDEV,DBTBL5D]RID",137,6)="GETDESC(String DATA)"
^DBTBL("SYSDEV",5,"DBSRPTLST","[SYSDEV,DBTBL5D]RID",137,7)=$C(9)_"type String DI,FID"
^DBTBL("SYSDEV",5,"DBSRPTLST","[SYSDEV,DBTBL5D]RID",137,8)=""
^DBTBL("SYSDEV",5,"DBSRPTLST","[SYSDEV,DBTBL5D]RID",137,9)=$C(9)_"if DATA="""" quit """""
^DBTBL("SYSDEV",5,"DBSRPTLST","[SYSDEV,DBTBL5D]RID",137,10)=""
^DBTBL("SYSDEV",5,"DBSRPTLST","[SYSDEV,DBTBL5D]RID",137,11)=$C(9)_"set FID=DATA.piece(""]"",1)"
^DBTBL("SYSDEV",5,"DBSRPTLST","[SYSDEV,DBTBL5D]RID",137,12)=$C(9)_"if FID["","" set FID=FID.piece("","",2)"
^DBTBL("SYSDEV",5,"DBSRPTLST","[SYSDEV,DBTBL5D]RID",137,13)=$C(9)_"else  set FID=FID.piece(""["",2)"
^DBTBL("SYSDEV",5,"DBSRPTLST","[SYSDEV,DBTBL5D]RID",137,14)=$C(9)_"set DI=DATA.piece(""]"",2)"
^DBTBL("SYSDEV",5,"DBSRPTLST","[SYSDEV,DBTBL5D]RID",137,15)=$C(9)_"type RecordDBTBL1D dbtbl1d=Db.getRecord(""DBTBL1D"",""%LIBS=""""SYSDEV"""",FID=:FID,DI=:DI"",1)"
^DBTBL("SYSDEV",5,"DBSRPTLST","[SYSDEV,DBTBL5D]RID",137,16)=$C(9)_"quit dbtbl1d.des"
^DBTBL("SYSDEV",5,"DBSRPTLST","[SYSDEV,DBTBL5D]RID",138)="11105|PGBK|1|L||[SYSDEV,DBTBL5H]PGBK|"
^DBTBL("SYSDEV",5,"DBSRPTLST","[SYSDEV,DBTBL5D]RID",139)="11114|PHDR|1|L||[SYSDEV,DBTBL5H]PHDR|"
^DBTBL("SYSDEV",5,"DBSRPTLST","[SYSDEV,DBTBL5D]RID",140)="11121|PRNG|2|T||[SYSDEV,DBTBL5H]PRNG|"
^DBTBL("SYSDEV",5,"DBSRPTLST","[SYSDEV,DBTBL5D]RID",141)="11128|SORTORD|1|T||[SYSDEV,DBTBL5H]SORTORD|"
^DBTBL("SYSDEV",5,"DBSRPTLST","[SYSDEV,DBTBL5D]RID",142)="12035|SEQ2|33|T||[SYSDEV,DBTBL5H]SEQ2|"
^DBTBL("SYSDEV",5,"DBSRPTLST","[SYSDEV,DBTBL5D]RID",143)="12070|@46|25|T||@46|<<SEQDESC>>||1"
^DBTBL("SYSDEV",5,"DBSRPTLST","[SYSDEV,DBTBL5D]RID",143,1)=$C(9)_"type Public String SEQDESC"
^DBTBL("SYSDEV",5,"DBSRPTLST","[SYSDEV,DBTBL5D]RID",143,2)=""
^DBTBL("SYSDEV",5,"DBSRPTLST","[SYSDEV,DBTBL5D]RID",143,3)=$C(9)_"set SEQDESC=$$GETDESC(rwrs.getCol(""DBTBL5H.SEQ2""))"
^DBTBL("SYSDEV",5,"DBSRPTLST","[SYSDEV,DBTBL5D]RID",143,4)=$C(9)_"quit"
^DBTBL("SYSDEV",5,"DBSRPTLST","[SYSDEV,DBTBL5D]RID",144)="12105|PGBK2|1|L||[SYSDEV,DBTBL5H]PGBK2|"
^DBTBL("SYSDEV",5,"DBSRPTLST","[SYSDEV,DBTBL5D]RID",145)="12114|PHDR2|1|L||[SYSDEV,DBTBL5H]PHDR2|"
^DBTBL("SYSDEV",5,"DBSRPTLST","[SYSDEV,DBTBL5D]RID",146)="12121|PRNG2|2|T||[SYSDEV,DBTBL5H]PRNG2|"
^DBTBL("SYSDEV",5,"DBSRPTLST","[SYSDEV,DBTBL5D]RID",147)="12128|SORTORD2|1|T||[SYSDEV,DBTBL5H]SORTORD2||1"
^DBTBL("SYSDEV",5,"DBSRPTLST","[SYSDEV,DBTBL5D]RID",147,21)=$C(9)_"type Public String V,VL"
^DBTBL("SYSDEV",5,"DBSRPTLST","[SYSDEV,DBTBL5D]RID",147,22)=""
^DBTBL("SYSDEV",5,"DBSRPTLST","[SYSDEV,DBTBL5D]RID",147,23)=$C(9)_"// Blank suppress the line"
^DBTBL("SYSDEV",5,"DBSRPTLST","[SYSDEV,DBTBL5D]RID",147,24)=$C(9)_"if rwrs.getCol(""DBTBL5H.SEQ2"")="""" set (V,VL)="""""
^DBTBL("SYSDEV",5,"DBSRPTLST","[SYSDEV,DBTBL5D]RID",148)="13035|SEQ3|33|T||[SYSDEV,DBTBL5H]SEQ3|"
^DBTBL("SYSDEV",5,"DBSRPTLST","[SYSDEV,DBTBL5D]RID",149)="13070|@47|25|T||@47|<<SEQDESC>>||1"
^DBTBL("SYSDEV",5,"DBSRPTLST","[SYSDEV,DBTBL5D]RID",149,1)=$C(9)_"type Public String SEQDESC"
^DBTBL("SYSDEV",5,"DBSRPTLST","[SYSDEV,DBTBL5D]RID",149,2)=""
^DBTBL("SYSDEV",5,"DBSRPTLST","[SYSDEV,DBTBL5D]RID",149,3)=$C(9)_"set SEQDESC=$$GETDESC(rwrs.getCol(""DBTBL5H.SEQ3""))"
^DBTBL("SYSDEV",5,"DBSRPTLST","[SYSDEV,DBTBL5D]RID",149,4)=$C(9)_"quit"
^DBTBL("SYSDEV",5,"DBSRPTLST","[SYSDEV,DBTBL5D]RID",150)="13105|PGBK3|1|L||[SYSDEV,DBTBL5H]PGBK3|"
^DBTBL("SYSDEV",5,"DBSRPTLST","[SYSDEV,DBTBL5D]RID",151)="13114|PHDR3|1|L||[SYSDEV,DBTBL5H]PHDR3|"
^DBTBL("SYSDEV",5,"DBSRPTLST","[SYSDEV,DBTBL5D]RID",152)="13121|PRNG3|2|T||[SYSDEV,DBTBL5H]PRNG3|"
^DBTBL("SYSDEV",5,"DBSRPTLST","[SYSDEV,DBTBL5D]RID",153)="13128|SORTORD3|1|T||[SYSDEV,DBTBL5H]SORTORD3||1"
^DBTBL("SYSDEV",5,"DBSRPTLST","[SYSDEV,DBTBL5D]RID",153,21)=$C(9)_"type Public String V,VL"
^DBTBL("SYSDEV",5,"DBSRPTLST","[SYSDEV,DBTBL5D]RID",153,22)=""
^DBTBL("SYSDEV",5,"DBSRPTLST","[SYSDEV,DBTBL5D]RID",153,23)=$C(9)_"// Blank suppress the line"
^DBTBL("SYSDEV",5,"DBSRPTLST","[SYSDEV,DBTBL5D]RID",153,24)=$C(9)_"if rwrs.getCol(""DBTBL5H.SEQ3"")="""" set (V,VL)="""""
^DBTBL("SYSDEV",5,"DBSRPTLST","[SYSDEV,DBTBL5D]RID",154)="14035|SEQ4|33|T||[SYSDEV,DBTBL5H]SEQ4|"
^DBTBL("SYSDEV",5,"DBSRPTLST","[SYSDEV,DBTBL5D]RID",155)="14070|@48|25|T||@48|<<SEQDESC>>||1"
^DBTBL("SYSDEV",5,"DBSRPTLST","[SYSDEV,DBTBL5D]RID",155,1)=$C(9)_"type Public String SEQDESC"
^DBTBL("SYSDEV",5,"DBSRPTLST","[SYSDEV,DBTBL5D]RID",155,2)=""
^DBTBL("SYSDEV",5,"DBSRPTLST","[SYSDEV,DBTBL5D]RID",155,3)=$C(9)_"set SEQDESC=$$GETDESC(rwrs.getCol(""DBTBL5H.SEQ4""))"
^DBTBL("SYSDEV",5,"DBSRPTLST","[SYSDEV,DBTBL5D]RID",155,4)=$C(9)_"quit"
^DBTBL("SYSDEV",5,"DBSRPTLST","[SYSDEV,DBTBL5D]RID",156)="14105|PGBK4|1|L||[SYSDEV,DBTBL5H]PGBK4|"
^DBTBL("SYSDEV",5,"DBSRPTLST","[SYSDEV,DBTBL5D]RID",157)="14114|PHDR4|1|L||[SYSDEV,DBTBL5H]PHDR4|"
^DBTBL("SYSDEV",5,"DBSRPTLST","[SYSDEV,DBTBL5D]RID",158)="14121|PRNG4|2|T||[SYSDEV,DBTBL5H]PRNG4|"
^DBTBL("SYSDEV",5,"DBSRPTLST","[SYSDEV,DBTBL5D]RID",159)="14128|SORTORD4|1|T||[SYSDEV,DBTBL5H]SORTORD4||1"
^DBTBL("SYSDEV",5,"DBSRPTLST","[SYSDEV,DBTBL5D]RID",159,21)=$C(9)_"type Public String V,VL"
^DBTBL("SYSDEV",5,"DBSRPTLST","[SYSDEV,DBTBL5D]RID",159,22)=""
^DBTBL("SYSDEV",5,"DBSRPTLST","[SYSDEV,DBTBL5D]RID",159,23)=$C(9)_"// Blank suppress the line"
^DBTBL("SYSDEV",5,"DBSRPTLST","[SYSDEV,DBTBL5D]RID",159,24)=$C(9)_"if rwrs.getCol(""DBTBL5H.SEQ4"")="""" set (V,VL)="""""
^DBTBL("SYSDEV",5,"DBSRPTLST","[SYSDEV,DBTBL5D]RID",160)="15035|SEQ5|33|T||[SYSDEV,DBTBL5H]SEQ5|"
^DBTBL("SYSDEV",5,"DBSRPTLST","[SYSDEV,DBTBL5D]RID",161)="15070|@49|25|T||@49|<<SEQDESC>>||1"
^DBTBL("SYSDEV",5,"DBSRPTLST","[SYSDEV,DBTBL5D]RID",161,1)=$C(9)_"type Public String SEQDESC"
^DBTBL("SYSDEV",5,"DBSRPTLST","[SYSDEV,DBTBL5D]RID",161,2)=""
^DBTBL("SYSDEV",5,"DBSRPTLST","[SYSDEV,DBTBL5D]RID",161,3)=$C(9)_"set SEQDESC=$$GETDESC(rwrs.getCol(""DBTBL5H.SEQ5""))"
^DBTBL("SYSDEV",5,"DBSRPTLST","[SYSDEV,DBTBL5D]RID",161,4)=$C(9)_"quit"
^DBTBL("SYSDEV",5,"DBSRPTLST","[SYSDEV,DBTBL5D]RID",162)="15105|PGBK5|1|L||[SYSDEV,DBTBL5H]PGBK5|"
^DBTBL("SYSDEV",5,"DBSRPTLST","[SYSDEV,DBTBL5D]RID",163)="15114|PHDR5|1|L||[SYSDEV,DBTBL5H]PHDR5|"
^DBTBL("SYSDEV",5,"DBSRPTLST","[SYSDEV,DBTBL5D]RID",164)="15121|PRNG5|2|T||[SYSDEV,DBTBL5H]PRNG5|"
^DBTBL("SYSDEV",5,"DBSRPTLST","[SYSDEV,DBTBL5D]RID",165)="15128|SORTORD5|1|T||[SYSDEV,DBTBL5H]SORTORD5||1"
^DBTBL("SYSDEV",5,"DBSRPTLST","[SYSDEV,DBTBL5D]RID",165,21)=$C(9)_"type Public String V,VL"
^DBTBL("SYSDEV",5,"DBSRPTLST","[SYSDEV,DBTBL5D]RID",165,22)=""
^DBTBL("SYSDEV",5,"DBSRPTLST","[SYSDEV,DBTBL5D]RID",165,23)=$C(9)_"// Blank suppress the line"
^DBTBL("SYSDEV",5,"DBSRPTLST","[SYSDEV,DBTBL5D]RID",165,24)=$C(9)_"if rwrs.getCol(""DBTBL5H.SEQ5"")="""" set (V,VL)="""""
^DBTBL("SYSDEV",5,"DBSRPTLST","[SYSDEV,DBTBL5D]RID",166)="16035|SEQ6|33|T||[SYSDEV,DBTBL5H]SEQ6|"
^DBTBL("SYSDEV",5,"DBSRPTLST","[SYSDEV,DBTBL5D]RID",167)="16070|@50|25|T||@50|<<SEQDESC>>||1"
^DBTBL("SYSDEV",5,"DBSRPTLST","[SYSDEV,DBTBL5D]RID",167,1)=$C(9)_"type Public String SEQDESC"
^DBTBL("SYSDEV",5,"DBSRPTLST","[SYSDEV,DBTBL5D]RID",167,2)=""
^DBTBL("SYSDEV",5,"DBSRPTLST","[SYSDEV,DBTBL5D]RID",167,3)=$C(9)_"set SEQDESC=$$GETDESC(rwrs.getCol(""DBTBL5H.SEQ6""))"
^DBTBL("SYSDEV",5,"DBSRPTLST","[SYSDEV,DBTBL5D]RID",167,4)=$C(9)_"quit"
^DBTBL("SYSDEV",5,"DBSRPTLST","[SYSDEV,DBTBL5D]RID",168)="16105|PGBK6|1|L||[SYSDEV,DBTBL5H]PGBK6|"
^DBTBL("SYSDEV",5,"DBSRPTLST","[SYSDEV,DBTBL5D]RID",169)="16114|PHDR6|1|L||[SYSDEV,DBTBL5H]PHDR6|"
^DBTBL("SYSDEV",5,"DBSRPTLST","[SYSDEV,DBTBL5D]RID",170)="16121|PRNG6|2|T||[SYSDEV,DBTBL5H]PRNG6|"
^DBTBL("SYSDEV",5,"DBSRPTLST","[SYSDEV,DBTBL5D]RID",171)="16128|SORTORD6|1|T||[SYSDEV,DBTBL5H]SORTORD6||1"
^DBTBL("SYSDEV",5,"DBSRPTLST","[SYSDEV,DBTBL5D]RID",171,21)=$C(9)_"type Public String V,VL"
^DBTBL("SYSDEV",5,"DBSRPTLST","[SYSDEV,DBTBL5D]RID",171,22)=""
^DBTBL("SYSDEV",5,"DBSRPTLST","[SYSDEV,DBTBL5D]RID",171,23)=$C(9)_"// Blank suppress the line"
^DBTBL("SYSDEV",5,"DBSRPTLST","[SYSDEV,DBTBL5D]RID",171,24)=$C(9)_"if rwrs.getCol(""DBTBL5H.SEQ6"")="""" set (V,VL)="""""
^DBTBL("SYSDEV",5,"DBSRPTLST","[SYSDEV,DBTBL5D]RID",172)="17035|SEQ7|33|T||[SYSDEV,DBTBL5H]SEQ7|"
^DBTBL("SYSDEV",5,"DBSRPTLST","[SYSDEV,DBTBL5D]RID",173)="17070|@51|25|T||@51|<<SEQDESC>>||1"
^DBTBL("SYSDEV",5,"DBSRPTLST","[SYSDEV,DBTBL5D]RID",173,1)=$C(9)_"type Public String SEQDESC"
^DBTBL("SYSDEV",5,"DBSRPTLST","[SYSDEV,DBTBL5D]RID",173,2)=""
^DBTBL("SYSDEV",5,"DBSRPTLST","[SYSDEV,DBTBL5D]RID",173,3)=$C(9)_"set SEQDESC=$$GETDESC(rwrs.getCol(""DBTBL5H.SEQ7""))"
^DBTBL("SYSDEV",5,"DBSRPTLST","[SYSDEV,DBTBL5D]RID",173,4)=$C(9)_"quit"
^DBTBL("SYSDEV",5,"DBSRPTLST","[SYSDEV,DBTBL5D]RID",174)="17105|PGBK7|1|L||[SYSDEV,DBTBL5H]PGBK7|"
^DBTBL("SYSDEV",5,"DBSRPTLST","[SYSDEV,DBTBL5D]RID",175)="17114|PHDR7|1|L||[SYSDEV,DBTBL5H]PHDR7|"
^DBTBL("SYSDEV",5,"DBSRPTLST","[SYSDEV,DBTBL5D]RID",176)="17121|PRNG7|2|T||[SYSDEV,DBTBL5H]PRNG7|"
^DBTBL("SYSDEV",5,"DBSRPTLST","[SYSDEV,DBTBL5D]RID",177)="17128|SORTORD7|1|T||[SYSDEV,DBTBL5H]SORTORD7||1"
^DBTBL("SYSDEV",5,"DBSRPTLST","[SYSDEV,DBTBL5D]RID",177,21)=$C(9)_"type Public String V,VL"
^DBTBL("SYSDEV",5,"DBSRPTLST","[SYSDEV,DBTBL5D]RID",177,22)=""
^DBTBL("SYSDEV",5,"DBSRPTLST","[SYSDEV,DBTBL5D]RID",177,23)=$C(9)_"// Blank suppress the line"
^DBTBL("SYSDEV",5,"DBSRPTLST","[SYSDEV,DBTBL5D]RID",177,24)=$C(9)_"if rwrs.getCol(""DBTBL5H.SEQ7"")="""" set (V,VL)="""""
^DBTBL("SYSDEV",5,"DBSRPTLST","[SYSDEV,DBTBL5D]RID",178)="18035|SEQ8|33|T||[SYSDEV,DBTBL5H]SEQ8|"
^DBTBL("SYSDEV",5,"DBSRPTLST","[SYSDEV,DBTBL5D]RID",179)="18070|@52|25|T||@52|<<SEQDESC>>||1"
^DBTBL("SYSDEV",5,"DBSRPTLST","[SYSDEV,DBTBL5D]RID",179,1)=$C(9)_"type Public String SEQDESC"
^DBTBL("SYSDEV",5,"DBSRPTLST","[SYSDEV,DBTBL5D]RID",179,2)=""
^DBTBL("SYSDEV",5,"DBSRPTLST","[SYSDEV,DBTBL5D]RID",179,3)=$C(9)_"set SEQDESC=$$GETDESC(rwrs.getCol(""DBTBL5H.SEQ8""))"
^DBTBL("SYSDEV",5,"DBSRPTLST","[SYSDEV,DBTBL5D]RID",179,4)=$C(9)_"quit"
^DBTBL("SYSDEV",5,"DBSRPTLST","[SYSDEV,DBTBL5D]RID",180)="18105|PGBK8|1|L||[SYSDEV,DBTBL5H]PGBK8|"
^DBTBL("SYSDEV",5,"DBSRPTLST","[SYSDEV,DBTBL5D]RID",181)="18114|PHDR8|1|L||[SYSDEV,DBTBL5H]PHDR8|"
^DBTBL("SYSDEV",5,"DBSRPTLST","[SYSDEV,DBTBL5D]RID",182)="18121|PRNG8|2|T||[SYSDEV,DBTBL5H]PRNG8|"
^DBTBL("SYSDEV",5,"DBSRPTLST","[SYSDEV,DBTBL5D]RID",183)="18128|SORTORD8|1|T||[SYSDEV,DBTBL5H]SORTORD8||1"
^DBTBL("SYSDEV",5,"DBSRPTLST","[SYSDEV,DBTBL5D]RID",183,21)=$C(9)_"type Public String V,VL"
^DBTBL("SYSDEV",5,"DBSRPTLST","[SYSDEV,DBTBL5D]RID",183,22)=""
^DBTBL("SYSDEV",5,"DBSRPTLST","[SYSDEV,DBTBL5D]RID",183,23)=$C(9)_"// Blank suppress the line"
^DBTBL("SYSDEV",5,"DBSRPTLST","[SYSDEV,DBTBL5D]RID",183,24)=$C(9)_"if rwrs.getCol(""DBTBL5H.SEQ8"")="""" set (V,VL)="""""
^DBTBL("SYSDEV",5,"DBSRPTLST","[SYSDEV,DBTBL5D]RID",184)="19035|SEQ9|33|T||[SYSDEV,DBTBL5H]SEQ9|"
^DBTBL("SYSDEV",5,"DBSRPTLST","[SYSDEV,DBTBL5D]RID",185)="19070|@53|25|T||@53|<<SEQDESC>>||1"
^DBTBL("SYSDEV",5,"DBSRPTLST","[SYSDEV,DBTBL5D]RID",185,1)=$C(9)_"type Public String SEQDESC"
^DBTBL("SYSDEV",5,"DBSRPTLST","[SYSDEV,DBTBL5D]RID",185,2)=""
^DBTBL("SYSDEV",5,"DBSRPTLST","[SYSDEV,DBTBL5D]RID",185,3)=$C(9)_"set SEQDESC=$$GETDESC(rwrs.getCol(""DBTBL5H.SEQ9""))"
^DBTBL("SYSDEV",5,"DBSRPTLST","[SYSDEV,DBTBL5D]RID",185,4)=$C(9)_"quit"
^DBTBL("SYSDEV",5,"DBSRPTLST","[SYSDEV,DBTBL5D]RID",186)="19105|PGBK9|1|L||[SYSDEV,DBTBL5H]PGBK9|"
^DBTBL("SYSDEV",5,"DBSRPTLST","[SYSDEV,DBTBL5D]RID",187)="19114|PHDR9|1|L||[SYSDEV,DBTBL5H]PHDR9|"
^DBTBL("SYSDEV",5,"DBSRPTLST","[SYSDEV,DBTBL5D]RID",188)="19121|PRNG9|2|T||[SYSDEV,DBTBL5H]PRNG9|"
^DBTBL("SYSDEV",5,"DBSRPTLST","[SYSDEV,DBTBL5D]RID",189)="19128|SORTORD9|1|T||[SYSDEV,DBTBL5H]SORTORD9||1"
^DBTBL("SYSDEV",5,"DBSRPTLST","[SYSDEV,DBTBL5D]RID",189,21)=$C(9)_"type Public String V,VL"
^DBTBL("SYSDEV",5,"DBSRPTLST","[SYSDEV,DBTBL5D]RID",189,22)=""
^DBTBL("SYSDEV",5,"DBSRPTLST","[SYSDEV,DBTBL5D]RID",189,23)=$C(9)_"// Blank suppress the line"
^DBTBL("SYSDEV",5,"DBSRPTLST","[SYSDEV,DBTBL5D]RID",189,24)=$C(9)_"if rwrs.getCol(""DBTBL5H.SEQ9"")="""" set (V,VL)="""""
^DBTBL("SYSDEV",5,"DBSRPTLST","[SYSDEV,DBTBL5D]RID",190)="20035|SEQ10|33|T||[SYSDEV,DBTBL5H]SEQ10|"
^DBTBL("SYSDEV",5,"DBSRPTLST","[SYSDEV,DBTBL5D]RID",191)="20070|@54|25|T||@54|<<SEQDESC>>||1"
^DBTBL("SYSDEV",5,"DBSRPTLST","[SYSDEV,DBTBL5D]RID",191,1)=$C(9)_"type Public String SEQDESC"
^DBTBL("SYSDEV",5,"DBSRPTLST","[SYSDEV,DBTBL5D]RID",191,2)=""
^DBTBL("SYSDEV",5,"DBSRPTLST","[SYSDEV,DBTBL5D]RID",191,3)=$C(9)_"set SEQDESC=$$GETDESC(rwrs.getCol(""DBTBL5H.SEQ10""))"
^DBTBL("SYSDEV",5,"DBSRPTLST","[SYSDEV,DBTBL5D]RID",191,4)=$C(9)_"quit"
^DBTBL("SYSDEV",5,"DBSRPTLST","[SYSDEV,DBTBL5D]RID",192)="20105|PGBK10|1|L||[SYSDEV,DBTBL5H]PGBK10|"
^DBTBL("SYSDEV",5,"DBSRPTLST","[SYSDEV,DBTBL5D]RID",193)="20114|PHDR10|1|L||[SYSDEV,DBTBL5H]PHDR10|"
^DBTBL("SYSDEV",5,"DBSRPTLST","[SYSDEV,DBTBL5D]RID",194)="20121|PRNG10|2|T||[SYSDEV,DBTBL5H]PRNG10|"
^DBTBL("SYSDEV",5,"DBSRPTLST","[SYSDEV,DBTBL5D]RID",195)="20128|SORTORD10|1|T||[SYSDEV,DBTBL5H]SORTORD10||1"
^DBTBL("SYSDEV",5,"DBSRPTLST","[SYSDEV,DBTBL5D]RID",195,21)=$C(9)_"type Public String V,VL"
^DBTBL("SYSDEV",5,"DBSRPTLST","[SYSDEV,DBTBL5D]RID",195,22)=""
^DBTBL("SYSDEV",5,"DBSRPTLST","[SYSDEV,DBTBL5D]RID",195,23)=$C(9)_"// Blank suppress the line"
^DBTBL("SYSDEV",5,"DBSRPTLST","[SYSDEV,DBTBL5D]RID",195,24)=$C(9)_"if rwrs.getCol(""DBTBL5H.SEQ10"")="""" set (V,VL)="""""
^DBTBL("SYSDEV",5,"DBSRPTLST","[SYSDEV,DBTBL5D]RID",196)="21012|@55|13|T||@55|Statistics:  "
^DBTBL("SYSDEV",5,"DBSRPTLST","[SYSDEV,DBTBL5D]RID",197)="21025|STATTRGT1|25|T||[SYSDEV,DBTBL5H]STATTRGT1|"
^DBTBL("SYSDEV",5,"DBSRPTLST","[SYSDEV,DBTBL5D]RID",198)="21052|@56|11|T||@56|Based On:  "
^DBTBL("SYSDEV",5,"DBSRPTLST","[SYSDEV,DBTBL5D]RID",199)="21063|STATSRC1|25|T||[SYSDEV,DBTBL5H]STATSRC1|"
^DBTBL("SYSDEV",5,"DBSRPTLST","[SYSDEV,DBTBL5D]RID",200)="21090|@57|11|T||@57|<<INCTXT>>||1"
^DBTBL("SYSDEV",5,"DBSRPTLST","[SYSDEV,DBTBL5D]RID",200,1)=$C(9)_"type Public String INCTXT"
^DBTBL("SYSDEV",5,"DBSRPTLST","[SYSDEV,DBTBL5D]RID",200,2)=""
^DBTBL("SYSDEV",5,"DBSRPTLST","[SYSDEV,DBTBL5D]RID",200,3)=$C(9)_"if rwrs.getCol(""DBTBL5H.STATINC1"")'="""" set INCTXT=""Increments:"""
^DBTBL("SYSDEV",5,"DBSRPTLST","[SYSDEV,DBTBL5D]RID",200,4)=$C(9)_"else  set INCTXT="""""
^DBTBL("SYSDEV",5,"DBSRPTLST","[SYSDEV,DBTBL5D]RID",201)="21103|STATINC1|26|T||[SYSDEV,DBTBL5H]STATINC1||1"
^DBTBL("SYSDEV",5,"DBSRPTLST","[SYSDEV,DBTBL5D]RID",201,21)=$C(9)_"type Public String V,VL"
^DBTBL("SYSDEV",5,"DBSRPTLST","[SYSDEV,DBTBL5D]RID",201,22)=""
^DBTBL("SYSDEV",5,"DBSRPTLST","[SYSDEV,DBTBL5D]RID",201,23)=$C(9)_"// Blank line if no info"
^DBTBL("SYSDEV",5,"DBSRPTLST","[SYSDEV,DBTBL5D]RID",201,24)=$C(9)_"if rwrs.getCol(""DBTBL5H.STATSRC1"")="""" set (V,VL)="""""
^DBTBL("SYSDEV",5,"DBSRPTLST","[SYSDEV,DBTBL5D]RID",202)="22012|@58|13|T||@58|Statistics:  "
^DBTBL("SYSDEV",5,"DBSRPTLST","[SYSDEV,DBTBL5D]RID",203)="22025|STATTRGT1|25|T||[SYSDEV,DBTBL5H]STATTRGT1|"
^DBTBL("SYSDEV",5,"DBSRPTLST","[SYSDEV,DBTBL5D]RID",204)="22052|@59|11|T||@59|Based On:  "
^DBTBL("SYSDEV",5,"DBSRPTLST","[SYSDEV,DBTBL5D]RID",205)="22063|STATSRC1|25|T||[SYSDEV,DBTBL5H]STATSRC1|"
^DBTBL("SYSDEV",5,"DBSRPTLST","[SYSDEV,DBTBL5D]RID",206)="22090|@60|11|T||@60|<<INCTXT>>||1"
^DBTBL("SYSDEV",5,"DBSRPTLST","[SYSDEV,DBTBL5D]RID",206,1)=$C(9)_"type Public String INCTXT"
^DBTBL("SYSDEV",5,"DBSRPTLST","[SYSDEV,DBTBL5D]RID",206,2)=""
^DBTBL("SYSDEV",5,"DBSRPTLST","[SYSDEV,DBTBL5D]RID",206,3)=$C(9)_"if rwrs.getCol(""DBTBL5H.STATINC1"")'="""" set INCTXT=""Increments:"""
^DBTBL("SYSDEV",5,"DBSRPTLST","[SYSDEV,DBTBL5D]RID",206,4)=$C(9)_"else  set INCTXT="""""
^DBTBL("SYSDEV",5,"DBSRPTLST","[SYSDEV,DBTBL5D]RID",207)="22103|STATINC1|26|T||[SYSDEV,DBTBL5H]STATINC1||1"
^DBTBL("SYSDEV",5,"DBSRPTLST","[SYSDEV,DBTBL5D]RID",207,21)=$C(9)_"type Public String V,VL"
^DBTBL("SYSDEV",5,"DBSRPTLST","[SYSDEV,DBTBL5D]RID",207,22)=""
^DBTBL("SYSDEV",5,"DBSRPTLST","[SYSDEV,DBTBL5D]RID",207,23)=$C(9)_"// Blank line if no info"
^DBTBL("SYSDEV",5,"DBSRPTLST","[SYSDEV,DBTBL5D]RID",207,24)=$C(9)_"if rwrs.getCol(""DBTBL5H.STATSRC1"")="""" set (V,VL)="""""
^DBTBL("SYSDEV",5,"DBSRPTLST","[SYSDEV,DBTBL5D]RID",208)="23012|@61|13|T||@61|Statistics:  "
^DBTBL("SYSDEV",5,"DBSRPTLST","[SYSDEV,DBTBL5D]RID",209)="23025|STATTRGT1|25|T||[SYSDEV,DBTBL5H]STATTRGT1|"
^DBTBL("SYSDEV",5,"DBSRPTLST","[SYSDEV,DBTBL5D]RID",210)="23052|@62|11|T||@62|Based On:  "
^DBTBL("SYSDEV",5,"DBSRPTLST","[SYSDEV,DBTBL5D]RID",211)="23063|STATSRC1|25|T||[SYSDEV,DBTBL5H]STATSRC1|"
^DBTBL("SYSDEV",5,"DBSRPTLST","[SYSDEV,DBTBL5D]RID",212)="23090|@63|11|T||@63|<<INCTXT>>||1"
^DBTBL("SYSDEV",5,"DBSRPTLST","[SYSDEV,DBTBL5D]RID",212,1)=$C(9)_"type Public String INCTXT"
^DBTBL("SYSDEV",5,"DBSRPTLST","[SYSDEV,DBTBL5D]RID",212,2)=""
^DBTBL("SYSDEV",5,"DBSRPTLST","[SYSDEV,DBTBL5D]RID",212,3)=$C(9)_"if rwrs.getCol(""DBTBL5H.STATINC1"")'="""" set INCTXT=""Increments:"""
^DBTBL("SYSDEV",5,"DBSRPTLST","[SYSDEV,DBTBL5D]RID",212,4)=$C(9)_"else  set INCTXT="""""
^DBTBL("SYSDEV",5,"DBSRPTLST","[SYSDEV,DBTBL5D]RID",213)="23103|STATINC1|26|T||[SYSDEV,DBTBL5H]STATINC1||1"
^DBTBL("SYSDEV",5,"DBSRPTLST","[SYSDEV,DBTBL5D]RID",213,21)=$C(9)_"type Public String V,VL"
^DBTBL("SYSDEV",5,"DBSRPTLST","[SYSDEV,DBTBL5D]RID",213,22)=""
^DBTBL("SYSDEV",5,"DBSRPTLST","[SYSDEV,DBTBL5D]RID",213,23)=$C(9)_"// Blank line if no info"
^DBTBL("SYSDEV",5,"DBSRPTLST","[SYSDEV,DBTBL5D]RID",213,24)=$C(9)_"if rwrs.getCol(""DBTBL5H.STATSRC1"")="""" set (V,VL)="""""
^DBTBL("SYSDEV",5,"DBSRPTLST","[SYSDEV,DBTBL5D]RID",214)="24012|@64|13|T||@64|Statistics:  "
^DBTBL("SYSDEV",5,"DBSRPTLST","[SYSDEV,DBTBL5D]RID",215)="24025|STATTRGT1|25|T||[SYSDEV,DBTBL5H]STATTRGT1|"
^DBTBL("SYSDEV",5,"DBSRPTLST","[SYSDEV,DBTBL5D]RID",216)="24052|@65|11|T||@65|Based On:  "
^DBTBL("SYSDEV",5,"DBSRPTLST","[SYSDEV,DBTBL5D]RID",217)="24063|STATSRC1|25|T||[SYSDEV,DBTBL5H]STATSRC1|"
^DBTBL("SYSDEV",5,"DBSRPTLST","[SYSDEV,DBTBL5D]RID",218)="24090|@66|11|T||@66|<<INCTXT>>||1"
^DBTBL("SYSDEV",5,"DBSRPTLST","[SYSDEV,DBTBL5D]RID",218,1)=$C(9)_"type Public String INCTXT"
^DBTBL("SYSDEV",5,"DBSRPTLST","[SYSDEV,DBTBL5D]RID",218,2)=""
^DBTBL("SYSDEV",5,"DBSRPTLST","[SYSDEV,DBTBL5D]RID",218,3)=$C(9)_"if rwrs.getCol(""DBTBL5H.STATINC1"")'="""" set INCTXT=""Increments:"""
^DBTBL("SYSDEV",5,"DBSRPTLST","[SYSDEV,DBTBL5D]RID",218,4)=$C(9)_"else  set INCTXT="""""
^DBTBL("SYSDEV",5,"DBSRPTLST","[SYSDEV,DBTBL5D]RID",219)="24103|STATINC1|26|T||[SYSDEV,DBTBL5H]STATINC1||1"
^DBTBL("SYSDEV",5,"DBSRPTLST","[SYSDEV,DBTBL5D]RID",219,21)=$C(9)_"type Public String V,VL"
^DBTBL("SYSDEV",5,"DBSRPTLST","[SYSDEV,DBTBL5D]RID",219,22)=""
^DBTBL("SYSDEV",5,"DBSRPTLST","[SYSDEV,DBTBL5D]RID",219,23)=$C(9)_"// Blank line if no info"
^DBTBL("SYSDEV",5,"DBSRPTLST","[SYSDEV,DBTBL5D]RID",219,24)=$C(9)_"if rwrs.getCol(""DBTBL5H.STATSRC1"")="""" set (V,VL)="""""
^DBTBL("SYSDEV",5,"DBSRPTLST","[SYSDEV,DBTBL5D]RID",220)="25012|@67|13|T||@67|Statistics:  "
^DBTBL("SYSDEV",5,"DBSRPTLST","[SYSDEV,DBTBL5D]RID",221)="25025|STATTRGT1|25|T||[SYSDEV,DBTBL5H]STATTRGT1|"
^DBTBL("SYSDEV",5,"DBSRPTLST","[SYSDEV,DBTBL5D]RID",222)="25052|@68|11|T||@68|Based On:  "
^DBTBL("SYSDEV",5,"DBSRPTLST","[SYSDEV,DBTBL5D]RID",223)="25063|STATSRC1|25|T||[SYSDEV,DBTBL5H]STATSRC1|"
^DBTBL("SYSDEV",5,"DBSRPTLST","[SYSDEV,DBTBL5D]RID",224)="25090|@69|11|T||@69|<<INCTXT>>||1"
^DBTBL("SYSDEV",5,"DBSRPTLST","[SYSDEV,DBTBL5D]RID",224,1)=$C(9)_"type Public String INCTXT"
^DBTBL("SYSDEV",5,"DBSRPTLST","[SYSDEV,DBTBL5D]RID",224,2)=""
^DBTBL("SYSDEV",5,"DBSRPTLST","[SYSDEV,DBTBL5D]RID",224,3)=$C(9)_"if rwrs.getCol(""DBTBL5H.STATINC1"")'="""" set INCTXT=""Increments:"""
^DBTBL("SYSDEV",5,"DBSRPTLST","[SYSDEV,DBTBL5D]RID",224,4)=$C(9)_"else  set INCTXT="""""
^DBTBL("SYSDEV",5,"DBSRPTLST","[SYSDEV,DBTBL5D]RID",225)="25103|STATINC1|26|T||[SYSDEV,DBTBL5H]STATINC1||1"
^DBTBL("SYSDEV",5,"DBSRPTLST","[SYSDEV,DBTBL5D]RID",225,21)=$C(9)_"type Public String V,VL"
^DBTBL("SYSDEV",5,"DBSRPTLST","[SYSDEV,DBTBL5D]RID",225,22)=""
^DBTBL("SYSDEV",5,"DBSRPTLST","[SYSDEV,DBTBL5D]RID",225,23)=$C(9)_"// Blank line if no info"
^DBTBL("SYSDEV",5,"DBSRPTLST","[SYSDEV,DBTBL5D]RID",225,24)=$C(9)_"if rwrs.getCol(""DBTBL5H.STATSRC1"")="""" set (V,VL)="""""
^DBTBL("SYSDEV",5,"DBSRPTLST","[SYSDEV,DBTBL5D]RID",226)="26012|@70|13|T||@70|Statistics:  "
^DBTBL("SYSDEV",5,"DBSRPTLST","[SYSDEV,DBTBL5D]RID",227)="26025|STATTRGT1|25|T||[SYSDEV,DBTBL5H]STATTRGT1|"
^DBTBL("SYSDEV",5,"DBSRPTLST","[SYSDEV,DBTBL5D]RID",228)="26052|@71|11|T||@71|Based On:  "
^DBTBL("SYSDEV",5,"DBSRPTLST","[SYSDEV,DBTBL5D]RID",229)="26063|STATSRC1|25|T||[SYSDEV,DBTBL5H]STATSRC1|"
^DBTBL("SYSDEV",5,"DBSRPTLST","[SYSDEV,DBTBL5D]RID",230)="26090|@72|11|T||@72|<<INCTXT>>||1"
^DBTBL("SYSDEV",5,"DBSRPTLST","[SYSDEV,DBTBL5D]RID",230,1)=$C(9)_"type Public String INCTXT"
^DBTBL("SYSDEV",5,"DBSRPTLST","[SYSDEV,DBTBL5D]RID",230,2)=""
^DBTBL("SYSDEV",5,"DBSRPTLST","[SYSDEV,DBTBL5D]RID",230,3)=$C(9)_"if rwrs.getCol(""DBTBL5H.STATINC1"")'="""" set INCTXT=""Increments:"""
^DBTBL("SYSDEV",5,"DBSRPTLST","[SYSDEV,DBTBL5D]RID",230,4)=$C(9)_"else  set INCTXT="""""
^DBTBL("SYSDEV",5,"DBSRPTLST","[SYSDEV,DBTBL5D]RID",231)="26103|STATINC1|26|T||[SYSDEV,DBTBL5H]STATINC1||1"
^DBTBL("SYSDEV",5,"DBSRPTLST","[SYSDEV,DBTBL5D]RID",231,21)=$C(9)_"type Public String V,VL"
^DBTBL("SYSDEV",5,"DBSRPTLST","[SYSDEV,DBTBL5D]RID",231,22)=""
^DBTBL("SYSDEV",5,"DBSRPTLST","[SYSDEV,DBTBL5D]RID",231,23)=$C(9)_"// Blank line if no info"
^DBTBL("SYSDEV",5,"DBSRPTLST","[SYSDEV,DBTBL5D]RID",231,24)=$C(9)_"if rwrs.getCol(""DBTBL5H.STATSRC1"")="""" set (V,VL)="""""
^DBTBL("SYSDEV",5,"DBSRPTLST","[SYSDEV,DBTBL5D]RID",232)="27012|@73|13|T||@73|Statistics:  "
^DBTBL("SYSDEV",5,"DBSRPTLST","[SYSDEV,DBTBL5D]RID",233)="27025|STATTRGT1|25|T||[SYSDEV,DBTBL5H]STATTRGT1|"
^DBTBL("SYSDEV",5,"DBSRPTLST","[SYSDEV,DBTBL5D]RID",234)="27052|@74|11|T||@74|Based On:  "
^DBTBL("SYSDEV",5,"DBSRPTLST","[SYSDEV,DBTBL5D]RID",235)="27063|STATSRC1|25|T||[SYSDEV,DBTBL5H]STATSRC1|"
^DBTBL("SYSDEV",5,"DBSRPTLST","[SYSDEV,DBTBL5D]RID",236)="27090|@75|11|T||@75|<<INCTXT>>||1"
^DBTBL("SYSDEV",5,"DBSRPTLST","[SYSDEV,DBTBL5D]RID",236,1)=$C(9)_"type Public String INCTXT"
^DBTBL("SYSDEV",5,"DBSRPTLST","[SYSDEV,DBTBL5D]RID",236,2)=""
^DBTBL("SYSDEV",5,"DBSRPTLST","[SYSDEV,DBTBL5D]RID",236,3)=$C(9)_"if rwrs.getCol(""DBTBL5H.STATINC1"")'="""" set INCTXT=""Increments:"""
^DBTBL("SYSDEV",5,"DBSRPTLST","[SYSDEV,DBTBL5D]RID",236,4)=$C(9)_"else  set INCTXT="""""
^DBTBL("SYSDEV",5,"DBSRPTLST","[SYSDEV,DBTBL5D]RID",237)="27103|STATINC1|26|T||[SYSDEV,DBTBL5H]STATINC1||1"
^DBTBL("SYSDEV",5,"DBSRPTLST","[SYSDEV,DBTBL5D]RID",237,21)=$C(9)_"type Public String V,VL"
^DBTBL("SYSDEV",5,"DBSRPTLST","[SYSDEV,DBTBL5D]RID",237,22)=""
^DBTBL("SYSDEV",5,"DBSRPTLST","[SYSDEV,DBTBL5D]RID",237,23)=$C(9)_"// Blank line if no info"
^DBTBL("SYSDEV",5,"DBSRPTLST","[SYSDEV,DBTBL5D]RID",237,24)=$C(9)_"if rwrs.getCol(""DBTBL5H.STATSRC1"")="""" set (V,VL)="""""
^DBTBL("SYSDEV",5,"DBSRPTLST","[SYSDEV,DBTBL5D]RID",238)="28012|@76|13|T||@76|Statistics:  "
^DBTBL("SYSDEV",5,"DBSRPTLST","[SYSDEV,DBTBL5D]RID",239)="28025|STATTRGT1|25|T||[SYSDEV,DBTBL5H]STATTRGT1|"
^DBTBL("SYSDEV",5,"DBSRPTLST","[SYSDEV,DBTBL5D]RID",240)="28052|@77|11|T||@77|Based On:  "
^DBTBL("SYSDEV",5,"DBSRPTLST","[SYSDEV,DBTBL5D]RID",241)="28063|STATSRC1|25|T||[SYSDEV,DBTBL5H]STATSRC1|"
^DBTBL("SYSDEV",5,"DBSRPTLST","[SYSDEV,DBTBL5D]RID",242)="28090|@78|11|T||@78|<<INCTXT>>||1"
^DBTBL("SYSDEV",5,"DBSRPTLST","[SYSDEV,DBTBL5D]RID",242,1)=$C(9)_"type Public String INCTXT"
^DBTBL("SYSDEV",5,"DBSRPTLST","[SYSDEV,DBTBL5D]RID",242,2)=""
^DBTBL("SYSDEV",5,"DBSRPTLST","[SYSDEV,DBTBL5D]RID",242,3)=$C(9)_"if rwrs.getCol(""DBTBL5H.STATINC1"")'="""" set INCTXT=""Increments:"""
^DBTBL("SYSDEV",5,"DBSRPTLST","[SYSDEV,DBTBL5D]RID",242,4)=$C(9)_"else  set INCTXT="""""
^DBTBL("SYSDEV",5,"DBSRPTLST","[SYSDEV,DBTBL5D]RID",243)="28103|STATINC1|26|T||[SYSDEV,DBTBL5H]STATINC1||1"
^DBTBL("SYSDEV",5,"DBSRPTLST","[SYSDEV,DBTBL5D]RID",243,21)=$C(9)_"type Public String V,VL"
^DBTBL("SYSDEV",5,"DBSRPTLST","[SYSDEV,DBTBL5D]RID",243,22)=""
^DBTBL("SYSDEV",5,"DBSRPTLST","[SYSDEV,DBTBL5D]RID",243,23)=$C(9)_"// Blank line if no info"
^DBTBL("SYSDEV",5,"DBSRPTLST","[SYSDEV,DBTBL5D]RID",243,24)=$C(9)_"if rwrs.getCol(""DBTBL5H.STATSRC1"")="""" set (V,VL)="""""
^DBTBL("SYSDEV",5,"DBSRPTLST","[SYSDEV,DBTBL5D]RID",244)="29012|@79|13|T||@79|Statistics:  "
^DBTBL("SYSDEV",5,"DBSRPTLST","[SYSDEV,DBTBL5D]RID",245)="29025|STATTRGT1|25|T||[SYSDEV,DBTBL5H]STATTRGT1|"
^DBTBL("SYSDEV",5,"DBSRPTLST","[SYSDEV,DBTBL5D]RID",246)="29052|@80|11|T||@80|Based On:  "
^DBTBL("SYSDEV",5,"DBSRPTLST","[SYSDEV,DBTBL5D]RID",247)="29063|STATSRC1|25|T||[SYSDEV,DBTBL5H]STATSRC1|"
^DBTBL("SYSDEV",5,"DBSRPTLST","[SYSDEV,DBTBL5D]RID",248)="29090|@81|11|T||@81|<<INCTXT>>||1"
^DBTBL("SYSDEV",5,"DBSRPTLST","[SYSDEV,DBTBL5D]RID",248,1)=$C(9)_"type Public String INCTXT"
^DBTBL("SYSDEV",5,"DBSRPTLST","[SYSDEV,DBTBL5D]RID",248,2)=""
^DBTBL("SYSDEV",5,"DBSRPTLST","[SYSDEV,DBTBL5D]RID",248,3)=$C(9)_"if rwrs.getCol(""DBTBL5H.STATINC1"")'="""" set INCTXT=""Increments:"""
^DBTBL("SYSDEV",5,"DBSRPTLST","[SYSDEV,DBTBL5D]RID",248,4)=$C(9)_"else  set INCTXT="""""
^DBTBL("SYSDEV",5,"DBSRPTLST","[SYSDEV,DBTBL5D]RID",249)="29103|STATINC1|26|T||[SYSDEV,DBTBL5H]STATINC1||1"
^DBTBL("SYSDEV",5,"DBSRPTLST","[SYSDEV,DBTBL5D]RID",249,21)=$C(9)_"type Public String V,VL"
^DBTBL("SYSDEV",5,"DBSRPTLST","[SYSDEV,DBTBL5D]RID",249,22)=""
^DBTBL("SYSDEV",5,"DBSRPTLST","[SYSDEV,DBTBL5D]RID",249,23)=$C(9)_"// Blank line if no info"
^DBTBL("SYSDEV",5,"DBSRPTLST","[SYSDEV,DBTBL5D]RID",249,24)=$C(9)_"if rwrs.getCol(""DBTBL5H.STATSRC1"")="""" set (V,VL)="""""
^DBTBL("SYSDEV",5,"DBSRPTLST","[SYSDEV,DBTBL5D]RID",250)="30012|@82|13|T||@82|Statistics:  "
^DBTBL("SYSDEV",5,"DBSRPTLST","[SYSDEV,DBTBL5D]RID",251)="30025|STATTRGT1|25|T||[SYSDEV,DBTBL5H]STATTRGT1|"
^DBTBL("SYSDEV",5,"DBSRPTLST","[SYSDEV,DBTBL5D]RID",252)="30052|@83|11|T||@83|Based On:  "
^DBTBL("SYSDEV",5,"DBSRPTLST","[SYSDEV,DBTBL5D]RID",253)="30063|STATSRC1|25|T||[SYSDEV,DBTBL5H]STATSRC1|"
^DBTBL("SYSDEV",5,"DBSRPTLST","[SYSDEV,DBTBL5D]RID",254)="30090|@84|11|T||@84|<<INCTXT>>||1"
^DBTBL("SYSDEV",5,"DBSRPTLST","[SYSDEV,DBTBL5D]RID",254,1)=$C(9)_"type Public String INCTXT"
^DBTBL("SYSDEV",5,"DBSRPTLST","[SYSDEV,DBTBL5D]RID",254,2)=""
^DBTBL("SYSDEV",5,"DBSRPTLST","[SYSDEV,DBTBL5D]RID",254,3)=$C(9)_"if rwrs.getCol(""DBTBL5H.STATINC1"")'="""" set INCTXT=""Increments:"""
^DBTBL("SYSDEV",5,"DBSRPTLST","[SYSDEV,DBTBL5D]RID",254,4)=$C(9)_"else  set INCTXT="""""
^DBTBL("SYSDEV",5,"DBSRPTLST","[SYSDEV,DBTBL5D]RID",255)="30103|STATINC1|26|T||[SYSDEV,DBTBL5H]STATINC1||1"
^DBTBL("SYSDEV",5,"DBSRPTLST","[SYSDEV,DBTBL5D]RID",255,21)=$C(9)_"type Public String V,VL"
^DBTBL("SYSDEV",5,"DBSRPTLST","[SYSDEV,DBTBL5D]RID",255,22)=""
^DBTBL("SYSDEV",5,"DBSRPTLST","[SYSDEV,DBTBL5D]RID",255,23)=$C(9)_"// Blank line if no info"
^DBTBL("SYSDEV",5,"DBSRPTLST","[SYSDEV,DBTBL5D]RID",255,24)=$C(9)_"if rwrs.getCol(""DBTBL5H.STATSRC1"")="""" set (V,VL)="""""
^DBTBL("SYSDEV",5,"DBSRPTLST","[SYSDEV,DBTBL5D]RID",256)="31012|@85|13|T||@85|Statistics:  "
^DBTBL("SYSDEV",5,"DBSRPTLST","[SYSDEV,DBTBL5D]RID",257)="31025|STATTRGT1|25|T||[SYSDEV,DBTBL5H]STATTRGT1|"
^DBTBL("SYSDEV",5,"DBSRPTLST","[SYSDEV,DBTBL5D]RID",258)="31052|@86|11|T||@86|Based On:  "
^DBTBL("SYSDEV",5,"DBSRPTLST","[SYSDEV,DBTBL5D]RID",259)="31063|STATSRC1|25|T||[SYSDEV,DBTBL5H]STATSRC1|"
^DBTBL("SYSDEV",5,"DBSRPTLST","[SYSDEV,DBTBL5D]RID",260)="31090|@87|11|T||@87|<<INCTXT>>||1"
^DBTBL("SYSDEV",5,"DBSRPTLST","[SYSDEV,DBTBL5D]RID",260,1)=$C(9)_"type Public String INCTXT"
^DBTBL("SYSDEV",5,"DBSRPTLST","[SYSDEV,DBTBL5D]RID",260,2)=""
^DBTBL("SYSDEV",5,"DBSRPTLST","[SYSDEV,DBTBL5D]RID",260,3)=$C(9)_"if rwrs.getCol(""DBTBL5H.STATINC1"")'="""" set INCTXT=""Increments:"""
^DBTBL("SYSDEV",5,"DBSRPTLST","[SYSDEV,DBTBL5D]RID",260,4)=$C(9)_"else  set INCTXT="""""
^DBTBL("SYSDEV",5,"DBSRPTLST","[SYSDEV,DBTBL5D]RID",261)="31103|STATINC1|26|T||[SYSDEV,DBTBL5H]STATINC1||1"
^DBTBL("SYSDEV",5,"DBSRPTLST","[SYSDEV,DBTBL5D]RID",261,21)=$C(9)_"type Public String V,VL"
^DBTBL("SYSDEV",5,"DBSRPTLST","[SYSDEV,DBTBL5D]RID",261,22)=""
^DBTBL("SYSDEV",5,"DBSRPTLST","[SYSDEV,DBTBL5D]RID",261,23)=$C(9)_"// Blank line if no info"
^DBTBL("SYSDEV",5,"DBSRPTLST","[SYSDEV,DBTBL5D]RID",261,24)=$C(9)_"if rwrs.getCol(""DBTBL5H.STATSRC1"")="""" set (V,VL)="""""
^DBTBL("SYSDEV",5,"DBSRPTLST","[SYSDEV,DBTBL5D]RID",262)="32012|@88|13|T||@88|Statistics:  "
^DBTBL("SYSDEV",5,"DBSRPTLST","[SYSDEV,DBTBL5D]RID",263)="32025|STATTRGT1|25|T||[SYSDEV,DBTBL5H]STATTRGT1|"
^DBTBL("SYSDEV",5,"DBSRPTLST","[SYSDEV,DBTBL5D]RID",264)="32052|@89|11|T||@89|Based On:  "
^DBTBL("SYSDEV",5,"DBSRPTLST","[SYSDEV,DBTBL5D]RID",265)="32063|STATSRC1|25|T||[SYSDEV,DBTBL5H]STATSRC1|"
^DBTBL("SYSDEV",5,"DBSRPTLST","[SYSDEV,DBTBL5D]RID",266)="32090|@90|11|T||@90|<<INCTXT>>||1"
^DBTBL("SYSDEV",5,"DBSRPTLST","[SYSDEV,DBTBL5D]RID",266,1)=$C(9)_"type Public String INCTXT"
^DBTBL("SYSDEV",5,"DBSRPTLST","[SYSDEV,DBTBL5D]RID",266,2)=""
^DBTBL("SYSDEV",5,"DBSRPTLST","[SYSDEV,DBTBL5D]RID",266,3)=$C(9)_"if rwrs.getCol(""DBTBL5H.STATINC1"")'="""" set INCTXT=""Increments:"""
^DBTBL("SYSDEV",5,"DBSRPTLST","[SYSDEV,DBTBL5D]RID",266,4)=$C(9)_"else  set INCTXT="""""
^DBTBL("SYSDEV",5,"DBSRPTLST","[SYSDEV,DBTBL5D]RID",267)="32103|STATINC1|26|T||[SYSDEV,DBTBL5H]STATINC1||1"
^DBTBL("SYSDEV",5,"DBSRPTLST","[SYSDEV,DBTBL5D]RID",267,21)=$C(9)_"type Public String V,VL"
^DBTBL("SYSDEV",5,"DBSRPTLST","[SYSDEV,DBTBL5D]RID",267,22)=""
^DBTBL("SYSDEV",5,"DBSRPTLST","[SYSDEV,DBTBL5D]RID",267,23)=$C(9)_"// Blank line if no info"
^DBTBL("SYSDEV",5,"DBSRPTLST","[SYSDEV,DBTBL5D]RID",267,24)=$C(9)_"if rwrs.getCol(""DBTBL5H.STATSRC1"")="""" set (V,VL)="""""
^DBTBL("SYSDEV",5,"DBSRPTLST","[SYSDEV,DBTBL5D]RID",268)="33012|@91|13|T||@91|Statistics:  "
^DBTBL("SYSDEV",5,"DBSRPTLST","[SYSDEV,DBTBL5D]RID",269)="33025|STATTRGT1|25|T||[SYSDEV,DBTBL5H]STATTRGT1|"
^DBTBL("SYSDEV",5,"DBSRPTLST","[SYSDEV,DBTBL5D]RID",270)="33052|@92|11|T||@92|Based On:  "
^DBTBL("SYSDEV",5,"DBSRPTLST","[SYSDEV,DBTBL5D]RID",271)="33063|STATSRC1|25|T||[SYSDEV,DBTBL5H]STATSRC1|"
^DBTBL("SYSDEV",5,"DBSRPTLST","[SYSDEV,DBTBL5D]RID",272)="33090|@93|11|T||@93|<<INCTXT>>||1"
^DBTBL("SYSDEV",5,"DBSRPTLST","[SYSDEV,DBTBL5D]RID",272,1)=$C(9)_"type Public String INCTXT"
^DBTBL("SYSDEV",5,"DBSRPTLST","[SYSDEV,DBTBL5D]RID",272,2)=""
^DBTBL("SYSDEV",5,"DBSRPTLST","[SYSDEV,DBTBL5D]RID",272,3)=$C(9)_"if rwrs.getCol(""DBTBL5H.STATINC1"")'="""" set INCTXT=""Increments:"""
^DBTBL("SYSDEV",5,"DBSRPTLST","[SYSDEV,DBTBL5D]RID",272,4)=$C(9)_"else  set INCTXT="""""
^DBTBL("SYSDEV",5,"DBSRPTLST","[SYSDEV,DBTBL5D]RID",273)="33103|STATINC1|26|T||[SYSDEV,DBTBL5H]STATINC1||1"
^DBTBL("SYSDEV",5,"DBSRPTLST","[SYSDEV,DBTBL5D]RID",273,21)=$C(9)_"type Public String V,VL"
^DBTBL("SYSDEV",5,"DBSRPTLST","[SYSDEV,DBTBL5D]RID",273,22)=""
^DBTBL("SYSDEV",5,"DBSRPTLST","[SYSDEV,DBTBL5D]RID",273,23)=$C(9)_"// Blank line if no info"
^DBTBL("SYSDEV",5,"DBSRPTLST","[SYSDEV,DBTBL5D]RID",273,24)=$C(9)_"if rwrs.getCol(""DBTBL5H.STATSRC1"")="""" set (V,VL)="""""
^DBTBL("SYSDEV",5,"DBSRPTLST","[SYSDEV,DBTBL5D]RID",274)="34012|@94|13|T||@94|Statistics:  "
^DBTBL("SYSDEV",5,"DBSRPTLST","[SYSDEV,DBTBL5D]RID",275)="34025|STATTRGT1|25|T||[SYSDEV,DBTBL5H]STATTRGT1|"
^DBTBL("SYSDEV",5,"DBSRPTLST","[SYSDEV,DBTBL5D]RID",276)="34052|@95|11|T||@95|Based On:  "
^DBTBL("SYSDEV",5,"DBSRPTLST","[SYSDEV,DBTBL5D]RID",277)="34063|STATSRC1|25|T||[SYSDEV,DBTBL5H]STATSRC1|"
^DBTBL("SYSDEV",5,"DBSRPTLST","[SYSDEV,DBTBL5D]RID",278)="34090|@96|11|T||@96|<<INCTXT>>||1"
^DBTBL("SYSDEV",5,"DBSRPTLST","[SYSDEV,DBTBL5D]RID",278,1)=$C(9)_"type Public String INCTXT"
^DBTBL("SYSDEV",5,"DBSRPTLST","[SYSDEV,DBTBL5D]RID",278,2)=""
^DBTBL("SYSDEV",5,"DBSRPTLST","[SYSDEV,DBTBL5D]RID",278,3)=$C(9)_"if rwrs.getCol(""DBTBL5H.STATINC1"")'="""" set INCTXT=""Increments:"""
^DBTBL("SYSDEV",5,"DBSRPTLST","[SYSDEV,DBTBL5D]RID",278,4)=$C(9)_"else  set INCTXT="""""
^DBTBL("SYSDEV",5,"DBSRPTLST","[SYSDEV,DBTBL5D]RID",279)="34103|STATINC1|26|T||[SYSDEV,DBTBL5H]STATINC1||1"
^DBTBL("SYSDEV",5,"DBSRPTLST","[SYSDEV,DBTBL5D]RID",279,21)=$C(9)_"type Public String V,VL"
^DBTBL("SYSDEV",5,"DBSRPTLST","[SYSDEV,DBTBL5D]RID",279,22)=""
^DBTBL("SYSDEV",5,"DBSRPTLST","[SYSDEV,DBTBL5D]RID",279,23)=$C(9)_"// Blank line if no info"
^DBTBL("SYSDEV",5,"DBSRPTLST","[SYSDEV,DBTBL5D]RID",279,24)=$C(9)_"if rwrs.getCol(""DBTBL5H.STATSRC1"")="""" set (V,VL)="""""
^DBTBL("SYSDEV",5,"DBSRPTLST","[SYSDEV,DBTBL5D]RID",280)="35012|@97|13|T||@97|Statistics:  "
^DBTBL("SYSDEV",5,"DBSRPTLST","[SYSDEV,DBTBL5D]RID",281)="35025|STATTRGT1|25|T||[SYSDEV,DBTBL5H]STATTRGT1|"
^DBTBL("SYSDEV",5,"DBSRPTLST","[SYSDEV,DBTBL5D]RID",282)="35052|@98|11|T||@98|Based On:  "
^DBTBL("SYSDEV",5,"DBSRPTLST","[SYSDEV,DBTBL5D]RID",283)="35063|STATSRC1|25|T||[SYSDEV,DBTBL5H]STATSRC1|"
^DBTBL("SYSDEV",5,"DBSRPTLST","[SYSDEV,DBTBL5D]RID",284)="35090|@99|11|T||@99|<<INCTXT>>||1"
^DBTBL("SYSDEV",5,"DBSRPTLST","[SYSDEV,DBTBL5D]RID",284,1)=$C(9)_"type Public String INCTXT"
^DBTBL("SYSDEV",5,"DBSRPTLST","[SYSDEV,DBTBL5D]RID",284,2)=""
^DBTBL("SYSDEV",5,"DBSRPTLST","[SYSDEV,DBTBL5D]RID",284,3)=$C(9)_"if rwrs.getCol(""DBTBL5H.STATINC1"")'="""" set INCTXT=""Increments:"""
^DBTBL("SYSDEV",5,"DBSRPTLST","[SYSDEV,DBTBL5D]RID",284,4)=$C(9)_"else  set INCTXT="""""
^DBTBL("SYSDEV",5,"DBSRPTLST","[SYSDEV,DBTBL5D]RID",285)="35103|STATINC1|26|T||[SYSDEV,DBTBL5H]STATINC1||1"
^DBTBL("SYSDEV",5,"DBSRPTLST","[SYSDEV,DBTBL5D]RID",285,21)=$C(9)_"type Public String V,VL"
^DBTBL("SYSDEV",5,"DBSRPTLST","[SYSDEV,DBTBL5D]RID",285,22)=""
^DBTBL("SYSDEV",5,"DBSRPTLST","[SYSDEV,DBTBL5D]RID",285,23)=$C(9)_"// Blank line if no info"
^DBTBL("SYSDEV",5,"DBSRPTLST","[SYSDEV,DBTBL5D]RID",285,24)=$C(9)_"if rwrs.getCol(""DBTBL5H.STATSRC1"")="""" set (V,VL)="""""
^DBTBL("SYSDEV",5,"DBSRPTLST","[SYSDEV,DBTBL5D]RID",286)="36012|@100|13|T||@100|Statistics:  "
^DBTBL("SYSDEV",5,"DBSRPTLST","[SYSDEV,DBTBL5D]RID",287)="36025|STATTRGT1|25|T||[SYSDEV,DBTBL5H]STATTRGT1|"
^DBTBL("SYSDEV",5,"DBSRPTLST","[SYSDEV,DBTBL5D]RID",288)="36052|@101|11|T||@101|Based On:  "
^DBTBL("SYSDEV",5,"DBSRPTLST","[SYSDEV,DBTBL5D]RID",289)="36063|STATSRC1|25|T||[SYSDEV,DBTBL5H]STATSRC1|"
^DBTBL("SYSDEV",5,"DBSRPTLST","[SYSDEV,DBTBL5D]RID",290)="36090|@102|11|T||@102|<<INCTXT>>||1"
^DBTBL("SYSDEV",5,"DBSRPTLST","[SYSDEV,DBTBL5D]RID",290,1)=$C(9)_"type Public String INCTXT"
^DBTBL("SYSDEV",5,"DBSRPTLST","[SYSDEV,DBTBL5D]RID",290,2)=""
^DBTBL("SYSDEV",5,"DBSRPTLST","[SYSDEV,DBTBL5D]RID",290,3)=$C(9)_"if rwrs.getCol(""DBTBL5H.STATINC1"")'="""" set INCTXT=""Increments:"""
^DBTBL("SYSDEV",5,"DBSRPTLST","[SYSDEV,DBTBL5D]RID",290,4)=$C(9)_"else  set INCTXT="""""
^DBTBL("SYSDEV",5,"DBSRPTLST","[SYSDEV,DBTBL5D]RID",291)="36103|STATINC1|26|T||[SYSDEV,DBTBL5H]STATINC1||1"
^DBTBL("SYSDEV",5,"DBSRPTLST","[SYSDEV,DBTBL5D]RID",291,21)=$C(9)_"type Public String V,VL"
^DBTBL("SYSDEV",5,"DBSRPTLST","[SYSDEV,DBTBL5D]RID",291,22)=""
^DBTBL("SYSDEV",5,"DBSRPTLST","[SYSDEV,DBTBL5D]RID",291,23)=$C(9)_"// Blank line if no info"
^DBTBL("SYSDEV",5,"DBSRPTLST","[SYSDEV,DBTBL5D]RID",291,24)=$C(9)_"if rwrs.getCol(""DBTBL5H.STATSRC1"")="""" set (V,VL)="""""
^DBTBL("SYSDEV",5,"DBSRPTLST","[SYSDEV,DBTBL5D]RID",292)="37012|@103|13|T||@103|Statistics:  "
^DBTBL("SYSDEV",5,"DBSRPTLST","[SYSDEV,DBTBL5D]RID",293)="37025|STATTRGT1|25|T||[SYSDEV,DBTBL5H]STATTRGT1|"
^DBTBL("SYSDEV",5,"DBSRPTLST","[SYSDEV,DBTBL5D]RID",294)="37052|@104|11|T||@104|Based On:  "
^DBTBL("SYSDEV",5,"DBSRPTLST","[SYSDEV,DBTBL5D]RID",295)="37063|STATSRC1|25|T||[SYSDEV,DBTBL5H]STATSRC1|"
^DBTBL("SYSDEV",5,"DBSRPTLST","[SYSDEV,DBTBL5D]RID",296)="37090|@105|11|T||@105|<<INCTXT>>||1"
^DBTBL("SYSDEV",5,"DBSRPTLST","[SYSDEV,DBTBL5D]RID",296,1)=$C(9)_"type Public String INCTXT"
^DBTBL("SYSDEV",5,"DBSRPTLST","[SYSDEV,DBTBL5D]RID",296,2)=""
^DBTBL("SYSDEV",5,"DBSRPTLST","[SYSDEV,DBTBL5D]RID",296,3)=$C(9)_"if rwrs.getCol(""DBTBL5H.STATINC1"")'="""" set INCTXT=""Increments:"""
^DBTBL("SYSDEV",5,"DBSRPTLST","[SYSDEV,DBTBL5D]RID",296,4)=$C(9)_"else  set INCTXT="""""
^DBTBL("SYSDEV",5,"DBSRPTLST","[SYSDEV,DBTBL5D]RID",297)="37103|STATINC1|26|T||[SYSDEV,DBTBL5H]STATINC1||1"
^DBTBL("SYSDEV",5,"DBSRPTLST","[SYSDEV,DBTBL5D]RID",297,21)=$C(9)_"type Public String V,VL"
^DBTBL("SYSDEV",5,"DBSRPTLST","[SYSDEV,DBTBL5D]RID",297,22)=""
^DBTBL("SYSDEV",5,"DBSRPTLST","[SYSDEV,DBTBL5D]RID",297,23)=$C(9)_"// Blank line if no info"
^DBTBL("SYSDEV",5,"DBSRPTLST","[SYSDEV,DBTBL5D]RID",297,24)=$C(9)_"if rwrs.getCol(""DBTBL5H.STATSRC1"")="""" set (V,VL)="""""
^DBTBL("SYSDEV",5,"DBSRPTLST","[SYSDEV,DBTBL5D]RID",298)="38012|@106|13|T||@106|Statistics:  "
^DBTBL("SYSDEV",5,"DBSRPTLST","[SYSDEV,DBTBL5D]RID",299)="38025|STATTRGT1|25|T||[SYSDEV,DBTBL5H]STATTRGT1|"
^DBTBL("SYSDEV",5,"DBSRPTLST","[SYSDEV,DBTBL5D]RID",300)="38052|@107|11|T||@107|Based On:  "
^DBTBL("SYSDEV",5,"DBSRPTLST","[SYSDEV,DBTBL5D]RID",301)="38063|STATSRC1|25|T||[SYSDEV,DBTBL5H]STATSRC1|"
^DBTBL("SYSDEV",5,"DBSRPTLST","[SYSDEV,DBTBL5D]RID",302)="38090|@108|11|T||@108|<<INCTXT>>||1"
^DBTBL("SYSDEV",5,"DBSRPTLST","[SYSDEV,DBTBL5D]RID",302,1)=$C(9)_"type Public String INCTXT"
^DBTBL("SYSDEV",5,"DBSRPTLST","[SYSDEV,DBTBL5D]RID",302,2)=""
^DBTBL("SYSDEV",5,"DBSRPTLST","[SYSDEV,DBTBL5D]RID",302,3)=$C(9)_"if rwrs.getCol(""DBTBL5H.STATINC1"")'="""" set INCTXT=""Increments:"""
^DBTBL("SYSDEV",5,"DBSRPTLST","[SYSDEV,DBTBL5D]RID",302,4)=$C(9)_"else  set INCTXT="""""
^DBTBL("SYSDEV",5,"DBSRPTLST","[SYSDEV,DBTBL5D]RID",303)="38103|STATINC1|26|T||[SYSDEV,DBTBL5H]STATINC1||1"
^DBTBL("SYSDEV",5,"DBSRPTLST","[SYSDEV,DBTBL5D]RID",303,21)=$C(9)_"type Public String V,VL"
^DBTBL("SYSDEV",5,"DBSRPTLST","[SYSDEV,DBTBL5D]RID",303,22)=""
^DBTBL("SYSDEV",5,"DBSRPTLST","[SYSDEV,DBTBL5D]RID",303,23)=$C(9)_"// Blank line if no info"
^DBTBL("SYSDEV",5,"DBSRPTLST","[SYSDEV,DBTBL5D]RID",303,24)=$C(9)_"if rwrs.getCol(""DBTBL5H.STATSRC1"")="""" set (V,VL)="""""
^DBTBL("SYSDEV",5,"DBSRPTLST","[SYSDEV,DBTBL5D]RID",304)="39012|@109|13|T||@109|Statistics:  "
^DBTBL("SYSDEV",5,"DBSRPTLST","[SYSDEV,DBTBL5D]RID",305)="39025|STATTRGT1|25|T||[SYSDEV,DBTBL5H]STATTRGT1|"
^DBTBL("SYSDEV",5,"DBSRPTLST","[SYSDEV,DBTBL5D]RID",306)="39052|@110|11|T||@110|Based On:  "
^DBTBL("SYSDEV",5,"DBSRPTLST","[SYSDEV,DBTBL5D]RID",307)="39063|STATSRC1|25|T||[SYSDEV,DBTBL5H]STATSRC1|"
^DBTBL("SYSDEV",5,"DBSRPTLST","[SYSDEV,DBTBL5D]RID",308)="39090|@111|11|T||@111|<<INCTXT>>||1"
^DBTBL("SYSDEV",5,"DBSRPTLST","[SYSDEV,DBTBL5D]RID",308,1)=$C(9)_"type Public String INCTXT"
^DBTBL("SYSDEV",5,"DBSRPTLST","[SYSDEV,DBTBL5D]RID",308,2)=""
^DBTBL("SYSDEV",5,"DBSRPTLST","[SYSDEV,DBTBL5D]RID",308,3)=$C(9)_"if rwrs.getCol(""DBTBL5H.STATINC1"")'="""" set INCTXT=""Increments:"""
^DBTBL("SYSDEV",5,"DBSRPTLST","[SYSDEV,DBTBL5D]RID",308,4)=$C(9)_"else  set INCTXT="""""
^DBTBL("SYSDEV",5,"DBSRPTLST","[SYSDEV,DBTBL5D]RID",309)="39103|STATINC1|26|T||[SYSDEV,DBTBL5H]STATINC1||1"
^DBTBL("SYSDEV",5,"DBSRPTLST","[SYSDEV,DBTBL5D]RID",309,21)=$C(9)_"type Public String V,VL"
^DBTBL("SYSDEV",5,"DBSRPTLST","[SYSDEV,DBTBL5D]RID",309,22)=""
^DBTBL("SYSDEV",5,"DBSRPTLST","[SYSDEV,DBTBL5D]RID",309,23)=$C(9)_"// Blank line if no info"
^DBTBL("SYSDEV",5,"DBSRPTLST","[SYSDEV,DBTBL5D]RID",309,24)=$C(9)_"if rwrs.getCol(""DBTBL5H.STATSRC1"")="""" set (V,VL)="""""
^DBTBL("SYSDEV",5,"DBSRPTLST","[SYSDEV,DBTBL5D]RID",310)="40012|@112|13|T||@112|Statistics:  "
^DBTBL("SYSDEV",5,"DBSRPTLST","[SYSDEV,DBTBL5D]RID",311)="40025|STATTRGT1|25|T||[SYSDEV,DBTBL5H]STATTRGT1|"
^DBTBL("SYSDEV",5,"DBSRPTLST","[SYSDEV,DBTBL5D]RID",312)="40052|@113|11|T||@113|Based On:  "
^DBTBL("SYSDEV",5,"DBSRPTLST","[SYSDEV,DBTBL5D]RID",313)="40063|STATSRC1|25|T||[SYSDEV,DBTBL5H]STATSRC1|"
^DBTBL("SYSDEV",5,"DBSRPTLST","[SYSDEV,DBTBL5D]RID",314)="40090|@114|11|T||@114|<<INCTXT>>||1"
^DBTBL("SYSDEV",5,"DBSRPTLST","[SYSDEV,DBTBL5D]RID",314,1)=$C(9)_"type Public String INCTXT"
^DBTBL("SYSDEV",5,"DBSRPTLST","[SYSDEV,DBTBL5D]RID",314,2)=""
^DBTBL("SYSDEV",5,"DBSRPTLST","[SYSDEV,DBTBL5D]RID",314,3)=$C(9)_"if rwrs.getCol(""DBTBL5H.STATINC1"")'="""" set INCTXT=""Increments:"""
^DBTBL("SYSDEV",5,"DBSRPTLST","[SYSDEV,DBTBL5D]RID",314,4)=$C(9)_"else  set INCTXT="""""
^DBTBL("SYSDEV",5,"DBSRPTLST","[SYSDEV,DBTBL5D]RID",315)="40103|STATINC1|26|T||[SYSDEV,DBTBL5H]STATINC1||1"
^DBTBL("SYSDEV",5,"DBSRPTLST","[SYSDEV,DBTBL5D]RID",315,21)=$C(9)_"type Public String V,VL"
^DBTBL("SYSDEV",5,"DBSRPTLST","[SYSDEV,DBTBL5D]RID",315,22)=""
^DBTBL("SYSDEV",5,"DBSRPTLST","[SYSDEV,DBTBL5D]RID",315,23)=$C(9)_"// Blank line if no info"
^DBTBL("SYSDEV",5,"DBSRPTLST","[SYSDEV,DBTBL5D]RID",315,24)=$C(9)_"if rwrs.getCol(""DBTBL5H.STATSRC1"")="""" set (V,VL)="""""
^DBTBL("SYSDEV",5,"DBSRPTLST","[SYSDEV,DBTBL5D]RID",316)="42026|@115|100|T||@115|<<ZPREPP>>||1"
^DBTBL("SYSDEV",5,"DBSRPTLST","[SYSDEV,DBTBL5D]RID",316,1)=$C(9)_"type Public Number verror"
^DBTBL("SYSDEV",5,"DBSRPTLST","[SYSDEV,DBTBL5D]RID",316,1.001)=$C(9)_"type Public String ZPREPP"
^DBTBL("SYSDEV",5,"DBSRPTLST","[SYSDEV,DBTBL5D]RID",316,1.002)=$C(9)_"type Number SEQ"
^DBTBL("SYSDEV",5,"DBSRPTLST","[SYSDEV,DBTBL5D]RID",316,1.003)=$C(9)_"type String RID"
^DBTBL("SYSDEV",5,"DBSRPTLST","[SYSDEV,DBTBL5D]RID",316,1.004)=""
^DBTBL("SYSDEV",5,"DBSRPTLST","[SYSDEV,DBTBL5D]RID",316,1.005)=$C(9)_"set RID=rwrs.getCol(""DBTBL5D.RID"")"
^DBTBL("SYSDEV",5,"DBSRPTLST","[SYSDEV,DBTBL5D]RID",316,1.006)=""
^DBTBL("SYSDEV",5,"DBSRPTLST","[SYSDEV,DBTBL5D]RID",316,1.007)=$C(9)_"// I18N=OFF: Excluded from I18N standards"
^DBTBL("SYSDEV",5,"DBSRPTLST","[SYSDEV,DBTBL5D]RID",316,1.008)=$C(9)_"set verror=0"
^DBTBL("SYSDEV",5,"DBSRPTLST","[SYSDEV,DBTBL5D]RID",316,1.009)=$C(9)_"for SEQ=91,111,31,51,71,201:20:281 do ZDBSPP5(SEQ,RID) quit:verror"
^DBTBL("SYSDEV",5,"DBSRPTLST","[SYSDEV,DBTBL5D]RID",316,1.01)=" "
^DBTBL("SYSDEV",5,"DBSRPTLST","[SYSDEV,DBTBL5D]RID",316,1.011)=$C(9)_"set ZPREPP="""""
^DBTBL("SYSDEV",5,"DBSRPTLST","[SYSDEV,DBTBL5D]RID",316,1.012)=$C(9)_"quit"
^DBTBL("SYSDEV",5,"DBSRPTLST","[SYSDEV,DBTBL5D]RID",316,1.013)=""
^DBTBL("SYSDEV",5,"DBSRPTLST","[SYSDEV,DBTBL5D]RID",316,1.014)="ZDBSPP5(Number SEQ,String RID)"_$C(9)_"/*"
^DBTBL("SYSDEV",5,"DBSRPTLST","[SYSDEV,DBTBL5D]RID",316,1.015)=$C(9)_"Arguments:"
^DBTBL("SYSDEV",5,"DBSRPTLST","[SYSDEV,DBTBL5D]RID",316,1.016)=$C(9,9)_". SEQ"_$C(9)_"User defined processors"
^DBTBL("SYSDEV",5,"DBSRPTLST","[SYSDEV,DBTBL5D]RID",316,1.017)=$C(9,9)_". RID"_$C(9)_"Report name"
^DBTBL("SYSDEV",5,"DBSRPTLST","[SYSDEV,DBTBL5D]RID",316,1.018)=$C(9)_"*/"
^DBTBL("SYSDEV",5,"DBSRPTLST","[SYSDEV,DBTBL5D]RID",316,1.019)=""
^DBTBL("SYSDEV",5,"DBSRPTLST","[SYSDEV,DBTBL5D]RID",316,1.02)=$C(9)_"type Public Number verror"
^DBTBL("SYSDEV",5,"DBSRPTLST","[SYSDEV,DBTBL5D]RID",316,1.021)=$C(9)_"type Public String VL"
^DBTBL("SYSDEV",5,"DBSRPTLST","[SYSDEV,DBTBL5D]RID",316,1.022)=$C(9)_"type Number END,START"
^DBTBL("SYSDEV",5,"DBSRPTLST","[SYSDEV,DBTBL5D]RID",316,1.023)=""
^DBTBL("SYSDEV",5,"DBSRPTLST","[SYSDEV,DBTBL5D]RID",316,1.024)=$C(9)_"set START=SEQ-.001,END=SEQ+20"
^DBTBL("SYSDEV",5,"DBSRPTLST","[SYSDEV,DBTBL5D]RID",316,1.025)=$C(9)_"// I18N=OFF"
^DBTBL("SYSDEV",5,"DBSRPTLST","[SYSDEV,DBTBL5D]RID",316,1.026)=$C(9)_"type ResultSet rs=Db.select(""DATA"",""DBTBL5PR"",""LIBS='SYSDEV' AND RID=:RID AND SEQ>:START AND SEQ<:END"",""SEQ ASC"")"
^DBTBL("SYSDEV",5,"DBSRPTLST","[SYSDEV,DBTBL5D]RID",316,1.027)=$C(9)_"quit:rs.isEmpty()"
^DBTBL("SYSDEV",5,"DBSRPTLST","[SYSDEV,DBTBL5D]RID",316,1.028)=$C(9)_"if SEQ=31 set VL=""Query"""
^DBTBL("SYSDEV",5,"DBSRPTLST","[SYSDEV,DBTBL5D]RID",316,1.029)=$C(9)_"else  if SEQ=51 set VL=""Report Pre-Processor (After QUERY)"""
^DBTBL("SYSDEV",5,"DBSRPTLST","[SYSDEV,DBTBL5D]RID",316,1.03)=$C(9)_"else  if SEQ=71 set VL=""Report Post-Processor"""
^DBTBL("SYSDEV",5,"DBSRPTLST","[SYSDEV,DBTBL5D]RID",316,1.031)=$C(9)_"else  if SEQ=91 set VL=""Documentation"""
^DBTBL("SYSDEV",5,"DBSRPTLST","[SYSDEV,DBTBL5D]RID",316,1.032)=$C(9)_"else  if SEQ=111 set VL=""Report Pre-Processor (Before QUERY)"""
^DBTBL("SYSDEV",5,"DBSRPTLST","[SYSDEV,DBTBL5D]RID",316,1.033)=$C(9)_"else  if SEQ=201 set VL=""OPEN Pre-Processor"""
^DBTBL("SYSDEV",5,"DBSRPTLST","[SYSDEV,DBTBL5D]RID",316,1.034)=$C(9)_"else  if SEQ=221 set VL=""OPEN post-Processor"""
^DBTBL("SYSDEV",5,"DBSRPTLST","[SYSDEV,DBTBL5D]RID",316,1.035)=$C(9)_"else  if SEQ=241 set VL=""FETCH Pre-Processor"""
^DBTBL("SYSDEV",5,"DBSRPTLST","[SYSDEV,DBTBL5D]RID",316,1.036)=$C(9)_"else  if SEQ=261 set VL=""FETCH post-Processor"""
^DBTBL("SYSDEV",5,"DBSRPTLST","[SYSDEV,DBTBL5D]RID",316,1.037)=$C(9)_"else  if SEQ=281 set VL=""PRINT Pre-Processor"""
^DBTBL("SYSDEV",5,"DBSRPTLST","[SYSDEV,DBTBL5D]RID",316,1.038)=$C(9)_"else  set VL="""""
^DBTBL("SYSDEV",5,"DBSRPTLST","[SYSDEV,DBTBL5D]RID",316,1.039)=$C(9)_"set VL=$J("""",25)_""<""_VL_"">"" do ZPPDSP quit:verror"
^DBTBL("SYSDEV",5,"DBSRPTLST","[SYSDEV,DBTBL5D]RID",316,1.04)=$C(9)_"set VL="" "" do ZPPDSP quit:verror"
^DBTBL("SYSDEV",5,"DBSRPTLST","[SYSDEV,DBTBL5D]RID",316,1.041)=$C(9)_"while rs.next() do { quit:verror"
^DBTBL("SYSDEV",5,"DBSRPTLST","[SYSDEV,DBTBL5D]RID",316,1.042)=$C(9,9)_"set VL=$J("""",25)_rs.getRow()"
^DBTBL("SYSDEV",5,"DBSRPTLST","[SYSDEV,DBTBL5D]RID",316,1.043)=$C(9,9)_"do ZPPDSP quit:verror"
^DBTBL("SYSDEV",5,"DBSRPTLST","[SYSDEV,DBTBL5D]RID",316,1.044)=$C(9,9)_"}"
^DBTBL("SYSDEV",5,"DBSRPTLST","[SYSDEV,DBTBL5D]RID",316,1.045)=$C(9)_"set VL="" "" do ZPPDSP quit:verror"
^DBTBL("SYSDEV",5,"DBSRPTLST","[SYSDEV,DBTBL5D]RID",316,1.046)=$C(9)_"quit"
^DBTBL("SYSDEV",5,"DBSRPTLST","[SYSDEV,DBTBL5D]RID",316,1.047)=""
^DBTBL("SYSDEV",5,"DBSRPTLST","[SYSDEV,DBTBL5D]RID",316,1.048)=$C(9)_"// I18N=ON"
^DBTBL("SYSDEV",5,"DBSRPTLST","[SYSDEV,DBTBL5D]RPTSEQ",0)="3,3,3"
